Case #1:
c.**
..**
****
****
****
Case #2:
c***
****
****
Case #3:
c..
...
...
...
***
Case #4:
Impossible
Case #5:
c.
..
..
..
**
Case #6:
c***
Case #7:
Impossible
Case #8:
c..*
...*
...*
Case #9:
c..*
Case #10:
c..*
...*
****
Case #11:
c**
***
***
Case #12:
c...
....
...*
Case #13:
c..
Case #14:
Impossible
Case #15:
c..**
...**
...**
*****
*****
Case #16:
c****
*****
*****
*****
Case #17:
c...*
....*
....*
....*
*****
Case #18:
Impossible
Case #19:
Impossible
Case #20:
c...
....
....
****
****
Case #21:
c....
Case #22:
Impossible
Case #23:
c.
..
**
**
**
Case #24:
c..**
...**
*****
*****
Case #25:
c...*
....*
...**
Case #26:
c*
Case #27:
c.**
Case #28:
Impossible
Case #29:
c
*
*
*
*
Case #30:
c...*
....*
....*
..***
Case #31:
Impossible
Case #32:
c...
....
....
....
Case #33:
c..
...
...
...
..*
Case #34:
Impossible
Case #35:
Impossible
Case #36:
c..**
...**
*****
*****
*****
Case #37:
Impossible
Case #38:
c..**
...**
..***
Case #39:
c....
.....
....*
....*
*****
Case #40:
c.***
..***
*****
Case #41:
c
*
*
*
Case #42:
Impossible
Case #43:
c.***
..***
Case #44:
Impossible
Case #45:
c..
...
...
..*
***
Case #46:
Impossible
Case #47:
c....
.....
.....
.....
.....
Case #48:
c.***
Case #49:
c
.
Case #50:
c....
.....
.....
.....
*****
Case #51:
c..**
...**
..***
*****
*****
Case #52:
Impossible
Case #53:
Impossible
Case #54:
Impossible
Case #55:
c.***
..***
*****
*****
*****
Case #56:
c..**
...**
...**
Case #57:
Impossible
Case #58:
Impossible
Case #59:
c....
.....
....*
Case #60:
c
.
*
*
Case #61:
Impossible
Case #62:
Impossible
Case #63:
Impossible
Case #64:
c..
...
..*
***
Case #65:
c
.
.
*
*
Case #66:
c..
...
...
***
***
Case #67:
Impossible
Case #68:
c.*
..*
***
Case #69:
Impossible
Case #70:
c***
****
****
****
Case #71:
Impossible
Case #72:
Impossible
Case #73:
c..*
...*
Case #74:
Impossible
Case #75:
c.**
..**
****
****
Case #76:
c..
...
...
..*
Case #77:
c..**
...**
...**
*****
Case #78:
c..
...
...
...
Case #79:
c...
....
....
....
...*
Case #80:
c
Case #81:
Impossible
Case #82:
c...*
....*
...**
*****
Case #83:
c....
.....
.....
.....
..***
Case #84:
Impossible
Case #85:
Impossible
Case #86:
Impossible
Case #87:
c.
..
Case #88:
Impossible
Case #89:
Impossible
Case #90:
c
.
*
*
*
Case #91:
c....
.....
....*
....*
Case #92:
c.
..
..
**
Case #93:
Impossible
Case #94:
Impossible
Case #95:
c.**
..**
Case #96:
c..
...
...
...
...
Case #97:
c.
..
**
Case #98:
c...
....
....
..**
****
Case #99:
Impossible
Case #100:
c****
*****
*****
Case #101:
Impossible
Case #102:
Impossible
Case #103:
c...
....
....
...*
****
Case #104:
Impossible
Case #105:
Impossible
Case #106:
c...*
Case #107:
c..
...
Case #108:
c*
**
Case #109:
c..
...
***
***
Case #110:
c
*
*
Case #111:
c**
***
***
***
***
Case #112:
c....
.....
.....
.....
....*
Case #113:
Impossible
Case #114:
c****
Case #115:
c***
****
****
****
****
Case #116:
c.
..
..
Case #117:
c..
...
...
***
Case #118:
c
.
.
.
.
Case #119:
c....
.....
.....
Case #120:
c..
...
***
***
***
Case #121:
c.
..
**
**
Case #122:
c...*
....*
....*
....*
Case #123:
c
.
.
Case #124:
c.
..
..
..
Case #125:
c
.
*
Case #126:
c...
....
...*
****
Case #127:
c..
...
***
Case #128:
c...*
....*
....*
...**
Case #129:
Impossible
Case #130:
c...*
....*
...**
*****
*****
Case #131:
Impossible
Case #132:
c..**
...**
..***
*****
Case #133:
c.**
..**
****
Case #134:
c..**
Case #135:
c..
...
..*
***
***
Case #136:
c...
....
....
****
Case #137:
Impossible
Case #138:
c....
.....
.....
....*
Case #139:
Impossible
Case #140:
Impossible
Case #141:
Impossible
Case #142:
Impossible
Case #143:
Impossible
Case #144:
c*
**
**
**
**
Case #145:
c...
....
...*
****
****
Case #146:
Impossible
Case #147:
Impossible
Case #148:
c..*
...*
..**
****
Case #149:
c.
..
..
**
**
Case #150:
c...
....
....
....
..**
Case #151:
c.*
..*
Case #152:
c*
**
**
**
Case #153:
c
.
.
.
Case #154:
Impossible
Case #155:
Impossible
Case #156:
c....
.....
.....
.....
...**
Case #157:
c****
*****
Case #158:
c....
.....
.....
.....
Case #159:
c...
....
....
....
****
Case #160:
c..
...
..*
Case #161:
Impossible
Case #162:
c
.
.
.
*
Case #163:
Impossible
Case #164:
c...
Case #165:
c.
Case #166:
c*
**
**
Case #167:
c.***
..***
*****
*****
Case #168:
Impossible
Case #169:
c.*
..*
***
***
Case #170:
Impossible
Case #171:
Impossible
Case #172:
Impossible
Case #173:
c.*
Case #174:
c....
.....
.....
....*
*****
Case #175:
c..*
...*
...*
****
Case #176:
Impossible
Case #177:
Impossible
Case #178:
Impossible
Case #179:
Impossible
Case #180:
c..**
...**
Case #181:
c**
***
***
***
Case #182:
Impossible
Case #183:
c**
***
Case #184:
c..*
...*
..**
Case #185:
c...
....
....
..**
Case #186:
c...*
....*
....*
*****
Case #187:
c...*
....*
....*
*****
*****
Case #188:
c...
....
....
Case #189:
c.
..
..
..
..
Case #190:
c..*
...*
****
****
Case #191:
c.*
..*
***
***
***
Case #192:
c****
*****
*****
*****
*****
Case #193:
Impossible
Case #194:
c...
....
Case #195:
Impossible
Case #196:
Impossible
Case #197:
c..**
...**
*****
Case #198:
c
*
Case #199:
Impossible
Case #200:
Impossible
Case #201:
Impossible
Case #202:
c...*
....*
....*
...**
*****
Case #203:
c...
....
....
....
....
Case #204:
Impossible
Case #205:
Impossible
Case #206:
c**
Case #207:
c..*
...*
****
****
****
Case #208:
Impossible
Case #209:
c
.
.
*
Case #210:
c..*
...*
...*
****
****
Case #211:
c..
...
...
Case #212:
Impossible
Case #213:
Impossible
Case #214:
c...
....
....
...*
Case #215:
Impossible
Case #216:
Impossible
Case #217:
c...*
....*
....*
Case #218:
Impossible
Case #219:
Impossible
Case #220:
c***
****
Case #221:
c...*
....*
....*
..***
*****
Case #222:
Impossible
Case #223:
c...*
....*
Case #224:
c....
.....
Case #225:
c..*
...*
..**
****
****
