Case #1: MamaPennys FakeCrosswalk DentalOffice NailPolishRoomBlock HotfixBar Harvest ShuttlePlatform ConstitutionDeli BlueBottle BridgeClub LateHarvest VerveCoffee SweetStop HalalTruck SwagStore FreshOrangeJuice ZucksOldOffice FukiSushiInOldenDays CafeEpic SaintFrank Arcade MPK20Roof FoxPainting SugarShack ZucksOffice FullCircle LivingTheDream Helpdesk WallOfPhones RainbowStairs
Case #2: TuringInDominoes VerveCoffee FukiSushiInOldenDays ShuttlePlatform TechVendingMachine ColdBrewMachine LightningBolts BridgeClub HotfixBar OculusDemoLab CafeEpic FakeCrosswalk SonOfPingAndPong FullCircle ZucksOffice Arcade SugarShack FoxGazebo MPK20Roof ConstitutionDeli WallOfPhones ChosHawkerCenter WoodenSculpture
Case #3: TechVendingMachine Arcade
Case #4: ConstitutionDeli VerveCoffee WoodenSculpture MPK20Roof LikeSign ZucksOffice Sol ZucksOldOffice MamaPennys
Case #5: MamaPennys FukiSushiInOldenDays FoxPainting
Case #6: FakeCrosswalk FreshOrangeJuice LightningBolts TuringInDominoes Sol SonOfPingAndPong ColdBrewMachine SaintFrank BahnAppetit
Case #7: MPK20Roof FreshOrangeJuice LightningBolts BahnAppetit WoodenSculpture TransportationHub Helpdesk CafeEpic WallOfPhones Arcade FullCircle Microkitchen SugarShack Nanokitchen BurgerShack SweetStop ZucksOffice Sol SaintFrank DentalOffice BlueBottle VerveCoffee
Case #8: HackerSquare OculusDemoLab ZucksOldOffice FakeCrosswalk BridgeClub Harvest LateHarvest WoodenSculpture ZucksOffice Microkitchen LightningBolts Sol BlueBottle FullCircle SaintFrank SonOfPingAndPong PopUpShop LivingTheDream TransportationHub LikeSign Arcade BurgerShack ConstitutionDeli Nanokitchen ChosHawkerCenter SweetStop CafeEpic DentalOffice MamaPennys RainbowStairs FoxGazebo NailPolishRoomBlock
Case #9: SugarShack SweetStop ConstitutionDeli BlueBottle TransportationHub Helpdesk SonOfPingAndPong FakeCrosswalk FoxGazebo MamaPennys TechVendingMachine VerveCoffee LightningBolts Nanokitchen FukiSushiInOldenDays OculusDemoLab PopUpShop Harvest Ballpit MPK20Roof RainbowStairs TuringInDominoes ChosHawkerCenter DentalOffice FoxPainting
Case #10: VerveCoffee FullCircle LikeSign
Case #11: PhilzCoffee CafeEpic FukiSushiInOldenDays Microkitchen RainbowStairs LivingTheDream WoodenSculpture FoxGazebo FoxPainting OculusDemoLab Sol SaintFrank FullCircle SweetStop ChosHawkerCenter ColdBrewMachine BahnAppetit Ballpit VerveCoffee TechVendingMachine PopUpShop TransportationHub ConstitutionDeli WallOfPhones FakeCrosswalk ZucksOldOffice MamaPennys NailPolishRoomBlock Helpdesk LikeSign HotfixBar LateHarvest Harvest Nanokitchen BridgeClub ZucksOffice BurgerShack DentalOffice Arcade ShuttlePlatform FreshOrangeJuice BlueBottle
Case #12: DentalOffice MamaPennys Microkitchen LightningBolts ConstitutionDeli Harvest FakeCrosswalk WoodenSculpture VerveCoffee PhilzCoffee CafeEpic SugarShack FoxPainting Arcade LateHarvest ColdBrewMachine SonOfPingAndPong
Case #13: FoxPainting BahnAppetit SweetStop LightningBolts ChosHawkerCenter ZucksOldOffice
Case #14: ChosHawkerCenter Arcade FoxGazebo FukiSushiInOldenDays WallOfPhones HackerSquare VerveCoffee BurgerShack HotfixBar FreshOrangeJuice WoodenSculpture
Case #15: DentalOffice Microkitchen TechVendingMachine Harvest PopUpShop SonOfPingAndPong ConstitutionDeli Helpdesk TuringInDominoes FoxPainting ZucksOldOffice SweetStop MamaPennys LikeSign TransportationHub BlueBottle LivingTheDream CafeEpic WoodenSculpture FukiSushiInOldenDays FoxGazebo SwagStore Sol SaintFrank RainbowStairs BurgerShack ShuttlePlatform BahnAppetit Nanokitchen LightningBolts PhilzCoffee Ballpit HotfixBar ColdBrewMachine FakeCrosswalk VerveCoffee FreshOrangeJuice OculusDemoLab FullCircle MPK20Roof LateHarvest SugarShack WallOfPhones ChosHawkerCenter NailPolishRoomBlock
Case #16: SaintFrank BlueBottle TransportationHub DentalOffice ColdBrewMachine MamaPennys
Case #17: BahnAppetit LightningBolts FakeCrosswalk SwagStore HotfixBar VerveCoffee FukiSushiInOldenDays ColdBrewMachine PopUpShop LikeSign WallOfPhones BlueBottle TechVendingMachine FullCircle Arcade
Case #18: SwagStore BahnAppetit Harvest BridgeClub ZucksOffice WallOfPhones TechVendingMachine LateHarvest Microkitchen Nanokitchen ZucksOldOffice NailPolishRoomBlock DentalOffice FoxPainting Arcade VerveCoffee BlueBottle ShuttlePlatform Sol SugarShack LightningBolts TuringInDominoes MPK20Roof WoodenSculpture FakeCrosswalk HotfixBar BurgerShack FreshOrangeJuice FoxGazebo LikeSign ChosHawkerCenter MamaPennys LivingTheDream PopUpShop FullCircle TransportationHub SweetStop RainbowStairs PhilzCoffee SaintFrank HackerSquare
Case #19: BahnAppetit HackerSquare ZucksOffice Arcade FoxPainting NailPolishRoomBlock SonOfPingAndPong BlueBottle FreshOrangeJuice Helpdesk DentalOffice MamaPennys MPK20Roof Ballpit SweetStop TechVendingMachine ChosHawkerCenter LivingTheDream FullCircle SaintFrank CafeEpic PopUpShop ShuttlePlatform WoodenSculpture SugarShack TransportationHub PhilzCoffee LikeSign
Case #20: Nanokitchen DentalOffice SwagStore BlueBottle FoxGazebo SonOfPingAndPong VerveCoffee ChosHawkerCenter NailPolishRoomBlock Microkitchen
Case #21: TransportationHub SonOfPingAndPong
Case #22: WallOfPhones HalalTruck SugarShack BurgerShack
Case #23: SweetStop
Case #24: VerveCoffee PopUpShop OculusDemoLab ZucksOldOffice ZucksOffice
Case #25: FukiSushiInOldenDays ColdBrewMachine FreshOrangeJuice CafeEpic SwagStore Helpdesk FullCircle MamaPennys BahnAppetit LateHarvest Harvest
Case #26: LivingTheDream ZucksOldOffice LightningBolts FukiSushiInOldenDays FreshOrangeJuice ZucksOffice FullCircle TechVendingMachine TransportationHub WallOfPhones MamaPennys
Case #27: SaintFrank SonOfPingAndPong WallOfPhones SweetStop VerveCoffee WoodenSculpture Nanokitchen
Case #28: PhilzCoffee SonOfPingAndPong LikeSign ChosHawkerCenter Sol ConstitutionDeli Arcade SugarShack LateHarvest DentalOffice TransportationHub LightningBolts Helpdesk VerveCoffee FukiSushiInOldenDays WallOfPhones BridgeClub WoodenSculpture BurgerShack TuringInDominoes HalalTruck CafeEpic TechVendingMachine ZucksOldOffice FoxPainting BlueBottle ShuttlePlatform SweetStop Ballpit ZucksOffice FreshOrangeJuice
Case #29: Microkitchen BurgerShack FukiSushiInOldenDays Nanokitchen HackerSquare Helpdesk
Case #30: CafeEpic
Case #31: SweetStop Harvest ZucksOffice OculusDemoLab HalalTruck Arcade BridgeClub MamaPennys SwagStore PhilzCoffee Sol CafeEpic LivingTheDream Microkitchen SugarShack NailPolishRoomBlock RainbowStairs BahnAppetit BlueBottle TransportationHub FullCircle ColdBrewMachine PopUpShop SaintFrank ChosHawkerCenter ZucksOldOffice Nanokitchen LateHarvest ConstitutionDeli FoxGazebo
Case #32: MPK20Roof ShuttlePlatform Sol TuringInDominoes FoxPainting WoodenSculpture Harvest Microkitchen SwagStore ZucksOffice BurgerShack Arcade
Case #33: SaintFrank HotfixBar Ballpit MPK20Roof PopUpShop ChosHawkerCenter HalalTruck FoxPainting Sol LivingTheDream SweetStop WallOfPhones HackerSquare LateHarvest TuringInDominoes LightningBolts ColdBrewMachine BurgerShack Nanokitchen
Case #34: PhilzCoffee HalalTruck Ballpit LivingTheDream SweetStop BridgeClub Nanokitchen SwagStore WallOfPhones SonOfPingAndPong Arcade ZucksOffice FakeCrosswalk
Case #35: WallOfPhones
Case #36: CafeEpic SonOfPingAndPong SweetStop
Case #37: LikeSign Arcade SwagStore
Case #38: TuringInDominoes Microkitchen BridgeClub FreshOrangeJuice
Case #39: OculusDemoLab Nanokitchen MPK20Roof CafeEpic LivingTheDream TuringInDominoes BurgerShack DentalOffice NailPolishRoomBlock Sol Harvest SonOfPingAndPong SwagStore FakeCrosswalk FoxGazebo TechVendingMachine FullCircle ZucksOldOffice ConstitutionDeli SugarShack PopUpShop FukiSushiInOldenDays ZucksOffice FoxPainting BlueBottle SweetStop MamaPennys RainbowStairs WallOfPhones LightningBolts SaintFrank ShuttlePlatform ChosHawkerCenter Arcade TransportationHub HackerSquare WoodenSculpture PhilzCoffee Microkitchen BahnAppetit
Case #40: SwagStore CafeEpic FullCircle WoodenSculpture Microkitchen VerveCoffee ZucksOffice PhilzCoffee SweetStop ColdBrewMachine SonOfPingAndPong HotfixBar SaintFrank BahnAppetit DentalOffice Ballpit Helpdesk ZucksOldOffice PopUpShop FoxPainting Nanokitchen LikeSign BridgeClub SugarShack
Case #41: LightningBolts VerveCoffee
Case #42: LightningBolts Ballpit PopUpShop TuringInDominoes VerveCoffee
Case #43: Microkitchen VerveCoffee HackerSquare PopUpShop
Case #44: CafeEpic SonOfPingAndPong FoxPainting BlueBottle Arcade SwagStore Sol BurgerShack FoxGazebo HotfixBar HalalTruck BridgeClub OculusDemoLab MPK20Roof Nanokitchen SugarShack ZucksOldOffice HackerSquare SaintFrank FakeCrosswalk Helpdesk ZucksOffice FukiSushiInOldenDays NailPolishRoomBlock LivingTheDream DentalOffice Harvest BahnAppetit WoodenSculpture PopUpShop LightningBolts MamaPennys FullCircle ConstitutionDeli Microkitchen PhilzCoffee WallOfPhones RainbowStairs VerveCoffee FreshOrangeJuice TransportationHub SweetStop TuringInDominoes
Case #45: CafeEpic Sol TransportationHub TuringInDominoes
Case #46: WoodenSculpture Harvest FukiSushiInOldenDays PopUpShop ShuttlePlatform BahnAppetit NailPolishRoomBlock SwagStore SugarShack
Case #47: ColdBrewMachine WoodenSculpture LightningBolts SweetStop BahnAppetit FukiSushiInOldenDays BurgerShack ConstitutionDeli ChosHawkerCenter ShuttlePlatform LikeSign MPK20Roof Ballpit Sol TechVendingMachine NailPolishRoomBlock
Case #48: ShuttlePlatform TechVendingMachine CafeEpic ConstitutionDeli MPK20Roof BlueBottle TuringInDominoes FukiSushiInOldenDays Nanokitchen LightningBolts FreshOrangeJuice
Case #49: Nanokitchen MPK20Roof BlueBottle Microkitchen BridgeClub ConstitutionDeli TechVendingMachine FukiSushiInOldenDays WallOfPhones SweetStop BurgerShack LikeSign Helpdesk OculusDemoLab HackerSquare MamaPennys PopUpShop ZucksOldOffice PhilzCoffee FullCircle NailPolishRoomBlock ChosHawkerCenter SwagStore
Case #50: PopUpShop PhilzCoffee MPK20Roof LightningBolts ChosHawkerCenter Microkitchen CafeEpic BlueBottle ZucksOffice BridgeClub Ballpit VerveCoffee ColdBrewMachine WoodenSculpture
Case #51: ChosHawkerCenter BlueBottle FukiSushiInOldenDays ZucksOldOffice LateHarvest WallOfPhones VerveCoffee ConstitutionDeli PopUpShop TechVendingMachine ZucksOffice ShuttlePlatform RainbowStairs FoxPainting MPK20Roof SwagStore Microkitchen BridgeClub ColdBrewMachine WoodenSculpture OculusDemoLab Harvest HackerSquare Sol SugarShack BurgerShack FreshOrangeJuice
Case #52: TuringInDominoes SonOfPingAndPong
Case #53: DentalOffice BahnAppetit WoodenSculpture LateHarvest BurgerShack ConstitutionDeli FoxGazebo VerveCoffee SweetStop
Case #54: BridgeClub WoodenSculpture DentalOffice FukiSushiInOldenDays BahnAppetit Nanokitchen LivingTheDream TuringInDominoes ShuttlePlatform ZucksOffice TechVendingMachine
Case #55: HalalTruck FreshOrangeJuice
Case #56: ZucksOffice SweetStop
Case #57: WallOfPhones RainbowStairs HackerSquare NailPolishRoomBlock DentalOffice ConstitutionDeli Harvest LivingTheDream BridgeClub Nanokitchen HalalTruck LightningBolts BurgerShack SonOfPingAndPong OculusDemoLab VerveCoffee ShuttlePlatform ZucksOffice TechVendingMachine TuringInDominoes LateHarvest Microkitchen
Case #58: Helpdesk NailPolishRoomBlock HalalTruck ChosHawkerCenter BurgerShack LateHarvest SweetStop FukiSushiInOldenDays Nanokitchen SonOfPingAndPong MamaPennys Sol FullCircle PopUpShop VerveCoffee MPK20Roof ShuttlePlatform HackerSquare RainbowStairs SugarShack ColdBrewMachine LivingTheDream WallOfPhones ZucksOldOffice Ballpit
Case #59: FoxGazebo MPK20Roof WoodenSculpture Biryani
Case #60: ConstitutionDeli LikeSign FoxGazebo BlueBottle BurgerShack Microkitchen TransportationHub TuringInDominoes SugarShack ZucksOldOffice HotfixBar LateHarvest LightningBolts NailPolishRoomBlock LivingTheDream FullCircle ZucksOffice CafeEpic SaintFrank SonOfPingAndPong OculusDemoLab Nanokitchen
Case #61: PopUpShop
Case #62: MamaPennys TechVendingMachine LikeSign BurgerShack NailPolishRoomBlock FoxPainting FukiSushiInOldenDays TuringInDominoes
Case #63: LikeSign Arcade SweetStop
Case #64: RainbowStairs WallOfPhones FoxGazebo Helpdesk Arcade Harvest NailPolishRoomBlock FullCircle PopUpShop OculusDemoLab SaintFrank MamaPennys Sol FoxPainting HalalTruck LateHarvest FakeCrosswalk SugarShack BlueBottle SweetStop TuringInDominoes CafeEpic LivingTheDream DentalOffice ZucksOffice SonOfPingAndPong Nanokitchen ColdBrewMachine MPK20Roof WoodenSculpture PhilzCoffee BahnAppetit SwagStore FreshOrangeJuice ConstitutionDeli ShuttlePlatform LightningBolts ZucksOldOffice LikeSign TechVendingMachine Ballpit
Case #65: Helpdesk SonOfPingAndPong MPK20Roof WoodenSculpture CafeEpic LivingTheDream HalalTruck FukiSushiInOldenDays OculusDemoLab
Case #66: ZucksOldOffice ChosHawkerCenter Harvest SonOfPingAndPong Nanokitchen TuringInDominoes HotfixBar MPK20Roof FoxGazebo Arcade HackerSquare Ballpit FukiSushiInOldenDays SugarShack CafeEpic Helpdesk ColdBrewMachine
Case #67: ZucksOldOffice ZucksOffice BlueBottle TransportationHub
Case #68: ShuttlePlatform NailPolishRoomBlock LightningBolts MamaPennys Microkitchen HalalTruck CafeEpic BahnAppetit PhilzCoffee SaintFrank BurgerShack FoxPainting HotfixBar FoxGazebo HackerSquare SwagStore LikeSign FullCircle Arcade VerveCoffee
Case #69: WallOfPhones ConstitutionDeli BridgeClub TuringInDominoes BahnAppetit ZucksOffice OculusDemoLab Microkitchen Arcade ShuttlePlatform NailPolishRoomBlock SweetStop SwagStore HackerSquare TechVendingMachine SonOfPingAndPong
Case #70: Arcade ConstitutionDeli HotfixBar
Case #71: WoodenSculpture MPK20Roof Harvest Nanokitchen
Case #72: Nanokitchen Arcade Ballpit SwagStore FreshOrangeJuice ShuttlePlatform LikeSign HotfixBar LivingTheDream RainbowStairs FoxPainting Harvest BahnAppetit VerveCoffee TransportationHub ConstitutionDeli CafeEpic SweetStop Helpdesk Sol FakeCrosswalk BurgerShack Microkitchen ColdBrewMachine MamaPennys
Case #73: WoodenSculpture SwagStore HotfixBar HalalTruck MPK20Roof MamaPennys SugarShack ConstitutionDeli
Case #74: ConstitutionDeli TuringInDominoes Harvest HackerSquare NailPolishRoomBlock Ballpit BlueBottle OculusDemoLab Nanokitchen TechVendingMachine BahnAppetit VerveCoffee HalalTruck LivingTheDream SugarShack FoxPainting LateHarvest SonOfPingAndPong DentalOffice HotfixBar BridgeClub LikeSign MamaPennys SwagStore RainbowStairs BurgerShack
Case #75: ColdBrewMachine ConstitutionDeli Harvest MamaPennys
Case #76: LikeSign SweetStop SwagStore
Case #77: HotfixBar RainbowStairs Sol SweetStop CafeEpic LivingTheDream ZucksOffice TuringInDominoes OculusDemoLab LightningBolts NailPolishRoomBlock DentalOffice Nanokitchen PhilzCoffee SwagStore BahnAppetit FreshOrangeJuice FoxGazebo VerveCoffee ShuttlePlatform FakeCrosswalk BurgerShack TransportationHub FukiSushiInOldenDays ColdBrewMachine PopUpShop SonOfPingAndPong Harvest BlueBottle ZucksOldOffice MPK20Roof ChosHawkerCenter TechVendingMachine SugarShack WoodenSculpture FoxPainting Arcade Helpdesk BridgeClub ConstitutionDeli Microkitchen SaintFrank HalalTruck LateHarvest LikeSign MamaPennys WallOfPhones
Case #78: PhilzCoffee TransportationHub ShuttlePlatform FreshOrangeJuice FakeCrosswalk Sol OculusDemoLab Harvest BlueBottle LikeSign LateHarvest ZucksOffice WoodenSculpture FukiSushiInOldenDays TechVendingMachine VerveCoffee ChosHawkerCenter ColdBrewMachine Helpdesk FoxPainting PopUpShop BahnAppetit ConstitutionDeli TuringInDominoes SugarShack HalalTruck ZucksOldOffice LightningBolts RainbowStairs FoxGazebo Nanokitchen HackerSquare LivingTheDream Microkitchen MamaPennys BurgerShack DentalOffice BridgeClub
Case #79: ShuttlePlatform NailPolishRoomBlock TechVendingMachine PopUpShop FukiSushiInOldenDays ChosHawkerCenter Arcade BridgeClub LightningBolts HotfixBar MPK20Roof
Case #80: ChosHawkerCenter FukiSushiInOldenDays HalalTruck TransportationHub LivingTheDream RainbowStairs ColdBrewMachine TechVendingMachine SugarShack
