21052
38088
1662
3356
7973
6125
74169
2111
23883
6692
11198
4194
2041
69491
36301
1945
44435
13279
8722
64637
3516
44574
7003
48609
5707
9901
56901
5674
8395
18047
86313
9495
40107
6829
77296
81989
1902
10604
25975
38698
99537
3978
4378
84589
33905
2521
86644
6441
35488
48988
17472
6647
46181
10316
7008
4624
7731
13485
46685
5179
9785
3406
67021
2933
7344
1483
48931
57214
1815
22366
11261
3368
2235
9953
20289
8908
9465
2818
87146
3111
7257
25896
12701
5818
99834
3288
7623
21449
8197
85795
79961
8635
1018
26975
97724
5258
3579
2092
3439
5625
