Case #1: BLF-AII AII-NTW NTW-HYY HYY-OJR
Case #2: MZG-ORJ ORJ-NOB NOB-HQD HQD-HTR HTR-JXT JXT-LNW LNW-HOA HOA-JKD JKD-AIA AIA-JRJ
Case #3: HOF-CDV CDV-MBV MBV-IAD IAD-CHX
Case #4: GOI-GKR GKR-ARQ ARQ-DTB DTB-CCU CCU-LGQ LGQ-ELX ELX-NVL
Case #5: BDE-OJY OJY-DQO DQO-KVC
Case #6: IPZ-MOO MOO-LPD LPD-KPK KPK-ODH ODH-GOB GOB-LIK LIK-JKW JKW-FBB FBB-ANM ANM-CAA
Case #7: GFM-KVE KVE-LDH LDH-KPJ KPJ-COO COO-JSI JSI-BMX BMX-CTJ
Case #8: KDW-JUY JUY-LBK LBK-MJS MJS-OAO OAO-DAA DAA-NPE NPE-BAN
Case #9: BXP-AAS AAS-DHQ DHQ-LFE LFE-LWJ LWJ-JNG JNG-AKE AKE-LOS
Case #10: BYS-ADR ADR-KRJ
Case #11: HRZ-EXJ EXJ-GCL GCL-IIS IIS-JNC
Case #12: EVE-OKV
Case #13: NXY-LEE
Case #14: IVH-IWE IWE-KZD
Case #15: NBH-ILB ILB-JOG JOG-AKE AKE-BGG BGG-FNN FNN-CGD CGD-LSS LSS-GDX
Case #16: LLW-FSF FSF-ICP ICP-IPG IPG-KAU KAU-GQU
Case #17: FNN-FFN FFN-LWH LWH-MZQ
Case #18: BVQ-OLY OLY-NOF NOF-LOX LOX-GIH GIH-LUR LUR-IJT IJT-JXK JXK-OKD
Case #19: HQB-OTA OTA-CPA CPA-GMO GMO-HEG HEG-NFO NFO-GYA GYA-EWQ EWQ-DPU DPU-EAT
Case #20: MBW-EXH EXH-DHN DHN-DRA DRA-HEM HEM-FOB FOB-LRM LRM-MBG MBG-MAA MAA-DIR
Case #21: GGW-LAG LAG-GUY GUY-EHY EHY-JEU JEU-BPO BPO-EOE EOE-ATS ATS-LTI LTI-BGM
Case #22: NYT-HOP HOP-OSO OSO-KGH KGH-FLM FLM-BXS BXS-CYN
Case #23: GLQ-IWU
Case #24: MNU-IOU IOU-NQD NQD-HCN
Case #25: HUR-OIJ OIJ-BWC
Case #26: FBN-KPE KPE-MVF MVF-GEP GEP-OTO OTO-JJR JJR-NMN NMN-DFI
Case #27: FCD-HSE HSE-EKT EKT-CIN CIN-CUV
Case #28: MRC-KLX KLX-NPI NPI-AIG
Case #29: ALY-KPY KPY-BZH BZH-LUF LUF-KUF KUF-HYC HYC-FRH FRH-FFN FFN-GFI GFI-BVY
Case #30: CAE-LVS LVS-GXL GXL-ODU ODU-EAX EAX-MLC MLC-CHK CHK-FUI
Case #31: AIS-CLJ CLJ-OGW OGW-HBF HBF-FWL FWL-FAQ FAQ-KSP KSP-OQZ OQZ-CAJ
Case #32: KXL-IJJ IJJ-CNI CNI-AKQ AKQ-LPY LPY-LTM
Case #33: IRR-OEU OEU-BUM BUM-NSB NSB-LNK LNK-EGX EGX-IFT IFT-AKW
Case #34: LBK-LJD LJD-MVP MVP-MZR MZR-IVV IVV-LWB LWB-FCB
Case #35: MKZ-JWC JWC-IVC IVC-BEA BEA-KKK KKK-DJM DJM-DFR DFR-EVP EVP-HVT HVT-KXK KXK-HUY
Case #36: IAB-JEW JEW-CLP CLP-CMU CMU-HLU HLU-MNO MNO-GQH
Case #37: AOD-NUW NUW-MNY MNY-LER LER-EIW EIW-OFB OFB-HYO HYO-MVF MVF-GLV GLV-FPX FPX-LOH
Case #38: FHE-OTD OTD-AOE AOE-GHI GHI-ISZ ISZ-FSO FSO-APL APL-KWT KWT-NCS NCS-EXX EXX-CZO
Case #39: OGB-IAW IAW-AIK AIK-CDK CDK-GEE GEE-LYL LYL-KJW KJW-NBA NBA-EGM
Case #40: CYN-MAW MAW-HOE HOE-IHC IHC-NEU NEU-NPA NPA-FOM
Case #41: MBL-KZG KZG-MYJ MYJ-CEU CEU-JZN JZN-AQZ AQZ-BOD BOD-EHT
Case #42: ALW-KVT KVT-FCN FCN-ILT ILT-GVF GVF-CFX CFX-GKB GKB-EIE EIE-MXC MXC-JXI JXI-AVU
Case #43: BVH-BUF BUF-DRQ DRQ-BYQ BYQ-LXJ LXJ-JFQ JFQ-FUS FUS-HYU HYU-ELW ELW-JZY JZY-KUC
Case #44: IXP-EHX EHX-IHQ IHQ-AUF AUF-FLW
Case #45: LDG-FMN
Case #46: DAT-BFM BFM-GPQ GPQ-BKB BKB-FSD
Case #47: KUL-FFK
Case #48: OLT-LRT LRT-ODK ODK-FSB FSB-LWS LWS-IKV IKV-BTV BTV-FNX FNX-LTU
Case #49: GIR-KUG KUG-OGE OGE-IVW IVW-BXG BXG-LBX LBX-KFM KFM-NRL
Case #50: BKH-AMC AMC-DRQ DRQ-OMP
Case #51: OGW-GWA GWA-AYR AYR-MYM MYM-GZR GZR-IJZ IJZ-AQT AQT-CGC CGC-IBG IBG-DDQ
Case #52: GKD-FFR FFR-CQO CQO-DYV
Case #53: NME-OOE OOE-KJP KJP-BAV BAV-JWC
Case #54: BZB-DSS DSS-EWW EWW-END END-LVW LVW-NNF NNF-IGN IGN-AUM AUM-MZE MZE-JGC JGC-FLJ
Case #55: LOI-LIU LIU-IUV
Case #56: ADF-IVL IVL-JRM JRM-LTW LTW-IPR IPR-OFV OFV-ALJ ALJ-LVH LVH-COZ
Case #57: HQH-KVM
Case #58: JNK-BBE BBE-OBC OBC-GQY GQY-HIR HIR-GAE GAE-KYG KYG-KEK KEK-KBC KBC-BCV BCV-MMM
Case #59: ECF-DXD DXD-ANQ
Case #60: NNY-FYG FYG-CKL CKL-BYZ BYZ-LPJ LPJ-KWM
Case #61: HKP-BLG BLG-MRI MRI-KZJ KZJ-GDM GDM-LCG LCG-KLU KLU-FUE FUE-MQE MQE-ELX
Case #62: LAO-JGC JGC-KUQ KUQ-CDS
Case #63: KQB-FUX FUX-IMR IMR-BBT BBT-HEM
Case #64: AYS-IPP IPP-IXN
Case #65: MTW-AEK AEK-GGU
Case #66: EXD-IIN IIN-FSJ FSJ-DWB DWB-LCS LCS-GFE GFE-GRY
Case #67: AEO-AYA AYA-FYS FYS-ATR ATR-NNP NNP-MHR MHR-LMO LMO-FMO FMO-GTS GTS-MCD MCD-JWY
Case #68: IWC-KCW KCW-INI
Case #69: BMP-BJT BJT-LGS LGS-AIX AIX-DRB DRB-MPE
Case #70: DCG-GFR GFR-GAP GAP-CUI CUI-DDY DDY-MHF MHF-AGC AGC-LIA LIA-OSN OSN-NPT NPT-IUW
Case #71: IPA-AER AER-KXO KXO-KUA KUA-DNI DNI-CXK CXK-CWW CWW-NJO NJO-HER HER-CDD CDD-IWA
Case #72: OUD-FOD FOD-AWX AWX-KIH KIH-EVQ EVQ-LVG LVG-LNU LNU-BDH BDH-ALD
Case #73: KXX-IKC IKC-HFD HFD-FJI FJI-CTR
Case #74: HHZ-LAV LAV-EIL EIL-HQN HQN-EWE EWE-KPJ KPJ-KXJ KXJ-DPZ DPZ-HCO
Case #75: MNM-MZL
Case #76: JLH-GFZ
Case #77: FEF-BMZ BMZ-HGC HGC-DQR DQR-LDM
Case #78: CKT-AJP AJP-JFD JFD-KIM KIM-FRH FRH-CRU CRU-JBU JBU-EPN
Case #79: NMB-BYD BYD-KID
Case #80: AVC-BOY BOY-LID LID-NHU NHU-LUQ
Case #81: AFF-LMT LMT-AFO AFO-DYH DYH-EFQ EFQ-CDA CDA-GED
Case #82: EFX-JED
Case #83: HJO-EKX EKX-CYZ CYZ-BPZ BPZ-DWV DWV-BVQ BVQ-ECS ECS-INO INO-FED FED-KPW
Case #84: ITB-HSH HSH-BZS BZS-EBJ EBJ-DUW
Case #85: LTU-AQP AQP-GDG GDG-BNK BNK-LZQ LZQ-FND
Case #86: ILB-FQZ FQZ-ECD ECD-ONX ONX-GHH GHH-ICE ICE-GEX GEX-CXW CXW-DOJ DOJ-OFG
Case #87: FBY-FDA FDA-CAT CAT-JQZ JQZ-LQL LQL-ALG ALG-KQM KQM-EHS
Case #88: HXO-LPC LPC-FPO FPO-MBR MBR-DFN DFN-CDP CDP-JVJ JVJ-IES IES-BSG BSG-NJA
Case #89: LXG-OON OON-IQP
Case #90: LSM-BZI BZI-FTB FTB-DZK DZK-DTA DTA-LQV LQV-LEQ LEQ-FZP FZP-HHP HHP-JDT
Case #91: HES-CFL CFL-LFP
Case #92: BEU-AXJ AXJ-KKC KKC-GCL GCL-MID MID-EMJ EMJ-NHB NHB-LSR LSR-JVG JVG-OIB OIB-CON
Case #93: ODG-NZE NZE-BJF BJF-IZL IZL-ADB ADB-FAR FAR-CTC CTC-JYR
Case #94: JAR-LMB
Case #95: DVE-FME FME-FMK FMK-NST NST-BJA BJA-DNR DNR-JSH JSH-GXN GXN-NCP
Case #96: FRT-JDX JDX-DGC DGC-MGB MGB-KFA
Case #97: AFO-MXI MXI-EIZ EIZ-KCJ
Case #98: FYW-BJG BJG-FOQ FOQ-FVA FVA-OUI OUI-OCJ
Case #99: GEP-EIL EIL-GVR GVR-NRF NRF-OJN OJN-IET IET-CWB CWB-DPS DPS-OMQ OMQ-NJQ NJQ-AZZ
Case #100: IEQ-APD APD-OAM OAM-AZV AZV-HSL HSL-HFC HFC-DBY DBY-JGJ JGJ-KXL KXL-NVJ NVJ-CKL CKL-MBU MBU-MSR MSR-OJV OJV-HKJ HKJ-JHN JHN-CKG CKG-IZF IZF-EQF EQF-GAM GAM-JVQ JVQ-NNY NNY-HLZ HLZ-CKJ CKJ-AQN AQN-NYW NYW-FCJ FCJ-IDK IDK-FLM FLM-MXX MXX-EVJ EVJ-NHK NHK-GZW GZW-BFF BFF-OAW OAW-OSU OSU-LUZ LUZ-HMG HMG-KYF KYF-OEV OEV-AGY AGY-IUE IUE-EWU EWU-KJU KJU-ASO ASO-IIY IIY-JST JST-KCN KCN-FRZ FRZ-IAY IAY-DEQ DEQ-MQU MQU-DIX DIX-BKF BKF-OBX OBX-CET CET-AET AET-AVC AVC-AGU AGU-GHR GHR-JCC JCC-KUV KUV-JOF JOF-ITJ ITJ-EBH EBH-BUF BUF-IKR IKR-BLI BLI-JOH JOH-GKS GKS-DYZ DYZ-GKL GKL-EMV EMV-ITK ITK-GSQ GSQ-NMN NMN-FXC FXC-ORO ORO-EZR EZR-MPT MPT-BZA BZA-ANS ANS-ALP ALP-ISG ISG-ADE ADE-KCV KCV-ACO ACO-GBN GBN-EGX EGX-IDU IDU-KHU KHU-HCP HCP-DFK DFK-AEY AEY-BFP BFP-JGS JGS-JIZ JIZ-LPY LPY-DHA DHA-MCF MCF-GAS
