Case #1: 9099999 9999990
Case #2: 999999999 999999999
Case #3: 123 321
Case #4: 174742259 974712254
Case #5: 102155104 542151100
Case #6: 139294502 993214502
Case #7: 269954340 969452340
Case #8: 224585223 824535222
Case #9: 338536400 834536300
Case #10: 169848756 968841756
Case #11: 300845476 830045476
Case #12: 133343270 731343230
Case #13: 10 10
Case #14: 15924058 98124055
Case #15: 0 0
Case #16: 109923857 989123057
Case #17: 164921687 964721681
Case #18: 263885686 823885666
Case #19: 499967987 999967487
Case #20: 242344656 642244653
