Case #1: 15 25
Case #2: 0 0
Case #3: 81 567
Case #4: 181 244
Case #5: 0 0
Case #6: 500 500
Case #7: 100 900
Case #8: 108 216
Case #9: 42 162
Case #10: 64 197
Case #11: 108 306
Case #12: 146 253
Case #13: 156 425
Case #14: 196 413
Case #15: 85 397
Case #16: 85 307
Case #17: 207 365
Case #18: 147 299
Case #19: 124 511
Case #20: 103 310
Case #21: 141 344
Case #22: 128 428
Case #23: 228 370
Case #24: 52 269
Case #25: 207 462
Case #26: 121 305
Case #27: 182 411
Case #28: 206 358
Case #29: 171 415
Case #30: 235 373
Case #31: 119 370
Case #32: 136 403
Case #33: 123 277
Case #34: 98 264
Case #35: 194 344
Case #36: 145 346
Case #37: 135 332
Case #38: 242 481
Case #39: 111 288
Case #40: 145 326
Case #41: 241 357
Case #42: 187 411
Case #43: 221 389
Case #44: 123 504
Case #45: 94 263
Case #46: 171 342
Case #47: 149 292
Case #48: 102 499
Case #49: 131 385
Case #50: 148 371
Case #51: 93 413
Case #52: 235 330
Case #53: 188 335
Case #54: 117 454
Case #55: 153 467
Case #56: 176 520
Case #57: 160 350
Case #58: 121 285
Case #59: 99 292
Case #60: 93 295
Case #61: 152 437
Case #62: 170 469
Case #63: 206 306
Case #64: 230 381
Case #65: 161 393
Case #66: 173 375
Case #67: 147 497
Case #68: 132 345
Case #69: 141 367
Case #70: 165 318
Case #71: 59 211
Case #72: 120 486
Case #73: 145 325
Case #74: 108 311
Case #75: 118 314
Case #76: 154 389
Case #77: 105 310
Case #78: 152 458
Case #79: 92 392
Case #80: 93 347
Case #81: 155 513
Case #82: 181 431
Case #83: 90 389
Case #84: 166 544
Case #85: 235 324
Case #86: 171 534
Case #87: 93 328
Case #88: 87 215
Case #89: 163 350
Case #90: 145 450
Case #91: 130 287
Case #92: 107 297
Case #93: 125 362
Case #94: 135 366
Case #95: 213 355
Case #96: 142 416
Case #97: 87 385
Case #98: 150 330
Case #99: 204 362
Case #100: 179 478
