Case #1: 15 25
Case #2: 0 0
Case #3: 81 567
Case #4: 181 244
Case #5: 0 0
Case #6: 5000000 5000000
Case #7: 10000 9990000
Case #8: 6812 14763
Case #9: 1736 7528
Case #10: 15212 38714
Case #11: 14417 48115
Case #12: 17924 26629
Case #13: 13089 35940
Case #14: 20685 57163
Case #15: 19169 50116
Case #16: 37454 51844
Case #17: 24134 42901
Case #18: 19288 58851
Case #19: 30378 53270
Case #20: 28399 90689
Case #21: 33759 63463
Case #22: 28840 77508
Case #23: 26033 65251
Case #24: 31918 76906
Case #25: 32005 95996
Case #26: 38178 114555
Case #27: 33905 96178
Case #28: 28214 90230
Case #29: 40919 99876
Case #30: 34473 134461
Case #31: 37674 136586
Case #32: 43781 136079
Case #33: 50279 143788
Case #34: 73208 137888
Case #35: 47682 112645
Case #36: 57173 158755
Case #37: 65273 158822
Case #38: 52800 162611
Case #39: 55654 182288
Case #40: 70000 222064
Case #41: 56374 211869
Case #42: 64719 168101
Case #43: 70810 164652
Case #44: 65253 179058
Case #45: 64986 200319
Case #46: 67047 222470
Case #47: 74692 214952
Case #48: 63808 218644
Case #49: 65094 203785
Case #50: 83041 209408
Case #51: 54775 209752
Case #52: 71180 195211
Case #53: 79416 204994
Case #54: 1660857 4929496
Case #55: 1621189 5116753
Case #56: 1643207 4843314
Case #57: 1732704 5080217
Case #58: 1625441 4884948
Case #59: 1655388 4945564
Case #60: 1726242 5016083
Case #61: 1695304 4952476
Case #62: 1699223 4946192
Case #63: 1695288 4864013
Case #64: 1644559 4892505
Case #65: 1654209 5129583
Case #66: 1670778 4988287
Case #67: 1698592 4985046
Case #68: 1643518 4994297
Case #69: 1687271 4793184
Case #70: 1738072 4998148
Case #71: 1635876 5029696
Case #72: 1655166 5059957
Case #73: 1744098 4982692
Case #74: 1701324 5199493
Case #75: 1609874 5108036
Case #76: 1586270 5000618
Case #77: 1726468 4778714
Case #78: 1622314 5084767
Case #79: 1749252 5164606
Case #80: 1682817 5108875
Case #81: 1625280 5112173
Case #82: 1685789 4945418
Case #83: 1648963 5100677
Case #84: 1757750 5131083
Case #85: 1664379 4855545
Case #86: 1603883 4953021
Case #87: 1630754 4993752
Case #88: 1700006 5143252
Case #89: 1714259 4977398
Case #90: 1715551 4894680
Case #91: 1697033 5008342
Case #92: 1607291 5067546
Case #93: 1604992 4799880
Case #94: 1694098 5023526
Case #95: 1688115 4797481
Case #96: 1663841 4731830
Case #97: 1721526 4890373
Case #98: 1638871 4957719
Case #99: 1721679 4939990
Case #100: 1633744 4933128
