9824 bbbb
60928 wwwww
6647 hhhh
8326 vvvv
5155 gggg
18993 cccc
3193 hhh
12160 llll
1832 qqq
30667 cccc
1611 ggg
7535 aaaa
7997 iiii
5112 xxxx
44025 yyyyy
11901 qqqq
42718 uuuu
12986 oooo
106 vvv
3634 xxxx
12890 ooooo
20345 cccc
401 ttt
9273 eeee
50552 uuuu
32979 yyyy
84 zzzz
1093 bbb
25126 mmmmm
57553 fffff
10567 eeee
27901 iiii
158 zzz
893 ttt
33334 uuuu
11530 nnnn
929 zzz
18003 lllll
52056 rrrrr
2 sss
20770 ffff
9198 cccc
48585 mmmm
18767 jjjj
24264 kkkk
7222 rrrr
601 jjj
22989 eeee
27613 qqqq
306 ppp
8357 qqqq
4820 kkkk
502 ooo
144 nnn
1474 nnnnn
3524 eeee
30350 oooo
2374 zzzz
51608 dddd
145 mmm
14 pp
6792 jjjj
2919 eeee
7050 eeee
11533 bbbb
67684 nnnnn
367 bbb
1274 ddd
16403 pppp
9558 dddd
6979 uuuu
1286 nnnn
32781 qqqq
1872 jjjj
37093 mmmm
29607 uuuu
25339 uuuu
134 mmm
622 rrr
101 zzz
10156 ffff
22636 nnnn
2422 jjjj
824 aaa
14482 jjjj
22548 xxxx
57546 ddddd
10182 yyyy
18876 gggg
3170 pppppppppppppppp
12353 vvvv
277 nnnn
3835 pppp
601 jjj
843 rrr
30822 hhhh
18475 wwww
51665 tttt
6064 gggg
3464 hhhh
