123.49 -68.01 1236.92
53.15 38.33 1346.73
-65.50 56.50 978.80
101.06 -37.69 1193.43
13.50 20.00 1262.32
106.11 95.01 1187.15
-352.23 -61.17 922.48
77.73 65.61 1134.09
78.58 -31.25 1310.40
-162.53 51.32 1253.51
-64.00 76.50 1212.03
-77.60 -153.09 1145.23
-107.50 -167.50 1181.38
74.96 30.03 1282.80
-87.00 -27.00 1314.41
11.09 -154.15 1233.11
0.50 0.50 1319.48
21.73 -22.74 1342.48
-78.04 -16.43 1213.38
-23.00 88.00 1225.88
-8.50 -56.00 1219.41
56.94 -147.24 1131.84
-23.14 5.58 1313.03
-56.28 -13.48 1084.17
-26.00 -27.50 1312.82
-75.00 43.00 1289.98
137.38 29.20 1176.45
10.67 11.19 1280.07
-105.50 29.00 1163.21
-45.63 5.73 1248.14
46.24 -56.98 966.24
15.28 -60.48 1184.97
-91.13 -37.43 1304.35
-52.00 -105.50 1272.48
-195.57 101.82 1110.67
37.00 -37.00 1275.97
64.59 -59.41 1284.47
26.38 -83.50 1291.27
-24.50 41.00 1280.26
10.14 77.99 1204.95
-44.34 155.27 1188.37
3.50 81.50 1134.50
-34.21 54.87 931.07
-64.66 51.98 1238.07
-17.00 24.00 1253.39
110.29 3.65 1172.18
-126.13 75.47 1187.61
-60.00 126.50 999.02
48.50 -2.00 1342.53
-48.50 -101.00 1258.30
-50.00 12.22 1257.10
18.50 37.00 1261.96
-203.71 123.97 1042.01
-192.08 -24.82 1069.43
65.29 55.62 1179.60
62.00 -16.50 1251.99
217.00 -202.50 983.90
28.00 -126.50 1227.89
-5.00 -6.50 1148.76
-40.66 -39.03 1186.16
-10.00 4.50 1371.57
-24.24 -5.14 1247.65
57.00 49.00 1301.87
-9.50 -50.50 1331.48
28.00 21.00 1237.51
57.00 -65.00 1262.19
-302.50 607.00 668.28
-39.72 6.83 1214.51
-111.87 -17.74 1213.31
17.50 64.00 1257.41
15.16 -46.15 1255.62
-108.57 -93.43 1226.21
2.97 -82.75 867.32
32.50 48.00 1314.27
18.81 122.99 1129.45
-147.43 27.31 1113.98
-63.00 28.00 1299.74
-80.50 20.50 1251.82
-110.00 119.50 1150.52
30.00 11.50 1304.94
-8.36 -8.50 1275.88
3.50 67.00 1280.26
-23.00 0.78 1268.71
-42.50 127.50 1175.93
-36.50 -110.50 1253.43
84.00 13.00 1208.97
1.75 61.24 1277.15
21.50 129.50 1264.36
104.31 63.05 1158.05
-594.28 -86.47 951.46
-42.00 54.00 1265.08
-100.50 -94.00 995.04
194.45 -102.44 996.07
17.42 -49.46 1325.32
-214.37 -230.64 963.70
-44.02 14.59 1020.77
-12.75 135.38 1080.88
68.65 35.35 1287.51
-57.50 -23.50 1340.76
-89.20 -52.84 1172.83
