Case #1: 330170277 458247558
Case #2: 128635484 500668215
Case #3: 1 0
Case #4: 678762874 810834988
Case #5: 407599208 416582650
Case #6: 944478903 247049988
Case #7: 16605071 73744548
Case #8: 150263723 650437050
Case #9: 285278399 723024629
Case #10: 617690761 720720066
Case #11: 370665806 539919518
Case #12: 798717050 797874213
Case #13: 460115761 208324196
Case #14: 319838403 319838403
Case #15: 132989766 947787397
Case #16: 1 0
Case #17: 326766250 712856433
Case #18: 428961024 264105011
Case #19: 992276375 336710496
Case #20: 216067901 112571416
