1: 1
2: 2
3: 3
4: 4
5: 4
6: 5
7: 5
8: 5
9: 6
10: 6
11: 6
12: 6
13: 7
14: 7
15: 7
16: 7
17: 7
18: 7
19: 8
20: 8
21: 8
22: 8
23: 8
24: 8
25: 8
26: 8
27: 8
28: 9
29: 9
30: 9
31: 9
32: 9
33: 9
34: 9
35: 9
36: 9
37: 9
38: 9
39: 9
40: 9
41: 10
42: 10
43: 10
44: 10
45: 10
46: 10
47: 10
48: 10
49: 10
50: 10
51: 10
52: 10
53: 10
54: 10
55: 10
56: 10
57: 10
58: 10
59: 10
60: 11
61: 11
62: 11
63: 11
64: 11
65: 11
66: 11
67: 11
68: 11
69: 11
70: 11
71: 11
72: 11
73: 11
74: 11
75: 11
76: 11
77: 11
78: 11
79: 11
80: 11
81: 11
82: 11
83: 11
84: 11
85: 11
86: 11
87: 11
88: 12
89: 12
90: 12
91: 12
92: 12
93: 12
94: 12
95: 12
96: 12
97: 12
98: 12
99: 12
100: 12
101: 12
102: 12
103: 12
104: 12
105: 12
106: 12
107: 12
108: 12
109: 12
110: 12
111: 12
112: 12
113: 12
114: 12
115: 12
116: 12
117: 12
118: 12
119: 12
120: 12
121: 12
122: 12
123: 12
124: 12
125: 12
126: 12
127: 12
128: 12
129: 13
130: 13
131: 13
132: 13
133: 13
134: 13
135: 13
136: 13
137: 13
138: 13
139: 13
140: 13
141: 13
142: 13
143: 13
144: 13
145: 13
146: 13
147: 13
148: 13
149: 13
150: 13
151: 13
152: 13
153: 13
154: 13
155: 13
156: 13
157: 13
158: 13
159: 13
160: 13
161: 13
162: 13
163: 13
164: 13
165: 13
166: 13
167: 13
168: 13
169: 13
170: 13
171: 13
172: 13
173: 13
174: 13
175: 13
176: 13
177: 13
178: 13
179: 13
180: 13
181: 13
182: 13
183: 13
184: 13
185: 13
186: 13
187: 13
188: 13
189: 14
190: 14
191: 14
192: 14
193: 14
194: 14
195: 14
196: 14
197: 14
198: 14
199: 14
200: 14
201: 14
202: 14
203: 14
204: 14
205: 14
206: 14
207: 14
208: 14
209: 14
210: 14
211: 14
212: 14
213: 14
214: 14
215: 14
216: 14
217: 14
218: 14
219: 14
220: 14
221: 14
222: 14
223: 14
224: 14
225: 14
226: 14
227: 14
228: 14
229: 14
230: 14
231: 14
232: 14
233: 14
234: 14
235: 14
236: 14
237: 14
238: 14
239: 14
240: 14
241: 14
242: 14
243: 14
244: 14
245: 14
246: 14
247: 14
248: 14
249: 14
250: 14
251: 14
252: 14
253: 14
254: 14
255: 14
256: 14
257: 14
258: 14
259: 14
260: 14
261: 14
262: 14
263: 14
264: 14
265: 14
266: 14
267: 14
268: 14
269: 14
270: 14
271: 14
272: 14
273: 14
274: 14
275: 14
276: 14
277: 15
278: 15
279: 15
280: 15
281: 15
282: 15
283: 15
284: 15
285: 15
286: 15
287: 15
288: 15
289: 15
290: 15
291: 15
292: 15
293: 15
294: 15
295: 15
296: 15
297: 15
298: 15
299: 15
300: 15
301: 15
302: 15
303: 15
304: 15
305: 15
306: 15
307: 15
308: 15
309: 15
310: 15
311: 15
312: 15
313: 15
314: 15
315: 15
316: 15
317: 15
318: 15
319: 15
320: 15
321: 15
322: 15
323: 15
324: 15
325: 15
326: 15
327: 15
328: 15
329: 15
330: 15
331: 15
332: 15
333: 15
334: 15
335: 15
336: 15
337: 15
338: 15
339: 15
340: 15
341: 15
342: 15
343: 15
344: 15
345: 15
346: 15
347: 15
348: 15
349: 15
350: 15
351: 15
352: 15
353: 15
354: 15
355: 15
356: 15
357: 15
358: 15
359: 15
360: 15
361: 15
362: 15
363: 15
364: 15
365: 15
366: 15
367: 15
368: 15
369: 15
370: 15
371: 15
372: 15
373: 15
374: 15
375: 15
376: 15
377: 15
378: 15
379: 15
380: 15
381: 15
382: 15
383: 15
384: 15
385: 15
386: 15
387: 15
388: 15
389: 15
390: 15
391: 15
392: 15
393: 15
394: 15
395: 15
396: 15
397: 15
398: 15
399: 15
400: 15
401: 15
402: 15
403: 15
404: 15
405: 15
406: 16
407: 16
408: 16
409: 16
410: 16
411: 16
412: 16
413: 16
414: 16
415: 16
416: 16
417: 16
418: 16
419: 16
420: 16
421: 16
422: 16
423: 16
424: 16
425: 16
426: 16
427: 16
428: 16
429: 16
430: 16
431: 16
432: 16
433: 16
434: 16
435: 16
436: 16
437: 16
438: 16
439: 16
440: 16
441: 16
442: 16
443: 16
444: 16
445: 16
446: 16
447: 16
448: 16
449: 16
450: 16
451: 16
452: 16
453: 16
454: 16
455: 16
456: 16
457: 16
458: 16
459: 16
460: 16
461: 16
462: 16
463: 16
464: 16
465: 16
466: 16
467: 16
468: 16
469: 16
470: 16
471: 16
472: 16
473: 16
474: 16
475: 16
476: 16
477: 16
478: 16
479: 16
480: 16
481: 16
482: 16
483: 16
484: 16
485: 16
486: 16
487: 16
488: 16
489: 16
490: 16
491: 16
492: 16
493: 16
494: 16
495: 16
496: 16
497: 16
498: 16
499: 16
500: 16
501: 16
502: 16
503: 16
504: 16
505: 16
506: 16
507: 16
508: 16
509: 16
510: 16
511: 16
512: 16
513: 16
514: 16
515: 16
516: 16
517: 16
518: 16
519: 16
520: 16
521: 16
522: 16
523: 16
524: 16
525: 16
526: 16
527: 16
528: 16
529: 16
530: 16
531: 16
532: 16
533: 16
534: 16
535: 16
536: 16
537: 16
538: 16
539: 16
540: 16
541: 16
542: 16
543: 16
544: 16
545: 16
546: 16
547: 16
548: 16
549: 16
550: 16
551: 16
552: 16
553: 16
554: 16
555: 16
556: 16
557: 16
558: 16
559: 16
560: 16
561: 16
562: 16
563: 16
564: 16
565: 16
566: 16
567: 16
568: 16
569: 16
570: 16
571: 16
572: 16
573: 16
574: 16
575: 16
576: 16
577: 16
578: 16
579: 16
580: 16
581: 16
582: 16
583: 16
584: 16
585: 16
586: 16
587: 16
588: 16
589: 16
590: 16
591: 16
592: 16
593: 16
594: 16
595: 17
596: 17
597: 17
598: 17
599: 17
600: 17
601: 17
602: 17
603: 17
604: 17
605: 17
606: 17
607: 17
608: 17
609: 17
610: 17
611: 17
612: 17
613: 17
614: 17
615: 17
616: 17
617: 17
618: 17
619: 17
620: 17
621: 17
622: 17
623: 17
624: 17
625: 17
626: 17
627: 17
628: 17
629: 17
630: 17
631: 17
632: 17
633: 17
634: 17
635: 17
636: 17
637: 17
638: 17
639: 17
640: 17
641: 17
642: 17
643: 17
644: 17
645: 17
646: 17
647: 17
648: 17
649: 17
650: 17
651: 17
652: 17
653: 17
654: 17
655: 17
656: 17
657: 17
658: 17
659: 17
660: 17
661: 17
662: 17
663: 17
664: 17
665: 17
666: 17
667: 17
668: 17
669: 17
670: 17
671: 17
672: 17
673: 17
674: 17
675: 17
676: 17
677: 17
678: 17
679: 17
680: 17
681: 17
682: 17
683: 17
684: 17
685: 17
686: 17
687: 17
688: 17
689: 17
690: 17
691: 17
692: 17
693: 17
694: 17
695: 17
696: 17
697: 17
698: 17
699: 17
700: 17
701: 17
702: 17
703: 17
704: 17
705: 17
706: 17
707: 17
708: 17
709: 17
710: 17
711: 17
712: 17
713: 17
714: 17
715: 17
716: 17
717: 17
718: 17
719: 17
720: 17
721: 17
722: 17
723: 17
724: 17
725: 17
726: 17
727: 17
728: 17
729: 17
730: 17
731: 17
732: 17
733: 17
734: 17
735: 17
736: 17
737: 17
738: 17
739: 17
740: 17
741: 17
742: 17
743: 17
744: 17
745: 17
746: 17
747: 17
748: 17
749: 17
750: 17
751: 17
752: 17
753: 17
754: 17
755: 17
756: 17
757: 17
758: 17
759: 17
760: 17
761: 17
762: 17
763: 17
764: 17
765: 17
766: 17
767: 17
768: 17
769: 17
770: 17
771: 17
772: 17
773: 17
774: 17
775: 17
776: 17
777: 17
778: 17
779: 17
780: 17
781: 17
782: 17
783: 17
784: 17
785: 17
786: 17
787: 17
788: 17
789: 17
790: 17
791: 17
792: 17
793: 17
794: 17
795: 17
796: 17
797: 17
798: 17
799: 17
800: 17
801: 17
802: 17
803: 17
804: 17
805: 17
806: 17
807: 17
808: 17
809: 17
810: 17
811: 17
812: 17
813: 17
814: 17
815: 17
816: 17
817: 17
818: 17
819: 17
820: 17
821: 17
822: 17
823: 17
824: 17
825: 17
826: 17
827: 17
828: 17
829: 17
830: 17
831: 17
832: 17
833: 17
834: 17
835: 17
836: 17
837: 17
838: 17
839: 17
840: 17
841: 17
842: 17
843: 17
844: 17
845: 17
846: 17
847: 17
848: 17
849: 17
850: 17
851: 17
852: 17
853: 17
854: 17
855: 17
856: 17
857: 17
858: 17
859: 17
860: 17
861: 17
862: 17
863: 17
864: 17
865: 17
866: 17
867: 17
868: 17
869: 17
870: 17
871: 17
872: 18
873: 18
874: 18
875: 18
876: 18
877: 18
878: 18
879: 18
880: 18
881: 18
882: 18
883: 18
884: 18
885: 18
886: 18
887: 18
888: 18
889: 18
890: 18
891: 18
892: 18
893: 18
894: 18
895: 18
896: 18
897: 18
898: 18
899: 18
900: 18
901: 18
902: 18
903: 18
904: 18
905: 18
906: 18
907: 18
908: 18
909: 18
910: 18
911: 18
912: 18
913: 18
914: 18
915: 18
916: 18
917: 18
918: 18
919: 18
920: 18
921: 18
922: 18
923: 18
924: 18
925: 18
926: 18
927: 18
928: 18
929: 18
930: 18
931: 18
932: 18
933: 18
934: 18
935: 18
936: 18
937: 18
938: 18
939: 18
940: 18
941: 18
942: 18
943: 18
944: 18
945: 18
946: 18
947: 18
948: 18
949: 18
950: 18
951: 18
952: 18
953: 18
954: 18
955: 18
956: 18
957: 18
958: 18
959: 18
960: 18
961: 18
962: 18
963: 18
964: 18
965: 18
966: 18
967: 18
968: 18
969: 18
970: 18
971: 18
972: 18
973: 18
974: 18
975: 18
976: 18
977: 18
978: 18
979: 18
980: 18
981: 18
982: 18
983: 18
984: 18
985: 18
986: 18
987: 18
988: 18
989: 18
990: 18
991: 18
992: 18
993: 18
994: 18
995: 18
996: 18
997: 18
998: 18
999: 18
1000: 18
1001: 18
1002: 18
1003: 18
1004: 18
1005: 18
1006: 18
1007: 18
1008: 18
1009: 18
1010: 18
1011: 18
1012: 18
1013: 18
1014: 18
1015: 18
1016: 18
1017: 18
1018: 18
1019: 18
1020: 18
1021: 18
1022: 18
1023: 18
1024: 18
1025: 18
1026: 18
1027: 18
1028: 18
1029: 18
1030: 18
1031: 18
1032: 18
1033: 18
1034: 18
1035: 18
1036: 18
1037: 18
1038: 18
1039: 18
1040: 18
1041: 18
1042: 18
1043: 18
1044: 18
1045: 18
1046: 18
1047: 18
1048: 18
1049: 18
1050: 18
1051: 18
1052: 18
1053: 18
1054: 18
1055: 18
1056: 18
1057: 18
1058: 18
1059: 18
1060: 18
1061: 18
1062: 18
1063: 18
1064: 18
1065: 18
1066: 18
1067: 18
1068: 18
1069: 18
1070: 18
1071: 18
1072: 18
1073: 18
1074: 18
1075: 18
1076: 18
1077: 18
1078: 18
1079: 18
1080: 18
1081: 18
1082: 18
1083: 18
1084: 18
1085: 18
1086: 18
1087: 18
1088: 18
1089: 18
1090: 18
1091: 18
1092: 18
1093: 18
1094: 18
1095: 18
1096: 18
1097: 18
1098: 18
1099: 18
1100: 18
1101: 18
1102: 18
1103: 18
1104: 18
1105: 18
1106: 18
1107: 18
1108: 18
1109: 18
1110: 18
1111: 18
1112: 18
1113: 18
1114: 18
1115: 18
1116: 18
1117: 18
1118: 18
1119: 18
1120: 18
1121: 18
1122: 18
1123: 18
1124: 18
1125: 18
1126: 18
1127: 18
1128: 18
1129: 18
1130: 18
1131: 18
1132: 18
1133: 18
1134: 18
1135: 18
1136: 18
1137: 18
1138: 18
1139: 18
1140: 18
1141: 18
1142: 18
1143: 18
1144: 18
1145: 18
1146: 18
1147: 18
1148: 18
1149: 18
1150: 18
1151: 18
1152: 18
1153: 18
1154: 18
1155: 18
1156: 18
1157: 18
1158: 18
1159: 18
1160: 18
1161: 18
1162: 18
1163: 18
1164: 18
1165: 18
1166: 18
1167: 18
1168: 18
1169: 18
1170: 18
1171: 18
1172: 18
1173: 18
1174: 18
1175: 18
1176: 18
1177: 18
1178: 18
1179: 18
1180: 18
1181: 18
1182: 18
1183: 18
1184: 18
1185: 18
1186: 18
1187: 18
1188: 18
1189: 18
1190: 18
1191: 18
1192: 18
1193: 18
1194: 18
1195: 18
1196: 18
1197: 18
1198: 18
1199: 18
1200: 18
1201: 18
1202: 18
1203: 18
1204: 18
1205: 18
1206: 18
1207: 18
1208: 18
1209: 18
1210: 18
1211: 18
1212: 18
1213: 18
1214: 18
1215: 18
1216: 18
1217: 18
1218: 18
1219: 18
1220: 18
1221: 18
1222: 18
1223: 18
1224: 18
1225: 18
1226: 18
1227: 18
1228: 18
1229: 18
1230: 18
1231: 18
1232: 18
1233: 18
1234: 18
1235: 18
1236: 18
1237: 18
1238: 18
1239: 18
1240: 18
1241: 18
1242: 18
1243: 18
1244: 18
1245: 18
1246: 18
1247: 18
1248: 18
1249: 18
1250: 18
1251: 18
1252: 18
1253: 18
1254: 18
1255: 18
1256: 18
1257: 18
1258: 18
1259: 18
1260: 18
1261: 18
1262: 18
1263: 18
1264: 18
1265: 18
1266: 18
1267: 18
1268: 18
1269: 18
1270: 18
1271: 18
1272: 18
1273: 18
1274: 18
1275: 18
1276: 18
1277: 18
1278: 19
1279: 19
1280: 19
1281: 19
1282: 19
1283: 19
1284: 19
1285: 19
1286: 19
1287: 19
1288: 19
1289: 19
1290: 19
1291: 19
1292: 19
1293: 19
1294: 19
1295: 19
1296: 19
1297: 19
1298: 19
1299: 19
1300: 19
1301: 19
1302: 19
1303: 19
1304: 19
1305: 19
1306: 19
1307: 19
1308: 19
1309: 19
1310: 19
1311: 19
1312: 19
1313: 19
1314: 19
1315: 19
1316: 19
1317: 19
1318: 19
1319: 19
1320: 19
1321: 19
1322: 19
1323: 19
1324: 19
1325: 19
1326: 19
1327: 19
1328: 19
1329: 19
1330: 19
1331: 19
1332: 19
1333: 19
1334: 19
1335: 19
1336: 19
1337: 19
1338: 19
1339: 19
1340: 19
1341: 19
1342: 19
1343: 19
1344: 19
1345: 19
1346: 19
1347: 19
1348: 19
1349: 19
1350: 19
1351: 19
1352: 19
1353: 19
1354: 19
1355: 19
1356: 19
1357: 19
1358: 19
1359: 19
1360: 19
1361: 19
1362: 19
1363: 19
1364: 19
1365: 19
1366: 19
1367: 19
1368: 19
1369: 19
1370: 19
1371: 19
1372: 19
1373: 19
1374: 19
1375: 19
1376: 19
1377: 19
1378: 19
1379: 19
1380: 19
1381: 19
1382: 19
1383: 19
1384: 19
1385: 19
1386: 19
1387: 19
1388: 19
1389: 19
1390: 19
1391: 19
1392: 19
1393: 19
1394: 19
1395: 19
1396: 19
1397: 19
1398: 19
1399: 19
1400: 19
1401: 19
1402: 19
1403: 19
1404: 19
1405: 19
1406: 19
1407: 19
1408: 19
1409: 19
1410: 19
1411: 19
1412: 19
1413: 19
1414: 19
1415: 19
1416: 19
1417: 19
1418: 19
1419: 19
1420: 19
1421: 19
1422: 19
1423: 19
1424: 19
1425: 19
1426: 19
1427: 19
1428: 19
1429: 19
1430: 19
1431: 19
1432: 19
1433: 19
1434: 19
1435: 19
1436: 19
1437: 19
1438: 19
1439: 19
1440: 19
1441: 19
1442: 19
1443: 19
1444: 19
1445: 19
1446: 19
1447: 19
1448: 19
1449: 19
1450: 19
1451: 19
1452: 19
1453: 19
1454: 19
1455: 19
1456: 19
1457: 19
1458: 19
1459: 19
1460: 19
1461: 19
1462: 19
1463: 19
1464: 19
1465: 19
1466: 19
1467: 19
1468: 19
1469: 19
1470: 19
1471: 19
1472: 19
1473: 19
1474: 19
1475: 19
1476: 19
1477: 19
1478: 19
1479: 19
1480: 19
1481: 19
1482: 19
1483: 19
1484: 19
1485: 19
1486: 19
1487: 19
1488: 19
1489: 19
1490: 19
1491: 19
1492: 19
1493: 19
1494: 19
1495: 19
1496: 19
1497: 19
1498: 19
1499: 19
1500: 19
1501: 19
1502: 19
1503: 19
1504: 19
1505: 19
1506: 19
1507: 19
1508: 19
1509: 19
1510: 19
1511: 19
1512: 19
1513: 19
1514: 19
1515: 19
1516: 19
1517: 19
1518: 19
1519: 19
1520: 19
1521: 19
1522: 19
1523: 19
1524: 19
1525: 19
1526: 19
1527: 19
1528: 19
1529: 19
1530: 19
1531: 19
1532: 19
1533: 19
1534: 19
1535: 19
1536: 19
1537: 19
1538: 19
1539: 19
1540: 19
1541: 19
1542: 19
1543: 19
1544: 19
1545: 19
1546: 19
1547: 19
1548: 19
1549: 19
1550: 19
1551: 19
1552: 19
1553: 19
1554: 19
1555: 19
1556: 19
1557: 19
1558: 19
1559: 19
1560: 19
1561: 19
1562: 19
1563: 19
1564: 19
1565: 19
1566: 19
1567: 19
1568: 19
1569: 19
1570: 19
1571: 19
1572: 19
1573: 19
1574: 19
1575: 19
1576: 19
1577: 19
1578: 19
1579: 19
1580: 19
1581: 19
1582: 19
1583: 19
1584: 19
1585: 19
1586: 19
1587: 19
1588: 19
1589: 19
1590: 19
1591: 19
1592: 19
1593: 19
1594: 19
1595: 19
1596: 19
1597: 19
1598: 19
1599: 19
1600: 19
1601: 19
1602: 19
1603: 19
1604: 19
1605: 19
1606: 19
1607: 19
1608: 19
1609: 19
1610: 19
1611: 19
1612: 19
1613: 19
1614: 19
1615: 19
1616: 19
1617: 19
1618: 19
1619: 19
1620: 19
1621: 19
1622: 19
1623: 19
1624: 19
1625: 19
1626: 19
1627: 19
1628: 19
1629: 19
1630: 19
1631: 19
1632: 19
1633: 19
1634: 19
1635: 19
1636: 19
1637: 19
1638: 19
1639: 19
1640: 19
1641: 19
1642: 19
1643: 19
1644: 19
1645: 19
1646: 19
1647: 19
1648: 19
1649: 19
1650: 19
1651: 19
1652: 19
1653: 19
1654: 19
1655: 19
1656: 19
1657: 19
1658: 19
1659: 19
1660: 19
1661: 19
1662: 19
1663: 19
1664: 19
1665: 19
1666: 19
1667: 19
1668: 19
1669: 19
1670: 19
1671: 19
1672: 19
1673: 19
1674: 19
1675: 19
1676: 19
1677: 19
1678: 19
1679: 19
1680: 19
1681: 19
1682: 19
1683: 19
1684: 19
1685: 19
1686: 19
1687: 19
1688: 19
1689: 19
1690: 19
1691: 19
1692: 19
1693: 19
1694: 19
1695: 19
1696: 19
1697: 19
1698: 19
1699: 19
1700: 19
1701: 19
1702: 19
1703: 19
1704: 19
1705: 19
1706: 19
1707: 19
1708: 19
1709: 19
1710: 19
1711: 19
1712: 19
1713: 19
1714: 19
1715: 19
1716: 19
1717: 19
1718: 19
1719: 19
1720: 19
1721: 19
1722: 19
1723: 19
1724: 19
1725: 19
1726: 19
1727: 19
1728: 19
1729: 19
1730: 19
1731: 19
1732: 19
1733: 19
1734: 19
1735: 19
1736: 19
1737: 19
1738: 19
1739: 19
1740: 19
1741: 19
1742: 19
1743: 19
1744: 19
1745: 19
1746: 19
1747: 19
1748: 19
1749: 19
1750: 19
1751: 19
1752: 19
1753: 19
1754: 19
1755: 19
1756: 19
1757: 19
1758: 19
1759: 19
1760: 19
1761: 19
1762: 19
1763: 19
1764: 19
1765: 19
1766: 19
1767: 19
1768: 19
1769: 19
1770: 19
1771: 19
1772: 19
1773: 19
1774: 19
1775: 19
1776: 19
1777: 19
1778: 19
1779: 19
1780: 19
1781: 19
1782: 19
1783: 19
1784: 19
1785: 19
1786: 19
1787: 19
1788: 19
1789: 19
1790: 19
1791: 19
1792: 19
1793: 19
1794: 19
1795: 19
1796: 19
1797: 19
1798: 19
1799: 19
1800: 19
1801: 19
1802: 19
1803: 19
1804: 19
1805: 19
1806: 19
1807: 19
1808: 19
1809: 19
1810: 19
1811: 19
1812: 19
1813: 19
1814: 19
1815: 19
1816: 19
1817: 19
1818: 19
1819: 19
1820: 19
1821: 19
1822: 19
1823: 19
1824: 19
1825: 19
1826: 19
1827: 19
1828: 19
1829: 19
1830: 19
1831: 19
1832: 19
1833: 19
1834: 19
1835: 19
1836: 19
1837: 19
1838: 19
1839: 19
1840: 19
1841: 19
1842: 19
1843: 19
1844: 19
1845: 19
1846: 19
1847: 19
1848: 19
1849: 19
1850: 19
1851: 19
1852: 19
1853: 19
1854: 19
1855: 19
1856: 19
1857: 19
1858: 19
1859: 19
1860: 19
1861: 19
1862: 19
1863: 19
1864: 19
1865: 19
1866: 19
1867: 19
1868: 19
1869: 19
1870: 19
1871: 19
1872: 19
1873: 20
1874: 20
1875: 20
1876: 20
1877: 20
1878: 20
1879: 20
1880: 20
1881: 20
1882: 20
1883: 20
1884: 20
1885: 20
1886: 20
1887: 20
1888: 20
1889: 20
1890: 20
1891: 20
1892: 20
1893: 20
1894: 20
1895: 20
1896: 20
1897: 20
1898: 20
1899: 20
1900: 20
1901: 20
1902: 20
1903: 20
1904: 20
1905: 20
1906: 20
1907: 20
1908: 20
1909: 20
1910: 20
1911: 20
1912: 20
1913: 20
1914: 20
1915: 20
1916: 20
1917: 20
1918: 20
1919: 20
1920: 20
1921: 20
1922: 20
1923: 20
1924: 20
1925: 20
1926: 20
1927: 20
1928: 20
1929: 20
1930: 20
1931: 20
1932: 20
1933: 20
1934: 20
1935: 20
1936: 20
1937: 20
1938: 20
1939: 20
1940: 20
1941: 20
1942: 20
1943: 20
1944: 20
1945: 20
1946: 20
1947: 20
1948: 20
1949: 20
1950: 20
1951: 20
1952: 20
1953: 20
1954: 20
1955: 20
1956: 20
1957: 20
1958: 20
1959: 20
1960: 20
1961: 20
1962: 20
1963: 20
1964: 20
1965: 20
1966: 20
1967: 20
1968: 20
1969: 20
1970: 20
1971: 20
1972: 20
1973: 20
1974: 20
1975: 20
1976: 20
1977: 20
1978: 20
1979: 20
1980: 20
1981: 20
1982: 20
1983: 20
1984: 20
1985: 20
1986: 20
1987: 20
1988: 20
1989: 20
1990: 20
1991: 20
1992: 20
1993: 20
1994: 20
1995: 20
1996: 20
1997: 20
1998: 20
1999: 20
2000: 20
2001: 20
2002: 20
2003: 20
2004: 20
2005: 20
2006: 20
2007: 20
2008: 20
2009: 20
2010: 20
2011: 20
2012: 20
2013: 20
2014: 20
2015: 20
2016: 20
2017: 20
2018: 20
2019: 20
2020: 20
2021: 20
2022: 20
2023: 20
2024: 20
2025: 20
2026: 20
2027: 20
2028: 20
2029: 20
2030: 20
2031: 20
2032: 20
2033: 20
2034: 20
2035: 20
2036: 20
2037: 20
2038: 20
2039: 20
2040: 20
2041: 20
2042: 20
2043: 20
2044: 20
2045: 20
2046: 20
2047: 20
2048: 20
2049: 20
2050: 20
2051: 20
2052: 20
2053: 20
2054: 20
2055: 20
2056: 20
2057: 20
2058: 20
2059: 20
2060: 20
2061: 20
2062: 20
2063: 20
2064: 20
2065: 20
2066: 20
2067: 20
2068: 20
2069: 20
2070: 20
2071: 20
2072: 20
2073: 20
2074: 20
2075: 20
2076: 20
2077: 20
2078: 20
2079: 20
2080: 20
2081: 20
2082: 20
2083: 20
2084: 20
2085: 20
2086: 20
2087: 20
2088: 20
2089: 20
2090: 20
2091: 20
2092: 20
2093: 20
2094: 20
2095: 20
2096: 20
2097: 20
2098: 20
2099: 20
2100: 20
2101: 20
2102: 20
2103: 20
2104: 20
2105: 20
2106: 20
2107: 20
2108: 20
2109: 20
2110: 20
2111: 20
2112: 20
2113: 20
2114: 20
2115: 20
2116: 20
2117: 20
2118: 20
2119: 20
2120: 20
2121: 20
2122: 20
2123: 20
2124: 20
2125: 20
2126: 20
2127: 20
2128: 20
2129: 20
2130: 20
2131: 20
2132: 20
2133: 20
2134: 20
2135: 20
2136: 20
2137: 20
2138: 20
2139: 20
2140: 20
2141: 20
2142: 20
2143: 20
2144: 20
2145: 20
2146: 20
2147: 20
2148: 20
2149: 20
2150: 20
2151: 20
2152: 20
2153: 20
2154: 20
2155: 20
2156: 20
2157: 20
2158: 20
2159: 20
2160: 20
2161: 20
2162: 20
2163: 20
2164: 20
2165: 20
2166: 20
2167: 20
2168: 20
2169: 20
2170: 20
2171: 20
2172: 20
2173: 20
2174: 20
2175: 20
2176: 20
2177: 20
2178: 20
2179: 20
2180: 20
2181: 20
2182: 20
2183: 20
2184: 20
2185: 20
2186: 20
2187: 20
2188: 20
2189: 20
2190: 20
2191: 20
2192: 20
2193: 20
2194: 20
2195: 20
2196: 20
2197: 20
2198: 20
2199: 20
2200: 20
2201: 20
2202: 20
2203: 20
2204: 20
2205: 20
2206: 20
2207: 20
2208: 20
2209: 20
2210: 20
2211: 20
2212: 20
2213: 20
2214: 20
2215: 20
2216: 20
2217: 20
2218: 20
2219: 20
2220: 20
2221: 20
2222: 20
2223: 20
2224: 20
2225: 20
2226: 20
2227: 20
2228: 20
2229: 20
2230: 20
2231: 20
2232: 20
2233: 20
2234: 20
2235: 20
2236: 20
2237: 20
2238: 20
2239: 20
2240: 20
2241: 20
2242: 20
2243: 20
2244: 20
2245: 20
2246: 20
2247: 20
2248: 20
2249: 20
2250: 20
2251: 20
2252: 20
2253: 20
2254: 20
2255: 20
2256: 20
2257: 20
2258: 20
2259: 20
2260: 20
2261: 20
2262: 20
2263: 20
2264: 20
2265: 20
2266: 20
2267: 20
2268: 20
2269: 20
2270: 20
2271: 20
2272: 20
2273: 20
2274: 20
2275: 20
2276: 20
2277: 20
2278: 20
2279: 20
2280: 20
2281: 20
2282: 20
2283: 20
2284: 20
2285: 20
2286: 20
2287: 20
2288: 20
2289: 20
2290: 20
2291: 20
2292: 20
2293: 20
2294: 20
2295: 20
2296: 20
2297: 20
2298: 20
2299: 20
2300: 20
2301: 20
2302: 20
2303: 20
2304: 20
2305: 20
2306: 20
2307: 20
2308: 20
2309: 20
2310: 20
2311: 20
2312: 20
2313: 20
2314: 20
2315: 20
2316: 20
2317: 20
2318: 20
2319: 20
2320: 20
2321: 20
2322: 20
2323: 20
2324: 20
2325: 20
2326: 20
2327: 20
2328: 20
2329: 20
2330: 20
2331: 20
2332: 20
2333: 20
2334: 20
2335: 20
2336: 20
2337: 20
2338: 20
2339: 20
2340: 20
2341: 20
2342: 20
2343: 20
2344: 20
2345: 20
2346: 20
2347: 20
2348: 20
2349: 20
2350: 20
2351: 20
2352: 20
2353: 20
2354: 20
2355: 20
2356: 20
2357: 20
2358: 20
2359: 20
2360: 20
2361: 20
2362: 20
2363: 20
2364: 20
2365: 20
2366: 20
2367: 20
2368: 20
2369: 20
2370: 20
2371: 20
2372: 20
2373: 20
2374: 20
2375: 20
2376: 20
2377: 20
2378: 20
2379: 20
2380: 20
2381: 20
2382: 20
2383: 20
2384: 20
2385: 20
2386: 20
2387: 20
2388: 20
2389: 20
2390: 20
2391: 20
2392: 20
2393: 20
2394: 20
2395: 20
2396: 20
2397: 20
2398: 20
2399: 20
2400: 20
2401: 20
2402: 20
2403: 20
2404: 20
2405: 20
2406: 20
2407: 20
2408: 20
2409: 20
2410: 20
2411: 20
2412: 20
2413: 20
2414: 20
2415: 20
2416: 20
2417: 20
2418: 20
2419: 20
2420: 20
2421: 20
2422: 20
2423: 20
2424: 20
2425: 20
2426: 20
2427: 20
2428: 20
2429: 20
2430: 20
2431: 20
2432: 20
2433: 20
2434: 20
2435: 20
2436: 20
2437: 20
2438: 20
2439: 20
2440: 20
2441: 20
2442: 20
2443: 20
2444: 20
2445: 20
2446: 20
2447: 20
2448: 20
2449: 20
2450: 20
2451: 20
2452: 20
2453: 20
2454: 20
2455: 20
2456: 20
2457: 20
2458: 20
2459: 20
2460: 20
2461: 20
2462: 20
2463: 20
2464: 20
2465: 20
2466: 20
2467: 20
2468: 20
2469: 20
2470: 20
2471: 20
2472: 20
2473: 20
2474: 20
2475: 20
2476: 20
2477: 20
2478: 20
2479: 20
2480: 20
2481: 20
2482: 20
2483: 20
2484: 20
2485: 20
2486: 20
2487: 20
2488: 20
2489: 20
2490: 20
2491: 20
2492: 20
2493: 20
2494: 20
2495: 20
2496: 20
2497: 20
2498: 20
2499: 20
2500: 20
2501: 20
2502: 20
2503: 20
2504: 20
2505: 20
2506: 20
2507: 20
2508: 20
2509: 20
2510: 20
2511: 20
2512: 20
2513: 20
2514: 20
2515: 20
2516: 20
2517: 20
2518: 20
2519: 20
2520: 20
2521: 20
2522: 20
2523: 20
2524: 20
2525: 20
2526: 20
2527: 20
2528: 20
2529: 20
2530: 20
2531: 20
2532: 20
2533: 20
2534: 20
2535: 20
2536: 20
2537: 20
2538: 20
2539: 20
2540: 20
2541: 20
2542: 20
2543: 20
2544: 20
2545: 20
2546: 20
2547: 20
2548: 20
2549: 20
2550: 20
2551: 20
2552: 20
2553: 20
2554: 20
2555: 20
2556: 20
2557: 20
2558: 20
2559: 20
2560: 20
2561: 20
2562: 20
2563: 20
2564: 20
2565: 20
2566: 20
2567: 20
2568: 20
2569: 20
2570: 20
2571: 20
2572: 20
2573: 20
2574: 20
2575: 20
2576: 20
2577: 20
2578: 20
2579: 20
2580: 20
2581: 20
2582: 20
2583: 20
2584: 20
2585: 20
2586: 20
2587: 20
2588: 20
2589: 20
2590: 20
2591: 20
2592: 20
2593: 20
2594: 20
2595: 20
2596: 20
2597: 20
2598: 20
2599: 20
2600: 20
2601: 20
2602: 20
2603: 20
2604: 20
2605: 20
2606: 20
2607: 20
2608: 20
2609: 20
2610: 20
2611: 20
2612: 20
2613: 20
2614: 20
2615: 20
2616: 20
2617: 20
2618: 20
2619: 20
2620: 20
2621: 20
2622: 20
2623: 20
2624: 20
2625: 20
2626: 20
2627: 20
2628: 20
2629: 20
2630: 20
2631: 20
2632: 20
2633: 20
2634: 20
2635: 20
2636: 20
2637: 20
2638: 20
2639: 20
2640: 20
2641: 20
2642: 20
2643: 20
2644: 20
2645: 20
2646: 20
2647: 20
2648: 20
2649: 20
2650: 20
2651: 20
2652: 20
2653: 20
2654: 20
2655: 20
2656: 20
2657: 20
2658: 20
2659: 20
2660: 20
2661: 20
2662: 20
2663: 20
2664: 20
2665: 20
2666: 20
2667: 20
2668: 20
2669: 20
2670: 20
2671: 20
2672: 20
2673: 20
2674: 20
2675: 20
2676: 20
2677: 20
2678: 20
2679: 20
2680: 20
2681: 20
2682: 20
2683: 20
2684: 20
2685: 20
2686: 20
2687: 20
2688: 20
2689: 20
2690: 20
2691: 20
2692: 20
2693: 20
2694: 20
2695: 20
2696: 20
2697: 20
2698: 20
2699: 20
2700: 20
2701: 20
2702: 20
2703: 20
2704: 20
2705: 20
2706: 20
2707: 20
2708: 20
2709: 20
2710: 20
2711: 20
2712: 20
2713: 20
2714: 20
2715: 20
2716: 20
2717: 20
2718: 20
2719: 20
2720: 20
2721: 20
2722: 20
2723: 20
2724: 20
2725: 20
2726: 20
2727: 20
2728: 20
2729: 20
2730: 20
2731: 20
2732: 20
2733: 20
2734: 20
2735: 20
2736: 20
2737: 20
2738: 20
2739: 20
2740: 20
2741: 20
2742: 20
2743: 20
2744: 20
2745: 21
2746: 21
2747: 21
2748: 21
2749: 21
2750: 21
2751: 21
2752: 21
2753: 21
2754: 21
2755: 21
2756: 21
2757: 21
2758: 21
2759: 21
2760: 21
2761: 21
2762: 21
2763: 21
2764: 21
2765: 21
2766: 21
2767: 21
2768: 21
2769: 21
2770: 21
2771: 21
2772: 21
2773: 21
2774: 21
2775: 21
2776: 21
2777: 21
2778: 21
2779: 21
2780: 21
2781: 21
2782: 21
2783: 21
2784: 21
2785: 21
2786: 21
2787: 21
2788: 21
2789: 21
2790: 21
2791: 21
2792: 21
2793: 21
2794: 21
2795: 21
2796: 21
2797: 21
2798: 21
2799: 21
2800: 21
2801: 21
2802: 21
2803: 21
2804: 21
2805: 21
2806: 21
2807: 21
2808: 21
2809: 21
2810: 21
2811: 21
2812: 21
2813: 21
2814: 21
2815: 21
2816: 21
2817: 21
2818: 21
2819: 21
2820: 21
2821: 21
2822: 21
2823: 21
2824: 21
2825: 21
2826: 21
2827: 21
2828: 21
2829: 21
2830: 21
2831: 21
2832: 21
2833: 21
2834: 21
2835: 21
2836: 21
2837: 21
2838: 21
2839: 21
2840: 21
2841: 21
2842: 21
2843: 21
2844: 21
2845: 21
2846: 21
2847: 21
2848: 21
2849: 21
2850: 21
2851: 21
2852: 21
2853: 21
2854: 21
2855: 21
2856: 21
2857: 21
2858: 21
2859: 21
2860: 21
2861: 21
2862: 21
2863: 21
2864: 21
2865: 21
2866: 21
2867: 21
2868: 21
2869: 21
2870: 21
2871: 21
2872: 21
2873: 21
2874: 21
2875: 21
2876: 21
2877: 21
2878: 21
2879: 21
2880: 21
2881: 21
2882: 21
2883: 21
2884: 21
2885: 21
2886: 21
2887: 21
2888: 21
2889: 21
2890: 21
2891: 21
2892: 21
2893: 21
2894: 21
2895: 21
2896: 21
2897: 21
2898: 21
2899: 21
2900: 21
2901: 21
2902: 21
2903: 21
2904: 21
2905: 21
2906: 21
2907: 21
2908: 21
2909: 21
2910: 21
2911: 21
2912: 21
2913: 21
2914: 21
2915: 21
2916: 21
2917: 21
2918: 21
2919: 21
2920: 21
2921: 21
2922: 21
2923: 21
2924: 21
2925: 21
2926: 21
2927: 21
2928: 21
2929: 21
2930: 21
2931: 21
2932: 21
2933: 21
2934: 21
2935: 21
2936: 21
2937: 21
2938: 21
2939: 21
2940: 21
2941: 21
2942: 21
2943: 21
2944: 21
2945: 21
2946: 21
2947: 21
2948: 21
2949: 21
2950: 21
2951: 21
2952: 21
2953: 21
2954: 21
2955: 21
2956: 21
2957: 21
2958: 21
2959: 21
2960: 21
2961: 21
2962: 21
2963: 21
2964: 21
2965: 21
2966: 21
2967: 21
2968: 21
2969: 21
2970: 21
2971: 21
2972: 21
2973: 21
2974: 21
2975: 21
2976: 21
2977: 21
2978: 21
2979: 21
2980: 21
2981: 21
2982: 21
2983: 21
2984: 21
2985: 21
2986: 21
2987: 21
2988: 21
2989: 21
2990: 21
2991: 21
2992: 21
2993: 21
2994: 21
2995: 21
2996: 21
2997: 21
2998: 21
2999: 21
3000: 21
3001: 21
3002: 21
3003: 21
3004: 21
3005: 21
3006: 21
3007: 21
3008: 21
3009: 21
3010: 21
3011: 21
3012: 21
3013: 21
3014: 21
3015: 21
3016: 21
3017: 21
3018: 21
3019: 21
3020: 21
3021: 21
3022: 21
3023: 21
3024: 21
3025: 21
3026: 21
3027: 21
3028: 21
3029: 21
3030: 21
3031: 21
3032: 21
3033: 21
3034: 21
3035: 21
3036: 21
3037: 21
3038: 21
3039: 21
3040: 21
3041: 21
3042: 21
3043: 21
3044: 21
3045: 21
3046: 21
3047: 21
3048: 21
3049: 21
3050: 21
3051: 21
3052: 21
3053: 21
3054: 21
3055: 21
3056: 21
3057: 21
3058: 21
3059: 21
3060: 21
3061: 21
3062: 21
3063: 21
3064: 21
3065: 21
3066: 21
3067: 21
3068: 21
3069: 21
3070: 21
3071: 21
3072: 21
3073: 21
3074: 21
3075: 21
3076: 21
3077: 21
3078: 21
3079: 21
3080: 21
3081: 21
3082: 21
3083: 21
3084: 21
3085: 21
3086: 21
3087: 21
3088: 21
3089: 21
3090: 21
3091: 21
3092: 21
3093: 21
3094: 21
3095: 21
3096: 21
3097: 21
3098: 21
3099: 21
3100: 21
3101: 21
3102: 21
3103: 21
3104: 21
3105: 21
3106: 21
3107: 21
3108: 21
3109: 21
3110: 21
3111: 21
3112: 21
3113: 21
3114: 21
3115: 21
3116: 21
3117: 21
3118: 21
3119: 21
3120: 21
3121: 21
3122: 21
3123: 21
3124: 21
3125: 21
3126: 21
3127: 21
3128: 21
3129: 21
3130: 21
3131: 21
3132: 21
3133: 21
3134: 21
3135: 21
3136: 21
3137: 21
3138: 21
3139: 21
3140: 21
3141: 21
3142: 21
3143: 21
3144: 21
3145: 21
3146: 21
3147: 21
3148: 21
3149: 21
3150: 21
3151: 21
3152: 21
3153: 21
3154: 21
3155: 21
3156: 21
3157: 21
3158: 21
3159: 21
3160: 21
3161: 21
3162: 21
3163: 21
3164: 21
3165: 21
3166: 21
3167: 21
3168: 21
3169: 21
3170: 21
3171: 21
3172: 21
3173: 21
3174: 21
3175: 21
3176: 21
3177: 21
3178: 21
3179: 21
3180: 21
3181: 21
3182: 21
3183: 21
3184: 21
3185: 21
3186: 21
3187: 21
3188: 21
3189: 21
3190: 21
3191: 21
3192: 21
3193: 21
3194: 21
3195: 21
3196: 21
3197: 21
3198: 21
3199: 21
3200: 21
3201: 21
3202: 21
3203: 21
3204: 21
3205: 21
3206: 21
3207: 21
3208: 21
3209: 21
3210: 21
3211: 21
3212: 21
3213: 21
3214: 21
3215: 21
3216: 21
3217: 21
3218: 21
3219: 21
3220: 21
3221: 21
3222: 21
3223: 21
3224: 21
3225: 21
3226: 21
3227: 21
3228: 21
3229: 21
3230: 21
3231: 21
3232: 21
3233: 21
3234: 21
3235: 21
3236: 21
3237: 21
3238: 21
3239: 21
3240: 21
3241: 21
3242: 21
3243: 21
3244: 21
3245: 21
3246: 21
3247: 21
3248: 21
3249: 21
3250: 21
3251: 21
3252: 21
3253: 21
3254: 21
3255: 21
3256: 21
3257: 21
3258: 21
3259: 21
3260: 21
3261: 21
3262: 21
3263: 21
3264: 21
3265: 21
3266: 21
3267: 21
3268: 21
3269: 21
3270: 21
3271: 21
3272: 21
3273: 21
3274: 21
3275: 21
3276: 21
3277: 21
3278: 21
3279: 21
3280: 21
3281: 21
3282: 21
3283: 21
3284: 21
3285: 21
3286: 21
3287: 21
3288: 21
3289: 21
3290: 21
3291: 21
3292: 21
3293: 21
3294: 21
3295: 21
3296: 21
3297: 21
3298: 21
3299: 21
3300: 21
3301: 21
3302: 21
3303: 21
3304: 21
3305: 21
3306: 21
3307: 21
3308: 21
3309: 21
3310: 21
3311: 21
3312: 21
3313: 21
3314: 21
3315: 21
3316: 21
3317: 21
3318: 21
3319: 21
3320: 21
3321: 21
3322: 21
3323: 21
3324: 21
3325: 21
3326: 21
3327: 21
3328: 21
3329: 21
3330: 21
3331: 21
3332: 21
3333: 21
3334: 21
3335: 21
3336: 21
3337: 21
3338: 21
3339: 21
3340: 21
3341: 21
3342: 21
3343: 21
3344: 21
3345: 21
3346: 21
3347: 21
3348: 21
3349: 21
3350: 21
3351: 21
3352: 21
3353: 21
3354: 21
3355: 21
3356: 21
3357: 21
3358: 21
3359: 21
3360: 21
3361: 21
3362: 21
3363: 21
3364: 21
3365: 21
3366: 21
3367: 21
3368: 21
3369: 21
3370: 21
3371: 21
3372: 21
3373: 21
3374: 21
3375: 21
3376: 21
3377: 21
3378: 21
3379: 21
3380: 21
3381: 21
3382: 21
3383: 21
3384: 21
3385: 21
3386: 21
3387: 21
3388: 21
3389: 21
3390: 21
3391: 21
3392: 21
3393: 21
3394: 21
3395: 21
3396: 21
3397: 21
3398: 21
3399: 21
3400: 21
3401: 21
3402: 21
3403: 21
3404: 21
3405: 21
3406: 21
3407: 21
3408: 21
3409: 21
3410: 21
3411: 21
3412: 21
3413: 21
3414: 21
3415: 21
3416: 21
3417: 21
3418: 21
3419: 21
3420: 21
3421: 21
3422: 21
3423: 21
3424: 21
3425: 21
3426: 21
3427: 21
3428: 21
3429: 21
3430: 21
3431: 21
3432: 21
3433: 21
3434: 21
3435: 21
3436: 21
3437: 21
3438: 21
3439: 21
3440: 21
3441: 21
3442: 21
3443: 21
3444: 21
3445: 21
3446: 21
3447: 21
3448: 21
3449: 21
3450: 21
3451: 21
3452: 21
3453: 21
3454: 21
3455: 21
3456: 21
3457: 21
3458: 21
3459: 21
3460: 21
3461: 21
3462: 21
3463: 21
3464: 21
3465: 21
3466: 21
3467: 21
3468: 21
3469: 21
3470: 21
3471: 21
3472: 21
3473: 21
3474: 21
3475: 21
3476: 21
3477: 21
3478: 21
3479: 21
3480: 21
3481: 21
3482: 21
3483: 21
3484: 21
3485: 21
3486: 21
3487: 21
3488: 21
3489: 21
3490: 21
3491: 21
3492: 21
3493: 21
3494: 21
3495: 21
3496: 21
3497: 21
3498: 21
3499: 21
3500: 21
3501: 21
3502: 21
3503: 21
3504: 21
3505: 21
3506: 21
3507: 21
3508: 21
3509: 21
3510: 21
3511: 21
3512: 21
3513: 21
3514: 21
3515: 21
3516: 21
3517: 21
3518: 21
3519: 21
3520: 21
3521: 21
3522: 21
3523: 21
3524: 21
3525: 21
3526: 21
3527: 21
3528: 21
3529: 21
3530: 21
3531: 21
3532: 21
3533: 21
3534: 21
3535: 21
3536: 21
3537: 21
3538: 21
3539: 21
3540: 21
3541: 21
3542: 21
3543: 21
3544: 21
3545: 21
3546: 21
3547: 21
3548: 21
3549: 21
3550: 21
3551: 21
3552: 21
3553: 21
3554: 21
3555: 21
3556: 21
3557: 21
3558: 21
3559: 21
3560: 21
3561: 21
3562: 21
3563: 21
3564: 21
3565: 21
3566: 21
3567: 21
3568: 21
3569: 21
3570: 21
3571: 21
3572: 21
3573: 21
3574: 21
3575: 21
3576: 21
3577: 21
3578: 21
3579: 21
3580: 21
3581: 21
3582: 21
3583: 21
3584: 21
3585: 21
3586: 21
3587: 21
3588: 21
3589: 21
3590: 21
3591: 21
3592: 21
3593: 21
3594: 21
3595: 21
3596: 21
3597: 21
3598: 21
3599: 21
3600: 21
3601: 21
3602: 21
3603: 21
3604: 21
3605: 21
3606: 21
3607: 21
3608: 21
3609: 21
3610: 21
3611: 21
3612: 21
3613: 21
3614: 21
3615: 21
3616: 21
3617: 21
3618: 21
3619: 21
3620: 21
3621: 21
3622: 21
3623: 21
3624: 21
3625: 21
3626: 21
3627: 21
3628: 21
3629: 21
3630: 21
3631: 21
3632: 21
3633: 21
3634: 21
3635: 21
3636: 21
3637: 21
3638: 21
3639: 21
3640: 21
3641: 21
3642: 21
3643: 21
3644: 21
3645: 21
3646: 21
3647: 21
3648: 21
3649: 21
3650: 21
3651: 21
3652: 21
3653: 21
3654: 21
3655: 21
3656: 21
3657: 21
3658: 21
3659: 21
3660: 21
3661: 21
3662: 21
3663: 21
3664: 21
3665: 21
3666: 21
3667: 21
3668: 21
3669: 21
3670: 21
3671: 21
3672: 21
3673: 21
3674: 21
3675: 21
3676: 21
3677: 21
3678: 21
3679: 21
3680: 21
3681: 21
3682: 21
3683: 21
3684: 21
3685: 21
3686: 21
3687: 21
3688: 21
3689: 21
3690: 21
3691: 21
3692: 21
3693: 21
3694: 21
3695: 21
3696: 21
3697: 21
3698: 21
3699: 21
3700: 21
3701: 21
3702: 21
3703: 21
3704: 21
3705: 21
3706: 21
3707: 21
3708: 21
3709: 21
3710: 21
3711: 21
3712: 21
3713: 21
3714: 21
3715: 21
3716: 21
3717: 21
3718: 21
3719: 21
3720: 21
3721: 21
3722: 21
3723: 21
3724: 21
3725: 21
3726: 21
3727: 21
3728: 21
3729: 21
3730: 21
3731: 21
3732: 21
3733: 21
3734: 21
3735: 21
3736: 21
3737: 21
3738: 21
3739: 21
3740: 21
3741: 21
3742: 21
3743: 21
3744: 21
3745: 21
3746: 21
3747: 21
3748: 21
3749: 21
3750: 21
3751: 21
3752: 21
3753: 21
3754: 21
3755: 21
3756: 21
3757: 21
3758: 21
3759: 21
3760: 21
3761: 21
3762: 21
3763: 21
3764: 21
3765: 21
3766: 21
3767: 21
3768: 21
3769: 21
3770: 21
3771: 21
3772: 21
3773: 21
3774: 21
3775: 21
3776: 21
3777: 21
3778: 21
3779: 21
3780: 21
3781: 21
3782: 21
3783: 21
3784: 21
3785: 21
3786: 21
3787: 21
3788: 21
3789: 21
3790: 21
3791: 21
3792: 21
3793: 21
3794: 21
3795: 21
3796: 21
3797: 21
3798: 21
3799: 21
3800: 21
3801: 21
3802: 21
3803: 21
3804: 21
3805: 21
3806: 21
3807: 21
3808: 21
3809: 21
3810: 21
3811: 21
3812: 21
3813: 21
3814: 21
3815: 21
3816: 21
3817: 21
3818: 21
3819: 21
3820: 21
3821: 21
3822: 21
3823: 21
3824: 21
3825: 21
3826: 21
3827: 21
3828: 21
3829: 21
3830: 21
3831: 21
3832: 21
3833: 21
3834: 21
3835: 21
3836: 21
3837: 21
3838: 21
3839: 21
3840: 21
3841: 21
3842: 21
3843: 21
3844: 21
3845: 21
3846: 21
3847: 21
3848: 21
3849: 21
3850: 21
3851: 21
3852: 21
3853: 21
3854: 21
3855: 21
3856: 21
3857: 21
3858: 21
3859: 21
3860: 21
3861: 21
3862: 21
3863: 21
3864: 21
3865: 21
3866: 21
3867: 21
3868: 21
3869: 21
3870: 21
3871: 21
3872: 21
3873: 21
3874: 21
3875: 21
3876: 21
3877: 21
3878: 21
3879: 21
3880: 21
3881: 21
3882: 21
3883: 21
3884: 21
3885: 21
3886: 21
3887: 21
3888: 21
3889: 21
3890: 21
3891: 21
3892: 21
3893: 21
3894: 21
3895: 21
3896: 21
3897: 21
3898: 21
3899: 21
3900: 21
3901: 21
3902: 21
3903: 21
3904: 21
3905: 21
3906: 21
3907: 21
3908: 21
3909: 21
3910: 21
3911: 21
3912: 21
3913: 21
3914: 21
3915: 21
3916: 21
3917: 21
3918: 21
3919: 21
3920: 21
3921: 21
3922: 21
3923: 21
3924: 21
3925: 21
3926: 21
3927: 21
3928: 21
3929: 21
3930: 21
3931: 21
3932: 21
3933: 21
3934: 21
3935: 21
3936: 21
3937: 21
3938: 21
3939: 21
3940: 21
3941: 21
3942: 21
3943: 21
3944: 21
3945: 21
3946: 21
3947: 21
3948: 21
3949: 21
3950: 21
3951: 21
3952: 21
3953: 21
3954: 21
3955: 21
3956: 21
3957: 21
3958: 21
3959: 21
3960: 21
3961: 21
3962: 21
3963: 21
3964: 21
3965: 21
3966: 21
3967: 21
3968: 21
3969: 21
3970: 21
3971: 21
3972: 21
3973: 21
3974: 21
3975: 21
3976: 21
3977: 21
3978: 21
3979: 21
3980: 21
3981: 21
3982: 21
3983: 21
3984: 21
3985: 21
3986: 21
3987: 21
3988: 21
3989: 21
3990: 21
3991: 21
3992: 21
3993: 21
3994: 21
3995: 21
3996: 21
3997: 21
3998: 21
3999: 21
4000: 21
4001: 21
4002: 21
4003: 21
4004: 21
4005: 21
4006: 21
4007: 21
4008: 21
4009: 21
4010: 21
4011: 21
4012: 21
4013: 21
4014: 21
4015: 21
4016: 21
4017: 21
4018: 21
4019: 21
4020: 21
4021: 21
4022: 21
4023: 22
4024: 22
4025: 22
4026: 22
4027: 22
4028: 22
4029: 22
4030: 22
4031: 22
4032: 22
4033: 22
4034: 22
4035: 22
4036: 22
4037: 22
4038: 22
4039: 22
4040: 22
4041: 22
4042: 22
4043: 22
4044: 22
4045: 22
4046: 22
4047: 22
4048: 22
4049: 22
4050: 22
4051: 22
4052: 22
4053: 22
4054: 22
4055: 22
4056: 22
4057: 22
4058: 22
4059: 22
4060: 22
4061: 22
4062: 22
4063: 22
4064: 22
4065: 22
4066: 22
4067: 22
4068: 22
4069: 22
4070: 22
4071: 22
4072: 22
4073: 22
4074: 22
4075: 22
4076: 22
4077: 22
4078: 22
4079: 22
4080: 22
4081: 22
4082: 22
4083: 22
4084: 22
4085: 22
4086: 22
4087: 22
4088: 22
4089: 22
4090: 22
4091: 22
4092: 22
4093: 22
4094: 22
4095: 22
4096: 22
4097: 22
4098: 22
4099: 22
4100: 22
4101: 22
4102: 22
4103: 22
4104: 22
4105: 22
4106: 22
4107: 22
4108: 22
4109: 22
4110: 22
4111: 22
4112: 22
4113: 22
4114: 22
4115: 22
4116: 22
4117: 22
4118: 22
4119: 22
4120: 22
4121: 22
4122: 22
4123: 22
4124: 22
4125: 22
4126: 22
4127: 22
4128: 22
4129: 22
4130: 22
4131: 22
4132: 22
4133: 22
4134: 22
4135: 22
4136: 22
4137: 22
4138: 22
4139: 22
4140: 22
4141: 22
4142: 22
4143: 22
4144: 22
4145: 22
4146: 22
4147: 22
4148: 22
4149: 22
4150: 22
4151: 22
4152: 22
4153: 22
4154: 22
4155: 22
4156: 22
4157: 22
4158: 22
4159: 22
4160: 22
4161: 22
4162: 22
4163: 22
4164: 22
4165: 22
4166: 22
4167: 22
4168: 22
4169: 22
4170: 22
4171: 22
4172: 22
4173: 22
4174: 22
4175: 22
4176: 22
4177: 22
4178: 22
4179: 22
4180: 22
4181: 22
4182: 22
4183: 22
4184: 22
4185: 22
4186: 22
4187: 22
4188: 22
4189: 22
4190: 22
4191: 22
4192: 22
4193: 22
4194: 22
4195: 22
4196: 22
4197: 22
4198: 22
4199: 22
4200: 22
4201: 22
4202: 22
4203: 22
4204: 22
4205: 22
4206: 22
4207: 22
4208: 22
4209: 22
4210: 22
4211: 22
4212: 22
4213: 22
4214: 22
4215: 22
4216: 22
4217: 22
4218: 22
4219: 22
4220: 22
4221: 22
4222: 22
4223: 22
4224: 22
4225: 22
4226: 22
4227: 22
4228: 22
4229: 22
4230: 22
4231: 22
4232: 22
4233: 22
4234: 22
4235: 22
4236: 22
4237: 22
4238: 22
4239: 22
4240: 22
4241: 22
4242: 22
4243: 22
4244: 22
4245: 22
4246: 22
4247: 22
4248: 22
4249: 22
4250: 22
4251: 22
4252: 22
4253: 22
4254: 22
4255: 22
4256: 22
4257: 22
4258: 22
4259: 22
4260: 22
4261: 22
4262: 22
4263: 22
4264: 22
4265: 22
4266: 22
4267: 22
4268: 22
4269: 22
4270: 22
4271: 22
4272: 22
4273: 22
4274: 22
4275: 22
4276: 22
4277: 22
4278: 22
4279: 22
4280: 22
4281: 22
4282: 22
4283: 22
4284: 22
4285: 22
4286: 22
4287: 22
4288: 22
4289: 22
4290: 22
4291: 22
4292: 22
4293: 22
4294: 22
4295: 22
4296: 22
4297: 22
4298: 22
4299: 22
4300: 22
4301: 22
4302: 22
4303: 22
4304: 22
4305: 22
4306: 22
4307: 22
4308: 22
4309: 22
4310: 22
4311: 22
4312: 22
4313: 22
4314: 22
4315: 22
4316: 22
4317: 22
4318: 22
4319: 22
4320: 22
4321: 22
4322: 22
4323: 22
4324: 22
4325: 22
4326: 22
4327: 22
4328: 22
4329: 22
4330: 22
4331: 22
4332: 22
4333: 22
4334: 22
4335: 22
4336: 22
4337: 22
4338: 22
4339: 22
4340: 22
4341: 22
4342: 22
4343: 22
4344: 22
4345: 22
4346: 22
4347: 22
4348: 22
4349: 22
4350: 22
4351: 22
4352: 22
4353: 22
4354: 22
4355: 22
4356: 22
4357: 22
4358: 22
4359: 22
4360: 22
4361: 22
4362: 22
4363: 22
4364: 22
4365: 22
4366: 22
4367: 22
4368: 22
4369: 22
4370: 22
4371: 22
4372: 22
4373: 22
4374: 22
4375: 22
4376: 22
4377: 22
4378: 22
4379: 22
4380: 22
4381: 22
4382: 22
4383: 22
4384: 22
4385: 22
4386: 22
4387: 22
4388: 22
4389: 22
4390: 22
4391: 22
4392: 22
4393: 22
4394: 22
4395: 22
4396: 22
4397: 22
4398: 22
4399: 22
4400: 22
4401: 22
4402: 22
4403: 22
4404: 22
4405: 22
4406: 22
4407: 22
4408: 22
4409: 22
4410: 22
4411: 22
4412: 22
4413: 22
4414: 22
4415: 22
4416: 22
4417: 22
4418: 22
4419: 22
4420: 22
4421: 22
4422: 22
4423: 22
4424: 22
4425: 22
4426: 22
4427: 22
4428: 22
4429: 22
4430: 22
4431: 22
4432: 22
4433: 22
4434: 22
4435: 22
4436: 22
4437: 22
4438: 22
4439: 22
4440: 22
4441: 22
4442: 22
4443: 22
4444: 22
4445: 22
4446: 22
4447: 22
4448: 22
4449: 22
4450: 22
4451: 22
4452: 22
4453: 22
4454: 22
4455: 22
4456: 22
4457: 22
4458: 22
4459: 22
4460: 22
4461: 22
4462: 22
4463: 22
4464: 22
4465: 22
4466: 22
4467: 22
4468: 22
4469: 22
4470: 22
4471: 22
4472: 22
4473: 22
4474: 22
4475: 22
4476: 22
4477: 22
4478: 22
4479: 22
4480: 22
4481: 22
4482: 22
4483: 22
4484: 22
4485: 22
4486: 22
4487: 22
4488: 22
4489: 22
4490: 22
4491: 22
4492: 22
4493: 22
4494: 22
4495: 22
4496: 22
4497: 22
4498: 22
4499: 22
4500: 22
4501: 22
4502: 22
4503: 22
4504: 22
4505: 22
4506: 22
4507: 22
4508: 22
4509: 22
4510: 22
4511: 22
4512: 22
4513: 22
4514: 22
4515: 22
4516: 22
4517: 22
4518: 22
4519: 22
4520: 22
4521: 22
4522: 22
4523: 22
4524: 22
4525: 22
4526: 22
4527: 22
4528: 22
4529: 22
4530: 22
4531: 22
4532: 22
4533: 22
4534: 22
4535: 22
4536: 22
4537: 22
4538: 22
4539: 22
4540: 22
4541: 22
4542: 22
4543: 22
4544: 22
4545: 22
4546: 22
4547: 22
4548: 22
4549: 22
4550: 22
4551: 22
4552: 22
4553: 22
4554: 22
4555: 22
4556: 22
4557: 22
4558: 22
4559: 22
4560: 22
4561: 22
4562: 22
4563: 22
4564: 22
4565: 22
4566: 22
4567: 22
4568: 22
4569: 22
4570: 22
4571: 22
4572: 22
4573: 22
4574: 22
4575: 22
4576: 22
4577: 22
4578: 22
4579: 22
4580: 22
4581: 22
4582: 22
4583: 22
4584: 22
4585: 22
4586: 22
4587: 22
4588: 22
4589: 22
4590: 22
4591: 22
4592: 22
4593: 22
4594: 22
4595: 22
4596: 22
4597: 22
4598: 22
4599: 22
4600: 22
4601: 22
4602: 22
4603: 22
4604: 22
4605: 22
4606: 22
4607: 22
4608: 22
4609: 22
4610: 22
4611: 22
4612: 22
4613: 22
4614: 22
4615: 22
4616: 22
4617: 22
4618: 22
4619: 22
4620: 22
4621: 22
4622: 22
4623: 22
4624: 22
4625: 22
4626: 22
4627: 22
4628: 22
4629: 22
4630: 22
4631: 22
4632: 22
4633: 22
4634: 22
4635: 22
4636: 22
4637: 22
4638: 22
4639: 22
4640: 22
4641: 22
4642: 22
4643: 22
4644: 22
4645: 22
4646: 22
4647: 22
4648: 22
4649: 22
4650: 22
4651: 22
4652: 22
4653: 22
4654: 22
4655: 22
4656: 22
4657: 22
4658: 22
4659: 22
4660: 22
4661: 22
4662: 22
4663: 22
4664: 22
4665: 22
4666: 22
4667: 22
4668: 22
4669: 22
4670: 22
4671: 22
4672: 22
4673: 22
4674: 22
4675: 22
4676: 22
4677: 22
4678: 22
4679: 22
4680: 22
4681: 22
4682: 22
4683: 22
4684: 22
4685: 22
4686: 22
4687: 22
4688: 22
4689: 22
4690: 22
4691: 22
4692: 22
4693: 22
4694: 22
4695: 22
4696: 22
4697: 22
4698: 22
4699: 22
4700: 22
4701: 22
4702: 22
4703: 22
4704: 22
4705: 22
4706: 22
4707: 22
4708: 22
4709: 22
4710: 22
4711: 22
4712: 22
4713: 22
4714: 22
4715: 22
4716: 22
4717: 22
4718: 22
4719: 22
4720: 22
4721: 22
4722: 22
4723: 22
4724: 22
4725: 22
4726: 22
4727: 22
4728: 22
4729: 22
4730: 22
4731: 22
4732: 22
4733: 22
4734: 22
4735: 22
4736: 22
4737: 22
4738: 22
4739: 22
4740: 22
4741: 22
4742: 22
4743: 22
4744: 22
4745: 22
4746: 22
4747: 22
4748: 22
4749: 22
4750: 22
4751: 22
4752: 22
4753: 22
4754: 22
4755: 22
4756: 22
4757: 22
4758: 22
4759: 22
4760: 22
4761: 22
4762: 22
4763: 22
4764: 22
4765: 22
4766: 22
4767: 22
4768: 22
4769: 22
4770: 22
4771: 22
4772: 22
4773: 22
4774: 22
4775: 22
4776: 22
4777: 22
4778: 22
4779: 22
4780: 22
4781: 22
4782: 22
4783: 22
4784: 22
4785: 22
4786: 22
4787: 22
4788: 22
4789: 22
4790: 22
4791: 22
4792: 22
4793: 22
4794: 22
4795: 22
4796: 22
4797: 22
4798: 22
4799: 22
4800: 22
4801: 22
4802: 22
4803: 22
4804: 22
4805: 22
4806: 22
4807: 22
4808: 22
4809: 22
4810: 22
4811: 22
4812: 22
4813: 22
4814: 22
4815: 22
4816: 22
4817: 22
4818: 22
4819: 22
4820: 22
4821: 22
4822: 22
4823: 22
4824: 22
4825: 22
4826: 22
4827: 22
4828: 22
4829: 22
4830: 22
4831: 22
4832: 22
4833: 22
4834: 22
4835: 22
4836: 22
4837: 22
4838: 22
4839: 22
4840: 22
4841: 22
4842: 22
4843: 22
4844: 22
4845: 22
4846: 22
4847: 22
4848: 22
4849: 22
4850: 22
4851: 22
4852: 22
4853: 22
4854: 22
4855: 22
4856: 22
4857: 22
4858: 22
4859: 22
4860: 22
4861: 22
4862: 22
4863: 22
4864: 22
4865: 22
4866: 22
4867: 22
4868: 22
4869: 22
4870: 22
4871: 22
4872: 22
4873: 22
4874: 22
4875: 22
4876: 22
4877: 22
4878: 22
4879: 22
4880: 22
4881: 22
4882: 22
4883: 22
4884: 22
4885: 22
4886: 22
4887: 22
4888: 22
4889: 22
4890: 22
4891: 22
4892: 22
4893: 22
4894: 22
4895: 22
4896: 22
4897: 22
4898: 22
4899: 22
4900: 22
4901: 22
4902: 22
4903: 22
4904: 22
4905: 22
4906: 22
4907: 22
4908: 22
4909: 22
4910: 22
4911: 22
4912: 22
4913: 22
4914: 22
4915: 22
4916: 22
4917: 22
4918: 22
4919: 22
4920: 22
4921: 22
4922: 22
4923: 22
4924: 22
4925: 22
4926: 22
4927: 22
4928: 22
4929: 22
4930: 22
4931: 22
4932: 22
4933: 22
4934: 22
4935: 22
4936: 22
4937: 22
4938: 22
4939: 22
4940: 22
4941: 22
4942: 22
4943: 22
4944: 22
4945: 22
4946: 22
4947: 22
4948: 22
4949: 22
4950: 22
4951: 22
4952: 22
4953: 22
4954: 22
4955: 22
4956: 22
4957: 22
4958: 22
4959: 22
4960: 22
4961: 22
4962: 22
4963: 22
4964: 22
4965: 22
4966: 22
4967: 22
4968: 22
4969: 22
4970: 22
4971: 22
4972: 22
4973: 22
4974: 22
4975: 22
4976: 22
4977: 22
4978: 22
4979: 22
4980: 22
4981: 22
4982: 22
4983: 22
4984: 22
4985: 22
4986: 22
4987: 22
4988: 22
4989: 22
4990: 22
4991: 22
4992: 22
4993: 22
4994: 22
4995: 22
4996: 22
4997: 22
4998: 22
4999: 22
5000: 22
5001: 22
5002: 22
5003: 22
5004: 22
5005: 22
5006: 22
5007: 22
5008: 22
5009: 22
5010: 22
5011: 22
5012: 22
5013: 22
5014: 22
5015: 22
5016: 22
5017: 22
5018: 22
5019: 22
5020: 22
5021: 22
5022: 22
5023: 22
5024: 22
5025: 22
5026: 22
5027: 22
5028: 22
5029: 22
5030: 22
5031: 22
5032: 22
5033: 22
5034: 22
5035: 22
5036: 22
5037: 22
5038: 22
5039: 22
5040: 22
5041: 22
5042: 22
5043: 22
5044: 22
5045: 22
5046: 22
5047: 22
5048: 22
5049: 22
5050: 22
5051: 22
5052: 22
5053: 22
5054: 22
5055: 22
5056: 22
5057: 22
5058: 22
5059: 22
5060: 22
5061: 22
5062: 22
5063: 22
5064: 22
5065: 22
5066: 22
5067: 22
5068: 22
5069: 22
5070: 22
5071: 22
5072: 22
5073: 22
5074: 22
5075: 22
5076: 22
5077: 22
5078: 22
5079: 22
5080: 22
5081: 22
5082: 22
5083: 22
5084: 22
5085: 22
5086: 22
5087: 22
5088: 22
5089: 22
5090: 22
5091: 22
5092: 22
5093: 22
5094: 22
5095: 22
5096: 22
5097: 22
5098: 22
5099: 22
5100: 22
5101: 22
5102: 22
5103: 22
5104: 22
5105: 22
5106: 22
5107: 22
5108: 22
5109: 22
5110: 22
5111: 22
5112: 22
5113: 22
5114: 22
5115: 22
5116: 22
5117: 22
5118: 22
5119: 22
5120: 22
5121: 22
5122: 22
5123: 22
5124: 22
5125: 22
5126: 22
5127: 22
5128: 22
5129: 22
5130: 22
5131: 22
5132: 22
5133: 22
5134: 22
5135: 22
5136: 22
5137: 22
5138: 22
5139: 22
5140: 22
5141: 22
5142: 22
5143: 22
5144: 22
5145: 22
5146: 22
5147: 22
5148: 22
5149: 22
5150: 22
5151: 22
5152: 22
5153: 22
5154: 22
5155: 22
5156: 22
5157: 22
5158: 22
5159: 22
5160: 22
5161: 22
5162: 22
5163: 22
5164: 22
5165: 22
5166: 22
5167: 22
5168: 22
5169: 22
5170: 22
5171: 22
5172: 22
5173: 22
5174: 22
5175: 22
5176: 22
5177: 22
5178: 22
5179: 22
5180: 22
5181: 22
5182: 22
5183: 22
5184: 22
5185: 22
5186: 22
5187: 22
5188: 22
5189: 22
5190: 22
5191: 22
5192: 22
5193: 22
5194: 22
5195: 22
5196: 22
5197: 22
5198: 22
5199: 22
5200: 22
5201: 22
5202: 22
5203: 22
5204: 22
5205: 22
5206: 22
5207: 22
5208: 22
5209: 22
5210: 22
5211: 22
5212: 22
5213: 22
5214: 22
5215: 22
5216: 22
5217: 22
5218: 22
5219: 22
5220: 22
5221: 22
5222: 22
5223: 22
5224: 22
5225: 22
5226: 22
5227: 22
5228: 22
5229: 22
5230: 22
5231: 22
5232: 22
5233: 22
5234: 22
5235: 22
5236: 22
5237: 22
5238: 22
5239: 22
5240: 22
5241: 22
5242: 22
5243: 22
5244: 22
5245: 22
5246: 22
5247: 22
5248: 22
5249: 22
5250: 22
5251: 22
5252: 22
5253: 22
5254: 22
5255: 22
5256: 22
5257: 22
5258: 22
5259: 22
5260: 22
5261: 22
5262: 22
5263: 22
5264: 22
5265: 22
5266: 22
5267: 22
5268: 22
5269: 22
5270: 22
5271: 22
5272: 22
5273: 22
5274: 22
5275: 22
5276: 22
5277: 22
5278: 22
5279: 22
5280: 22
5281: 22
5282: 22
5283: 22
5284: 22
5285: 22
5286: 22
5287: 22
5288: 22
5289: 22
5290: 22
5291: 22
5292: 22
5293: 22
5294: 22
5295: 22
5296: 22
5297: 22
5298: 22
5299: 22
5300: 22
5301: 22
5302: 22
5303: 22
5304: 22
5305: 22
5306: 22
5307: 22
5308: 22
5309: 22
5310: 22
5311: 22
5312: 22
5313: 22
5314: 22
5315: 22
5316: 22
5317: 22
5318: 22
5319: 22
5320: 22
5321: 22
5322: 22
5323: 22
5324: 22
5325: 22
5326: 22
5327: 22
5328: 22
5329: 22
5330: 22
5331: 22
5332: 22
5333: 22
5334: 22
5335: 22
5336: 22
5337: 22
5338: 22
5339: 22
5340: 22
5341: 22
5342: 22
5343: 22
5344: 22
5345: 22
5346: 22
5347: 22
5348: 22
5349: 22
5350: 22
5351: 22
5352: 22
5353: 22
5354: 22
5355: 22
5356: 22
5357: 22
5358: 22
5359: 22
5360: 22
5361: 22
5362: 22
5363: 22
5364: 22
5365: 22
5366: 22
5367: 22
5368: 22
5369: 22
5370: 22
5371: 22
5372: 22
5373: 22
5374: 22
5375: 22
5376: 22
5377: 22
5378: 22
5379: 22
5380: 22
5381: 22
5382: 22
5383: 22
5384: 22
5385: 22
5386: 22
5387: 22
5388: 22
5389: 22
5390: 22
5391: 22
5392: 22
5393: 22
5394: 22
5395: 22
5396: 22
5397: 22
5398: 22
5399: 22
5400: 22
5401: 22
5402: 22
5403: 22
5404: 22
5405: 22
5406: 22
5407: 22
5408: 22
5409: 22
5410: 22
5411: 22
5412: 22
5413: 22
5414: 22
5415: 22
5416: 22
5417: 22
5418: 22
5419: 22
5420: 22
5421: 22
5422: 22
5423: 22
5424: 22
5425: 22
5426: 22
5427: 22
5428: 22
5429: 22
5430: 22
5431: 22
5432: 22
5433: 22
5434: 22
5435: 22
5436: 22
5437: 22
5438: 22
5439: 22
5440: 22
5441: 22
5442: 22
5443: 22
5444: 22
5445: 22
5446: 22
5447: 22
5448: 22
5449: 22
5450: 22
5451: 22
5452: 22
5453: 22
5454: 22
5455: 22
5456: 22
5457: 22
5458: 22
5459: 22
5460: 22
5461: 22
5462: 22
5463: 22
5464: 22
5465: 22
5466: 22
5467: 22
5468: 22
5469: 22
5470: 22
5471: 22
5472: 22
5473: 22
5474: 22
5475: 22
5476: 22
5477: 22
5478: 22
5479: 22
5480: 22
5481: 22
5482: 22
5483: 22
5484: 22
5485: 22
5486: 22
5487: 22
5488: 22
5489: 22
5490: 22
5491: 22
5492: 22
5493: 22
5494: 22
5495: 22
5496: 22
5497: 22
5498: 22
5499: 22
5500: 22
5501: 22
5502: 22
5503: 22
5504: 22
5505: 22
5506: 22
5507: 22
5508: 22
5509: 22
5510: 22
5511: 22
5512: 22
5513: 22
5514: 22
5515: 22
5516: 22
5517: 22
5518: 22
5519: 22
5520: 22
5521: 22
5522: 22
5523: 22
5524: 22
5525: 22
5526: 22
5527: 22
5528: 22
5529: 22
5530: 22
5531: 22
5532: 22
5533: 22
5534: 22
5535: 22
5536: 22
5537: 22
5538: 22
5539: 22
5540: 22
5541: 22
5542: 22
5543: 22
5544: 22
5545: 22
5546: 22
5547: 22
5548: 22
5549: 22
5550: 22
5551: 22
5552: 22
5553: 22
5554: 22
5555: 22
5556: 22
5557: 22
5558: 22
5559: 22
5560: 22
5561: 22
5562: 22
5563: 22
5564: 22
5565: 22
5566: 22
5567: 22
5568: 22
5569: 22
5570: 22
5571: 22
5572: 22
5573: 22
5574: 22
5575: 22
5576: 22
5577: 22
5578: 22
5579: 22
5580: 22
5581: 22
5582: 22
5583: 22
5584: 22
5585: 22
5586: 22
5587: 22
5588: 22
5589: 22
5590: 22
5591: 22
5592: 22
5593: 22
5594: 22
5595: 22
5596: 22
5597: 22
5598: 22
5599: 22
5600: 22
5601: 22
5602: 22
5603: 22
5604: 22
5605: 22
5606: 22
5607: 22
5608: 22
5609: 22
5610: 22
5611: 22
5612: 22
5613: 22
5614: 22
5615: 22
5616: 22
5617: 22
5618: 22
5619: 22
5620: 22
5621: 22
5622: 22
5623: 22
5624: 22
5625: 22
5626: 22
5627: 22
5628: 22
5629: 22
5630: 22
5631: 22
5632: 22
5633: 22
5634: 22
5635: 22
5636: 22
5637: 22
5638: 22
5639: 22
5640: 22
5641: 22
5642: 22
5643: 22
5644: 22
5645: 22
5646: 22
5647: 22
5648: 22
5649: 22
5650: 22
5651: 22
5652: 22
5653: 22
5654: 22
5655: 22
5656: 22
5657: 22
5658: 22
5659: 22
5660: 22
5661: 22
5662: 22
5663: 22
5664: 22
5665: 22
5666: 22
5667: 22
5668: 22
5669: 22
5670: 22
5671: 22
5672: 22
5673: 22
5674: 22
5675: 22
5676: 22
5677: 22
5678: 22
5679: 22
5680: 22
5681: 22
5682: 22
5683: 22
5684: 22
5685: 22
5686: 22
5687: 22
5688: 22
5689: 22
5690: 22
5691: 22
5692: 22
5693: 22
5694: 22
5695: 22
5696: 22
5697: 22
5698: 22
5699: 22
5700: 22
5701: 22
5702: 22
5703: 22
5704: 22
5705: 22
5706: 22
5707: 22
5708: 22
5709: 22
5710: 22
5711: 22
5712: 22
5713: 22
5714: 22
5715: 22
5716: 22
5717: 22
5718: 22
5719: 22
5720: 22
5721: 22
5722: 22
5723: 22
5724: 22
5725: 22
5726: 22
5727: 22
5728: 22
5729: 22
5730: 22
5731: 22
5732: 22
5733: 22
5734: 22
5735: 22
5736: 22
5737: 22
5738: 22
5739: 22
5740: 22
5741: 22
5742: 22
5743: 22
5744: 22
5745: 22
5746: 22
5747: 22
5748: 22
5749: 22
5750: 22
5751: 22
5752: 22
5753: 22
5754: 22
5755: 22
5756: 22
5757: 22
5758: 22
5759: 22
5760: 22
5761: 22
5762: 22
5763: 22
5764: 22
5765: 22
5766: 22
5767: 22
5768: 22
5769: 22
5770: 22
5771: 22
5772: 22
5773: 22
5774: 22
5775: 22
5776: 22
5777: 22
5778: 22
5779: 22
5780: 22
5781: 22
5782: 22
5783: 22
5784: 22
5785: 22
5786: 22
5787: 22
5788: 22
5789: 22
5790: 22
5791: 22
5792: 22
5793: 22
5794: 22
5795: 22
5796: 22
5797: 22
5798: 22
5799: 22
5800: 22
5801: 22
5802: 22
5803: 22
5804: 22
5805: 22
5806: 22
5807: 22
5808: 22
5809: 22
5810: 22
5811: 22
5812: 22
5813: 22
5814: 22
5815: 22
5816: 22
5817: 22
5818: 22
5819: 22
5820: 22
5821: 22
5822: 22
5823: 22
5824: 22
5825: 22
5826: 22
5827: 22
5828: 22
5829: 22
5830: 22
5831: 22
5832: 22
5833: 22
5834: 22
5835: 22
5836: 22
5837: 22
5838: 22
5839: 22
5840: 22
5841: 22
5842: 22
5843: 22
5844: 22
5845: 22
5846: 22
5847: 22
5848: 22
5849: 22
5850: 22
5851: 22
5852: 22
5853: 22
5854: 22
5855: 22
5856: 22
5857: 22
5858: 22
5859: 22
5860: 22
5861: 22
5862: 22
5863: 22
5864: 22
5865: 22
5866: 22
5867: 22
5868: 22
5869: 22
5870: 22
5871: 22
5872: 22
5873: 22
5874: 22
5875: 22
5876: 22
5877: 22
5878: 22
5879: 22
5880: 22
5881: 22
5882: 22
5883: 22
5884: 22
5885: 22
5886: 22
5887: 22
5888: 22
5889: 22
5890: 22
5891: 22
5892: 22
5893: 22
5894: 22
5895: 22
5896: 23
5897: 23
5898: 23
5899: 23
5900: 23
5901: 23
5902: 23
5903: 23
5904: 23
5905: 23
5906: 23
5907: 23
5908: 23
5909: 23
5910: 23
5911: 23
5912: 23
5913: 23
5914: 23
5915: 23
5916: 23
5917: 23
5918: 23
5919: 23
5920: 23
5921: 23
5922: 23
5923: 23
5924: 23
5925: 23
5926: 23
5927: 23
5928: 23
5929: 23
5930: 23
5931: 23
5932: 23
5933: 23
5934: 23
5935: 23
5936: 23
5937: 23
5938: 23
5939: 23
5940: 23
5941: 23
5942: 23
5943: 23
5944: 23
5945: 23
5946: 23
5947: 23
5948: 23
5949: 23
5950: 23
5951: 23
5952: 23
5953: 23
5954: 23
5955: 23
5956: 23
5957: 23
5958: 23
5959: 23
5960: 23
5961: 23
5962: 23
5963: 23
5964: 23
5965: 23
5966: 23
5967: 23
5968: 23
5969: 23
5970: 23
5971: 23
5972: 23
5973: 23
5974: 23
5975: 23
5976: 23
5977: 23
5978: 23
5979: 23
5980: 23
5981: 23
5982: 23
5983: 23
5984: 23
5985: 23
5986: 23
5987: 23
5988: 23
5989: 23
5990: 23
5991: 23
5992: 23
5993: 23
5994: 23
5995: 23
5996: 23
5997: 23
5998: 23
5999: 23
6000: 23
6001: 23
6002: 23
6003: 23
6004: 23
6005: 23
6006: 23
6007: 23
6008: 23
6009: 23
6010: 23
6011: 23
6012: 23
6013: 23
6014: 23
6015: 23
6016: 23
6017: 23
6018: 23
6019: 23
6020: 23
6021: 23
6022: 23
6023: 23
6024: 23
6025: 23
6026: 23
6027: 23
6028: 23
6029: 23
6030: 23
6031: 23
6032: 23
6033: 23
6034: 23
6035: 23
6036: 23
6037: 23
6038: 23
6039: 23
6040: 23
6041: 23
6042: 23
6043: 23
6044: 23
6045: 23
6046: 23
6047: 23
6048: 23
6049: 23
6050: 23
6051: 23
6052: 23
6053: 23
6054: 23
6055: 23
6056: 23
6057: 23
6058: 23
6059: 23
6060: 23
6061: 23
6062: 23
6063: 23
6064: 23
6065: 23
6066: 23
6067: 23
6068: 23
6069: 23
6070: 23
6071: 23
6072: 23
6073: 23
6074: 23
6075: 23
6076: 23
6077: 23
6078: 23
6079: 23
6080: 23
6081: 23
6082: 23
6083: 23
6084: 23
6085: 23
6086: 23
6087: 23
6088: 23
6089: 23
6090: 23
6091: 23
6092: 23
6093: 23
6094: 23
6095: 23
6096: 23
6097: 23
6098: 23
6099: 23
6100: 23
6101: 23
6102: 23
6103: 23
6104: 23
6105: 23
6106: 23
6107: 23
6108: 23
6109: 23
6110: 23
6111: 23
6112: 23
6113: 23
6114: 23
6115: 23
6116: 23
6117: 23
6118: 23
6119: 23
6120: 23
6121: 23
6122: 23
6123: 23
6124: 23
6125: 23
6126: 23
6127: 23
6128: 23
6129: 23
6130: 23
6131: 23
6132: 23
6133: 23
6134: 23
6135: 23
6136: 23
6137: 23
6138: 23
6139: 23
6140: 23
6141: 23
6142: 23
6143: 23
6144: 23
6145: 23
6146: 23
6147: 23
6148: 23
6149: 23
6150: 23
6151: 23
6152: 23
6153: 23
6154: 23
6155: 23
6156: 23
6157: 23
6158: 23
6159: 23
6160: 23
6161: 23
6162: 23
6163: 23
6164: 23
6165: 23
6166: 23
6167: 23
6168: 23
6169: 23
6170: 23
6171: 23
6172: 23
6173: 23
6174: 23
6175: 23
6176: 23
6177: 23
6178: 23
6179: 23
6180: 23
6181: 23
6182: 23
6183: 23
6184: 23
6185: 23
6186: 23
6187: 23
6188: 23
6189: 23
6190: 23
6191: 23
6192: 23
6193: 23
6194: 23
6195: 23
6196: 23
6197: 23
6198: 23
6199: 23
6200: 23
6201: 23
6202: 23
6203: 23
6204: 23
6205: 23
6206: 23
6207: 23
6208: 23
6209: 23
6210: 23
6211: 23
6212: 23
6213: 23
6214: 23
6215: 23
6216: 23
6217: 23
6218: 23
6219: 23
6220: 23
6221: 23
6222: 23
6223: 23
6224: 23
6225: 23
6226: 23
6227: 23
6228: 23
6229: 23
6230: 23
6231: 23
6232: 23
6233: 23
6234: 23
6235: 23
6236: 23
6237: 23
6238: 23
6239: 23
6240: 23
6241: 23
6242: 23
6243: 23
6244: 23
6245: 23
6246: 23
6247: 23
6248: 23
6249: 23
6250: 23
6251: 23
6252: 23
6253: 23
6254: 23
6255: 23
6256: 23
6257: 23
6258: 23
6259: 23
6260: 23
6261: 23
6262: 23
6263: 23
6264: 23
6265: 23
6266: 23
6267: 23
6268: 23
6269: 23
6270: 23
6271: 23
6272: 23
6273: 23
6274: 23
6275: 23
6276: 23
6277: 23
6278: 23
6279: 23
6280: 23
6281: 23
6282: 23
6283: 23
6284: 23
6285: 23
6286: 23
6287: 23
6288: 23
6289: 23
6290: 23
6291: 23
6292: 23
6293: 23
6294: 23
6295: 23
6296: 23
6297: 23
6298: 23
6299: 23
6300: 23
6301: 23
6302: 23
6303: 23
6304: 23
6305: 23
6306: 23
6307: 23
6308: 23
6309: 23
6310: 23
6311: 23
6312: 23
6313: 23
6314: 23
6315: 23
6316: 23
6317: 23
6318: 23
6319: 23
6320: 23
6321: 23
6322: 23
6323: 23
6324: 23
6325: 23
6326: 23
6327: 23
6328: 23
6329: 23
6330: 23
6331: 23
6332: 23
6333: 23
6334: 23
6335: 23
6336: 23
6337: 23
6338: 23
6339: 23
6340: 23
6341: 23
6342: 23
6343: 23
6344: 23
6345: 23
6346: 23
6347: 23
6348: 23
6349: 23
6350: 23
6351: 23
6352: 23
6353: 23
6354: 23
6355: 23
6356: 23
6357: 23
6358: 23
6359: 23
6360: 23
6361: 23
6362: 23
6363: 23
6364: 23
6365: 23
6366: 23
6367: 23
6368: 23
6369: 23
6370: 23
6371: 23
6372: 23
6373: 23
6374: 23
6375: 23
6376: 23
6377: 23
6378: 23
6379: 23
6380: 23
6381: 23
6382: 23
6383: 23
6384: 23
6385: 23
6386: 23
6387: 23
6388: 23
6389: 23
6390: 23
6391: 23
6392: 23
6393: 23
6394: 23
6395: 23
6396: 23
6397: 23
6398: 23
6399: 23
6400: 23
6401: 23
6402: 23
6403: 23
6404: 23
6405: 23
6406: 23
6407: 23
6408: 23
6409: 23
6410: 23
6411: 23
6412: 23
6413: 23
6414: 23
6415: 23
6416: 23
6417: 23
6418: 23
6419: 23
6420: 23
6421: 23
6422: 23
6423: 23
6424: 23
6425: 23
6426: 23
6427: 23
6428: 23
6429: 23
6430: 23
6431: 23
6432: 23
6433: 23
6434: 23
6435: 23
6436: 23
6437: 23
6438: 23
6439: 23
6440: 23
6441: 23
6442: 23
6443: 23
6444: 23
6445: 23
6446: 23
6447: 23
6448: 23
6449: 23
6450: 23
6451: 23
6452: 23
6453: 23
6454: 23
6455: 23
6456: 23
6457: 23
6458: 23
6459: 23
6460: 23
6461: 23
6462: 23
6463: 23
6464: 23
6465: 23
6466: 23
6467: 23
6468: 23
6469: 23
6470: 23
6471: 23
6472: 23
6473: 23
6474: 23
6475: 23
6476: 23
6477: 23
6478: 23
6479: 23
6480: 23
6481: 23
6482: 23
6483: 23
6484: 23
6485: 23
6486: 23
6487: 23
6488: 23
6489: 23
6490: 23
6491: 23
6492: 23
6493: 23
6494: 23
6495: 23
6496: 23
6497: 23
6498: 23
6499: 23
6500: 23
6501: 23
6502: 23
6503: 23
6504: 23
6505: 23
6506: 23
6507: 23
6508: 23
6509: 23
6510: 23
6511: 23
6512: 23
6513: 23
6514: 23
6515: 23
6516: 23
6517: 23
6518: 23
6519: 23
6520: 23
6521: 23
6522: 23
6523: 23
6524: 23
6525: 23
6526: 23
6527: 23
6528: 23
6529: 23
6530: 23
6531: 23
6532: 23
6533: 23
6534: 23
6535: 23
6536: 23
6537: 23
6538: 23
6539: 23
6540: 23
6541: 23
6542: 23
6543: 23
6544: 23
6545: 23
6546: 23
6547: 23
6548: 23
6549: 23
6550: 23
6551: 23
6552: 23
6553: 23
6554: 23
6555: 23
6556: 23
6557: 23
6558: 23
6559: 23
6560: 23
6561: 23
6562: 23
6563: 23
6564: 23
6565: 23
6566: 23
6567: 23
6568: 23
6569: 23
6570: 23
6571: 23
6572: 23
6573: 23
6574: 23
6575: 23
6576: 23
6577: 23
6578: 23
6579: 23
6580: 23
6581: 23
6582: 23
6583: 23
6584: 23
6585: 23
6586: 23
6587: 23
6588: 23
6589: 23
6590: 23
6591: 23
6592: 23
6593: 23
6594: 23
6595: 23
6596: 23
6597: 23
6598: 23
6599: 23
6600: 23
6601: 23
6602: 23
6603: 23
6604: 23
6605: 23
6606: 23
6607: 23
6608: 23
6609: 23
6610: 23
6611: 23
6612: 23
6613: 23
6614: 23
6615: 23
6616: 23
6617: 23
6618: 23
6619: 23
6620: 23
6621: 23
6622: 23
6623: 23
6624: 23
6625: 23
6626: 23
6627: 23
6628: 23
6629: 23
6630: 23
6631: 23
6632: 23
6633: 23
6634: 23
6635: 23
6636: 23
6637: 23
6638: 23
6639: 23
6640: 23
6641: 23
6642: 23
6643: 23
6644: 23
6645: 23
6646: 23
6647: 23
6648: 23
6649: 23
6650: 23
6651: 23
6652: 23
6653: 23
6654: 23
6655: 23
6656: 23
6657: 23
6658: 23
6659: 23
6660: 23
6661: 23
6662: 23
6663: 23
6664: 23
6665: 23
6666: 23
6667: 23
6668: 23
6669: 23
6670: 23
6671: 23
6672: 23
6673: 23
6674: 23
6675: 23
6676: 23
6677: 23
6678: 23
6679: 23
6680: 23
6681: 23
6682: 23
6683: 23
6684: 23
6685: 23
6686: 23
6687: 23
6688: 23
6689: 23
6690: 23
6691: 23
6692: 23
6693: 23
6694: 23
6695: 23
6696: 23
6697: 23
6698: 23
6699: 23
6700: 23
6701: 23
6702: 23
6703: 23
6704: 23
6705: 23
6706: 23
6707: 23
6708: 23
6709: 23
6710: 23
6711: 23
6712: 23
6713: 23
6714: 23
6715: 23
6716: 23
6717: 23
6718: 23
6719: 23
6720: 23
6721: 23
6722: 23
6723: 23
6724: 23
6725: 23
6726: 23
6727: 23
6728: 23
6729: 23
6730: 23
6731: 23
6732: 23
6733: 23
6734: 23
6735: 23
6736: 23
6737: 23
6738: 23
6739: 23
6740: 23
6741: 23
6742: 23
6743: 23
6744: 23
6745: 23
6746: 23
6747: 23
6748: 23
6749: 23
6750: 23
6751: 23
6752: 23
6753: 23
6754: 23
6755: 23
6756: 23
6757: 23
6758: 23
6759: 23
6760: 23
6761: 23
6762: 23
6763: 23
6764: 23
6765: 23
6766: 23
6767: 23
6768: 23
6769: 23
6770: 23
6771: 23
6772: 23
6773: 23
6774: 23
6775: 23
6776: 23
6777: 23
6778: 23
6779: 23
6780: 23
6781: 23
6782: 23
6783: 23
6784: 23
6785: 23
6786: 23
6787: 23
6788: 23
6789: 23
6790: 23
6791: 23
6792: 23
6793: 23
6794: 23
6795: 23
6796: 23
6797: 23
6798: 23
6799: 23
6800: 23
6801: 23
6802: 23
6803: 23
6804: 23
6805: 23
6806: 23
6807: 23
6808: 23
6809: 23
6810: 23
6811: 23
6812: 23
6813: 23
6814: 23
6815: 23
6816: 23
6817: 23
6818: 23
6819: 23
6820: 23
6821: 23
6822: 23
6823: 23
6824: 23
6825: 23
6826: 23
6827: 23
6828: 23
6829: 23
6830: 23
6831: 23
6832: 23
6833: 23
6834: 23
6835: 23
6836: 23
6837: 23
6838: 23
6839: 23
6840: 23
6841: 23
6842: 23
6843: 23
6844: 23
6845: 23
6846: 23
6847: 23
6848: 23
6849: 23
6850: 23
6851: 23
6852: 23
6853: 23
6854: 23
6855: 23
6856: 23
6857: 23
6858: 23
6859: 23
6860: 23
6861: 23
6862: 23
6863: 23
6864: 23
6865: 23
6866: 23
6867: 23
6868: 23
6869: 23
6870: 23
6871: 23
6872: 23
6873: 23
6874: 23
6875: 23
6876: 23
6877: 23
6878: 23
6879: 23
6880: 23
6881: 23
6882: 23
6883: 23
6884: 23
6885: 23
6886: 23
6887: 23
6888: 23
6889: 23
6890: 23
6891: 23
6892: 23
6893: 23
6894: 23
6895: 23
6896: 23
6897: 23
6898: 23
6899: 23
6900: 23
6901: 23
6902: 23
6903: 23
6904: 23
6905: 23
6906: 23
6907: 23
6908: 23
6909: 23
6910: 23
6911: 23
6912: 23
6913: 23
6914: 23
6915: 23
6916: 23
6917: 23
6918: 23
6919: 23
6920: 23
6921: 23
6922: 23
6923: 23
6924: 23
6925: 23
6926: 23
6927: 23
6928: 23
6929: 23
6930: 23
6931: 23
6932: 23
6933: 23
6934: 23
6935: 23
6936: 23
6937: 23
6938: 23
6939: 23
6940: 23
6941: 23
6942: 23
6943: 23
6944: 23
6945: 23
6946: 23
6947: 23
6948: 23
6949: 23
6950: 23
6951: 23
6952: 23
6953: 23
6954: 23
6955: 23
6956: 23
6957: 23
6958: 23
6959: 23
6960: 23
6961: 23
6962: 23
6963: 23
6964: 23
6965: 23
6966: 23
6967: 23
6968: 23
6969: 23
6970: 23
6971: 23
6972: 23
6973: 23
6974: 23
6975: 23
6976: 23
6977: 23
6978: 23
6979: 23
6980: 23
6981: 23
6982: 23
6983: 23
6984: 23
6985: 23
6986: 23
6987: 23
6988: 23
6989: 23
6990: 23
6991: 23
6992: 23
6993: 23
6994: 23
6995: 23
6996: 23
6997: 23
6998: 23
6999: 23
7000: 23
7001: 23
7002: 23
7003: 23
7004: 23
7005: 23
7006: 23
7007: 23
7008: 23
7009: 23
7010: 23
7011: 23
7012: 23
7013: 23
7014: 23
7015: 23
7016: 23
7017: 23
7018: 23
7019: 23
7020: 23
7021: 23
7022: 23
7023: 23
7024: 23
7025: 23
7026: 23
7027: 23
7028: 23
7029: 23
7030: 23
7031: 23
7032: 23
7033: 23
7034: 23
7035: 23
7036: 23
7037: 23
7038: 23
7039: 23
7040: 23
7041: 23
7042: 23
7043: 23
7044: 23
7045: 23
7046: 23
7047: 23
7048: 23
7049: 23
7050: 23
7051: 23
7052: 23
7053: 23
7054: 23
7055: 23
7056: 23
7057: 23
7058: 23
7059: 23
7060: 23
7061: 23
7062: 23
7063: 23
7064: 23
7065: 23
7066: 23
7067: 23
7068: 23
7069: 23
7070: 23
7071: 23
7072: 23
7073: 23
7074: 23
7075: 23
7076: 23
7077: 23
7078: 23
7079: 23
7080: 23
7081: 23
7082: 23
7083: 23
7084: 23
7085: 23
7086: 23
7087: 23
7088: 23
7089: 23
7090: 23
7091: 23
7092: 23
7093: 23
7094: 23
7095: 23
7096: 23
7097: 23
7098: 23
7099: 23
7100: 23
7101: 23
7102: 23
7103: 23
7104: 23
7105: 23
7106: 23
7107: 23
7108: 23
7109: 23
7110: 23
7111: 23
7112: 23
7113: 23
