1: 1
2: 2
3: 3
4: 4
5: 5
6: 6
7: 7
8: 8
9: 9
10: 10
11: 11
12: 12
13: 12
14: 13
15: 13
16: 13
17: 14
18: 14
19: 14
20: 14
21: 15
22: 15
23: 15
24: 15
25: 15
26: 16
27: 16
28: 16
29: 16
30: 16
31: 16
32: 17
33: 17
34: 17
35: 17
36: 17
37: 17
38: 17
39: 18
40: 18
41: 18
42: 18
43: 18
44: 18
45: 18
46: 18
47: 19
48: 19
49: 19
50: 19
51: 19
52: 19
53: 19
54: 19
55: 19
56: 20
57: 20
58: 20
59: 20
60: 20
61: 20
62: 20
63: 20
64: 20
65: 20
66: 21
67: 21
68: 21
69: 21
70: 21
71: 21
72: 21
73: 21
74: 21
75: 21
76: 21
77: 22
78: 22
79: 22
80: 22
81: 22
82: 22
83: 22
84: 22
85: 22
86: 22
87: 22
88: 22
89: 23
90: 23
91: 23
92: 23
93: 23
94: 23
95: 23
96: 23
97: 23
98: 23
99: 23
100: 23
101: 23
102: 23
103: 24
104: 24
105: 24
106: 24
107: 24
108: 24
109: 24
110: 24
111: 24
112: 24
113: 24
114: 24
115: 24
116: 24
117: 24
118: 24
119: 24
120: 25
121: 25
122: 25
123: 25
124: 25
125: 25
126: 25
127: 25
128: 25
129: 25
130: 25
131: 25
132: 25
133: 25
134: 25
135: 25
136: 25
137: 25
138: 25
139: 25
140: 25
141: 26
142: 26
143: 26
144: 26
145: 26
146: 26
147: 26
148: 26
149: 26
150: 26
151: 26
152: 26
153: 26
154: 26
155: 26
156: 26
157: 26
158: 26
159: 26
160: 26
161: 26
162: 26
163: 26
164: 26
165: 26
166: 26
167: 27
168: 27
169: 27
170: 27
171: 27
172: 27
173: 27
174: 27
175: 27
176: 27
177: 27
178: 27
179: 27
180: 27
181: 27
182: 27
183: 27
184: 27
185: 27
186: 27
187: 27
188: 27
189: 27
190: 27
191: 27
192: 27
193: 27
194: 27
195: 27
196: 27
197: 27
198: 27
199: 28
200: 28
201: 28
202: 28
203: 28
204: 28
205: 28
206: 28
207: 28
208: 28
209: 28
210: 28
211: 28
212: 28
213: 28
214: 28
215: 28
216: 28
217: 28
218: 28
219: 28
220: 28
221: 28
222: 28
223: 28
224: 28
225: 28
226: 28
227: 28
228: 28
229: 28
230: 28
231: 28
232: 28
233: 28
234: 28
235: 28
236: 28
237: 28
238: 29
239: 29
240: 29
241: 29
242: 29
243: 29
244: 29
245: 29
246: 29
247: 29
248: 29
249: 29
250: 29
251: 29
252: 29
253: 29
254: 29
255: 29
256: 29
257: 29
258: 29
259: 29
260: 29
261: 29
262: 29
263: 29
264: 29
265: 29
266: 29
267: 29
268: 29
269: 29
270: 29
271: 29
272: 29
273: 29
274: 29
275: 29
276: 29
277: 29
278: 29
279: 29
280: 29
281: 29
282: 29
283: 29
284: 29
285: 30
286: 30
287: 30
288: 30
289: 30
290: 30
291: 30
292: 30
293: 30
294: 30
295: 30
296: 30
297: 30
298: 30
299: 30
300: 30
301: 30
302: 30
303: 30
304: 30
305: 30
306: 30
307: 30
308: 30
309: 30
310: 30
311: 30
312: 30
313: 30
314: 30
315: 30
316: 30
317: 30
318: 30
319: 30
320: 30
321: 30
322: 30
323: 30
324: 30
325: 30
326: 30
327: 30
328: 30
329: 30
330: 30
331: 30
332: 30
333: 30
334: 30
335: 30
336: 30
337: 30
338: 30
339: 30
340: 30
341: 31
342: 31
343: 31
344: 31
345: 31
346: 31
347: 31
348: 31
349: 31
350: 31
351: 31
352: 31
353: 31
354: 31
355: 31
356: 31
357: 31
358: 31
359: 31
360: 31
361: 31
362: 31
363: 31
364: 31
365: 31
366: 31
367: 31
368: 31
369: 31
370: 31
371: 31
372: 31
373: 31
374: 31
375: 31
376: 31
377: 31
378: 31
379: 31
380: 31
381: 31
382: 31
383: 31
384: 31
385: 31
386: 31
387: 31
388: 31
389: 31
390: 31
391: 31
392: 31
393: 31
394: 31
395: 31
396: 31
397: 31
398: 31
399: 31
400: 31
401: 31
402: 31
403: 31
404: 31
405: 31
406: 31
407: 32
408: 32
409: 32
410: 32
411: 32
412: 32
413: 32
414: 32
415: 32
416: 32
417: 32
418: 32
419: 32
420: 32
421: 32
422: 32
423: 32
424: 32
425: 32
426: 32
427: 32
428: 32
429: 32
430: 32
431: 32
432: 32
433: 32
434: 32
435: 32
436: 32
437: 32
438: 32
439: 32
440: 32
441: 32
442: 32
443: 32
444: 32
445: 32
446: 32
447: 32
448: 32
449: 32
450: 32
451: 32
452: 32
453: 32
454: 32
455: 32
456: 32
457: 32
458: 32
459: 32
460: 32
461: 32
462: 32
463: 32
464: 32
465: 32
466: 32
467: 32
468: 32
469: 32
470: 32
471: 32
472: 32
473: 32
474: 32
475: 32
476: 32
477: 32
478: 32
479: 32
480: 32
481: 32
482: 32
483: 32
484: 33
485: 33
486: 33
487: 33
488: 33
489: 33
490: 33
491: 33
492: 33
493: 33
494: 33
495: 33
496: 33
497: 33
498: 33
499: 33
500: 33
501: 33
502: 33
503: 33
504: 33
505: 33
506: 33
507: 33
508: 33
509: 33
510: 33
511: 33
512: 33
513: 33
514: 33
515: 33
516: 33
517: 33
518: 33
519: 33
520: 33
521: 33
522: 33
523: 33
524: 33
525: 33
526: 33
527: 33
528: 33
529: 33
530: 33
531: 33
532: 33
533: 33
534: 33
535: 33
536: 33
537: 33
538: 33
539: 33
540: 33
541: 33
542: 33
543: 33
544: 33
545: 33
546: 33
547: 33
548: 33
549: 33
550: 33
551: 33
552: 33
553: 33
554: 33
555: 33
556: 33
557: 33
558: 33
559: 33
560: 33
561: 33
562: 33
563: 33
564: 33
565: 33
566: 33
567: 33
568: 33
569: 33
570: 33
571: 33
572: 33
573: 34
574: 34
575: 34
576: 34
577: 34
578: 34
579: 34
580: 34
581: 34
582: 34
583: 34
584: 34
585: 34
586: 34
587: 34
588: 34
589: 34
590: 34
591: 34
592: 34
593: 34
594: 34
595: 34
596: 34
597: 34
598: 34
599: 34
600: 34
601: 34
602: 34
603: 34
604: 34
605: 34
606: 34
607: 34
608: 34
609: 34
610: 34
611: 34
612: 34
613: 34
614: 34
615: 34
616: 34
617: 34
618: 34
619: 34
620: 34
621: 34
622: 34
623: 34
624: 34
625: 34
626: 34
627: 34
628: 34
629: 34
630: 34
631: 34
632: 34
633: 34
634: 34
635: 34
636: 34
637: 34
638: 34
639: 34
640: 34
641: 34
642: 34
643: 34
644: 34
645: 34
646: 34
647: 34
648: 34
649: 34
650: 34
651: 34
652: 34
653: 34
654: 34
655: 34
656: 34
657: 34
658: 34
659: 34
660: 34
661: 34
662: 34
663: 34
664: 34
665: 34
666: 34
667: 34
668: 34
669: 34
670: 34
671: 34
672: 34
673: 34
674: 34
675: 34
676: 35
677: 35
678: 35
679: 35
680: 35
681: 35
682: 35
683: 35
684: 35
685: 35
686: 35
687: 35
688: 35
689: 35
690: 35
691: 35
692: 35
693: 35
694: 35
695: 35
696: 35
697: 35
698: 35
699: 35
700: 35
701: 35
702: 35
703: 35
704: 35
705: 35
706: 35
707: 35
708: 35
709: 35
710: 35
711: 35
712: 35
713: 35
714: 35
715: 35
716: 35
717: 35
718: 35
719: 35
720: 35
721: 35
722: 35
723: 35
724: 35
725: 35
726: 35
727: 35
728: 35
729: 35
730: 35
731: 35
732: 35
733: 35
734: 35
735: 35
736: 35
737: 35
738: 35
739: 35
740: 35
741: 35
742: 35
743: 35
744: 35
745: 35
746: 35
747: 35
748: 35
749: 35
750: 35
751: 35
752: 35
753: 35
754: 35
755: 35
756: 35
757: 35
758: 35
759: 35
760: 35
761: 35
762: 35
763: 35
764: 35
765: 35
766: 35
767: 35
768: 35
769: 35
770: 35
771: 35
772: 35
773: 35
774: 35
775: 35
776: 35
777: 35
778: 35
779: 35
780: 35
781: 35
782: 35
783: 35
784: 35
785: 35
786: 35
787: 35
788: 35
789: 35
790: 35
791: 35
792: 35
793: 35
794: 35
795: 35
796: 36
797: 36
798: 36
799: 36
800: 36
801: 36
802: 36
803: 36
804: 36
805: 36
806: 36
807: 36
808: 36
809: 36
810: 36
811: 36
812: 36
813: 36
814: 36
815: 36
816: 36
817: 36
818: 36
819: 36
820: 36
821: 36
822: 36
823: 36
824: 36
825: 36
826: 36
827: 36
828: 36
829: 36
830: 36
831: 36
832: 36
833: 36
834: 36
835: 36
836: 36
837: 36
838: 36
839: 36
840: 36
841: 36
842: 36
843: 36
844: 36
845: 36
846: 36
847: 36
848: 36
849: 36
850: 36
851: 36
852: 36
853: 36
854: 36
855: 36
856: 36
857: 36
858: 36
859: 36
860: 36
861: 36
862: 36
863: 36
864: 36
865: 36
866: 36
867: 36
868: 36
869: 36
870: 36
871: 36
872: 36
873: 36
874: 36
875: 36
876: 36
877: 36
878: 36
879: 36
880: 36
881: 36
882: 36
883: 36
884: 36
885: 36
886: 36
887: 36
888: 36
889: 36
890: 36
891: 36
892: 36
893: 36
894: 36
895: 36
896: 36
897: 36
898: 36
899: 36
900: 36
901: 36
902: 36
903: 36
904: 36
905: 36
906: 36
907: 36
908: 36
909: 36
910: 36
911: 36
912: 36
913: 36
914: 36
915: 36
916: 36
917: 36
918: 36
919: 36
920: 36
921: 36
922: 36
923: 36
924: 36
925: 36
926: 36
927: 36
928: 36
929: 36
930: 36
931: 36
932: 36
933: 36
934: 36
935: 36
936: 36
937: 37
938: 37
939: 37
940: 37
941: 37
942: 37
943: 37
944: 37
945: 37
946: 37
947: 37
948: 37
949: 37
950: 37
951: 37
952: 37
953: 37
954: 37
955: 37
956: 37
957: 37
958: 37
959: 37
960: 37
961: 37
962: 37
963: 37
964: 37
965: 37
966: 37
967: 37
968: 37
969: 37
970: 37
971: 37
972: 37
973: 37
974: 37
975: 37
976: 37
977: 37
978: 37
979: 37
980: 37
981: 37
982: 37
983: 37
984: 37
985: 37
986: 37
987: 37
988: 37
989: 37
990: 37
991: 37
992: 37
993: 37
994: 37
995: 37
996: 37
997: 37
998: 37
999: 37
1000: 37
1001: 37
1002: 37
1003: 37
1004: 37
1005: 37
1006: 37
1007: 37
1008: 37
1009: 37
1010: 37
1011: 37
1012: 37
1013: 37
1014: 37
1015: 37
1016: 37
1017: 37
1018: 37
1019: 37
1020: 37
1021: 37
1022: 37
1023: 37
1024: 37
1025: 37
1026: 37
1027: 37
1028: 37
1029: 37
1030: 37
1031: 37
1032: 37
1033: 37
1034: 37
1035: 37
1036: 37
1037: 37
1038: 37
1039: 37
1040: 37
1041: 37
1042: 37
1043: 37
1044: 37
1045: 37
1046: 37
1047: 37
1048: 37
1049: 37
1050: 37
1051: 37
1052: 37
1053: 37
1054: 37
1055: 37
1056: 37
1057: 37
1058: 37
1059: 37
1060: 37
1061: 37
1062: 37
1063: 37
1064: 37
1065: 37
1066: 37
1067: 37
1068: 37
1069: 37
1070: 37
1071: 37
1072: 37
1073: 37
1074: 37
1075: 37
1076: 37
1077: 37
1078: 37
1079: 37
1080: 37
1081: 37
1082: 37
1083: 37
1084: 37
1085: 37
1086: 37
1087: 37
1088: 37
1089: 37
1090: 37
1091: 37
1092: 37
1093: 37
1094: 37
1095: 37
1096: 37
1097: 37
1098: 37
1099: 37
1100: 37
1101: 37
1102: 37
1103: 37
1104: 38
1105: 38
1106: 38
1107: 38
1108: 38
1109: 38
1110: 38
1111: 38
1112: 38
1113: 38
1114: 38
1115: 38
1116: 38
1117: 38
1118: 38
1119: 38
1120: 38
1121: 38
1122: 38
1123: 38
1124: 38
1125: 38
1126: 38
1127: 38
1128: 38
1129: 38
1130: 38
1131: 38
1132: 38
1133: 38
1134: 38
1135: 38
1136: 38
1137: 38
1138: 38
1139: 38
1140: 38
1141: 38
1142: 38
1143: 38
1144: 38
1145: 38
1146: 38
1147: 38
1148: 38
1149: 38
1150: 38
1151: 38
1152: 38
1153: 38
1154: 38
1155: 38
1156: 38
1157: 38
1158: 38
1159: 38
1160: 38
1161: 38
1162: 38
1163: 38
1164: 38
1165: 38
1166: 38
1167: 38
1168: 38
1169: 38
1170: 38
1171: 38
1172: 38
1173: 38
1174: 38
1175: 38
1176: 38
1177: 38
1178: 38
1179: 38
1180: 38
1181: 38
1182: 38
1183: 38
1184: 38
1185: 38
1186: 38
1187: 38
1188: 38
1189: 38
1190: 38
1191: 38
1192: 38
1193: 38
1194: 38
1195: 38
1196: 38
1197: 38
1198: 38
1199: 38
1200: 38
1201: 38
1202: 38
1203: 38
1204: 38
1205: 38
1206: 38
1207: 38
1208: 38
1209: 38
1210: 38
1211: 38
1212: 38
1213: 38
1214: 38
1215: 38
1216: 38
1217: 38
1218: 38
1219: 38
1220: 38
1221: 38
1222: 38
1223: 38
1224: 38
1225: 38
1226: 38
1227: 38
1228: 38
1229: 38
1230: 38
1231: 38
1232: 38
1233: 38
1234: 38
1235: 38
1236: 38
1237: 38
1238: 38
1239: 38
1240: 38
1241: 38
1242: 38
1243: 38
1244: 38
1245: 38
1246: 38
1247: 38
1248: 38
1249: 38
1250: 38
1251: 38
1252: 38
1253: 38
1254: 38
1255: 38
1256: 38
1257: 38
1258: 38
1259: 38
1260: 38
1261: 38
1262: 38
1263: 38
1264: 38
1265: 38
1266: 38
1267: 38
1268: 38
1269: 38
1270: 38
1271: 38
1272: 38
1273: 38
1274: 38
1275: 38
1276: 38
1277: 38
1278: 38
1279: 38
1280: 38
1281: 38
1282: 38
1283: 38
1284: 38
1285: 38
1286: 38
1287: 38
1288: 38
1289: 38
1290: 38
1291: 38
1292: 38
1293: 38
1294: 38
1295: 38
1296: 38
1297: 38
1298: 38
1299: 38
1300: 38
1301: 38
1302: 38
1303: 39
1304: 39
1305: 39
1306: 39
1307: 39
1308: 39
1309: 39
1310: 39
1311: 39
1312: 39
1313: 39
1314: 39
1315: 39
1316: 39
1317: 39
1318: 39
1319: 39
1320: 39
1321: 39
1322: 39
1323: 39
1324: 39
1325: 39
1326: 39
1327: 39
1328: 39
1329: 39
1330: 39
1331: 39
1332: 39
1333: 39
1334: 39
1335: 39
1336: 39
1337: 39
1338: 39
1339: 39
1340: 39
1341: 39
1342: 39
1343: 39
1344: 39
1345: 39
1346: 39
1347: 39
1348: 39
1349: 39
1350: 39
1351: 39
1352: 39
1353: 39
1354: 39
1355: 39
1356: 39
1357: 39
1358: 39
1359: 39
1360: 39
1361: 39
1362: 39
1363: 39
1364: 39
1365: 39
1366: 39
1367: 39
1368: 39
1369: 39
1370: 39
1371: 39
1372: 39
1373: 39
1374: 39
1375: 39
1376: 39
1377: 39
1378: 39
1379: 39
1380: 39
1381: 39
1382: 39
1383: 39
1384: 39
1385: 39
1386: 39
1387: 39
1388: 39
1389: 39
1390: 39
1391: 39
1392: 39
1393: 39
1394: 39
1395: 39
1396: 39
1397: 39
1398: 39
1399: 39
1400: 39
1401: 39
1402: 39
1403: 39
1404: 39
1405: 39
1406: 39
1407: 39
1408: 39
1409: 39
1410: 39
1411: 39
1412: 39
1413: 39
1414: 39
1415: 39
1416: 39
1417: 39
1418: 39
1419: 39
1420: 39
1421: 39
1422: 39
1423: 39
1424: 39
1425: 39
1426: 39
1427: 39
1428: 39
1429: 39
1430: 39
1431: 39
1432: 39
1433: 39
1434: 39
1435: 39
1436: 39
1437: 39
1438: 39
1439: 39
1440: 39
1441: 39
1442: 39
1443: 39
1444: 39
1445: 39
1446: 39
1447: 39
1448: 39
1449: 39
1450: 39
1451: 39
1452: 39
1453: 39
1454: 39
1455: 39
1456: 39
1457: 39
1458: 39
1459: 39
1460: 39
1461: 39
1462: 39
1463: 39
1464: 39
1465: 39
1466: 39
1467: 39
1468: 39
1469: 39
1470: 39
1471: 39
1472: 39
1473: 39
1474: 39
1475: 39
1476: 39
1477: 39
1478: 39
1479: 39
1480: 39
1481: 39
1482: 39
1483: 39
1484: 39
1485: 39
1486: 39
1487: 39
1488: 39
1489: 39
1490: 39
1491: 39
1492: 39
1493: 39
1494: 39
1495: 39
1496: 39
1497: 39
1498: 39
1499: 39
1500: 39
1501: 39
1502: 39
1503: 39
1504: 39
1505: 39
1506: 39
1507: 39
1508: 39
1509: 39
1510: 39
1511: 39
1512: 39
1513: 39
1514: 39
1515: 39
1516: 39
1517: 39
1518: 39
1519: 39
1520: 39
1521: 39
1522: 39
1523: 39
1524: 39
1525: 39
1526: 39
1527: 39
1528: 39
1529: 39
1530: 39
1531: 39
1532: 39
1533: 39
1534: 39
1535: 39
1536: 39
1537: 39
1538: 39
1539: 39
1540: 39
1541: 40
1542: 40
1543: 40
1544: 40
1545: 40
1546: 40
1547: 40
1548: 40
1549: 40
1550: 40
1551: 40
1552: 40
1553: 40
1554: 40
1555: 40
1556: 40
1557: 40
1558: 40
1559: 40
1560: 40
1561: 40
1562: 40
1563: 40
1564: 40
1565: 40
1566: 40
1567: 40
1568: 40
1569: 40
1570: 40
1571: 40
1572: 40
1573: 40
1574: 40
1575: 40
1576: 40
1577: 40
1578: 40
1579: 40
1580: 40
1581: 40
1582: 40
1583: 40
1584: 40
1585: 40
1586: 40
1587: 40
1588: 40
1589: 40
1590: 40
1591: 40
1592: 40
1593: 40
1594: 40
1595: 40
1596: 40
1597: 40
1598: 40
1599: 40
1600: 40
1601: 40
1602: 40
1603: 40
1604: 40
1605: 40
1606: 40
1607: 40
1608: 40
1609: 40
1610: 40
1611: 40
1612: 40
1613: 40
1614: 40
1615: 40
1616: 40
1617: 40
1618: 40
1619: 40
1620: 40
1621: 40
1622: 40
1623: 40
1624: 40
1625: 40
1626: 40
1627: 40
1628: 40
1629: 40
1630: 40
1631: 40
1632: 40
1633: 40
1634: 40
1635: 40
1636: 40
1637: 40
1638: 40
1639: 40
1640: 40
1641: 40
1642: 40
1643: 40
1644: 40
1645: 40
1646: 40
1647: 40
1648: 40
1649: 40
1650: 40
1651: 40
1652: 40
1653: 40
1654: 40
1655: 40
1656: 40
1657: 40
1658: 40
1659: 40
1660: 40
1661: 40
1662: 40
1663: 40
1664: 40
1665: 40
1666: 40
1667: 40
1668: 40
1669: 40
1670: 40
1671: 40
1672: 40
1673: 40
1674: 40
1675: 40
1676: 40
1677: 40
1678: 40
1679: 40
1680: 40
1681: 40
1682: 40
1683: 40
1684: 40
1685: 40
1686: 40
1687: 40
1688: 40
1689: 40
1690: 40
1691: 40
1692: 40
1693: 40
1694: 40
1695: 40
1696: 40
1697: 40
1698: 40
1699: 40
1700: 40
1701: 40
1702: 40
1703: 40
1704: 40
1705: 40
1706: 40
1707: 40
1708: 40
1709: 40
1710: 40
1711: 40
1712: 40
1713: 40
1714: 40
1715: 40
1716: 40
1717: 40
1718: 40
1719: 40
1720: 40
1721: 40
1722: 40
1723: 40
1724: 40
1725: 40
1726: 40
1727: 40
1728: 40
1729: 40
1730: 40
1731: 40
1732: 40
1733: 40
1734: 40
1735: 40
1736: 40
1737: 40
1738: 40
1739: 40
1740: 40
1741: 40
1742: 40
1743: 40
1744: 40
1745: 40
1746: 40
1747: 40
1748: 40
1749: 40
1750: 40
1751: 40
1752: 40
1753: 40
1754: 40
1755: 40
1756: 40
1757: 40
1758: 40
1759: 40
1760: 40
1761: 40
1762: 40
1763: 40
1764: 40
1765: 40
1766: 40
1767: 40
1768: 40
1769: 40
1770: 40
1771: 40
1772: 40
1773: 40
1774: 40
1775: 40
1776: 40
1777: 40
1778: 40
1779: 40
1780: 40
1781: 40
1782: 40
1783: 40
1784: 40
1785: 40
1786: 40
1787: 40
1788: 40
1789: 40
1790: 40
1791: 40
1792: 40
1793: 40
1794: 40
1795: 40
1796: 40
1797: 40
1798: 40
1799: 40
1800: 40
1801: 40
1802: 40
1803: 40
1804: 40
1805: 40
1806: 40
1807: 40
1808: 40
1809: 40
1810: 40
1811: 40
1812: 40
1813: 40
1814: 40
1815: 40
1816: 40
1817: 40
1818: 40
1819: 40
1820: 40
1821: 40
1822: 40
1823: 40
1824: 40
1825: 40
1826: 41
1827: 41
1828: 41
1829: 41
1830: 41
1831: 41
1832: 41
1833: 41
1834: 41
1835: 41
1836: 41
1837: 41
1838: 41
1839: 41
1840: 41
1841: 41
1842: 41
1843: 41
1844: 41
1845: 41
1846: 41
1847: 41
1848: 41
1849: 41
1850: 41
1851: 41
1852: 41
1853: 41
1854: 41
1855: 41
1856: 41
1857: 41
1858: 41
1859: 41
1860: 41
1861: 41
1862: 41
1863: 41
1864: 41
1865: 41
1866: 41
1867: 41
1868: 41
1869: 41
1870: 41
1871: 41
1872: 41
1873: 41
1874: 41
1875: 41
1876: 41
1877: 41
1878: 41
1879: 41
1880: 41
1881: 41
1882: 41
1883: 41
1884: 41
1885: 41
1886: 41
1887: 41
1888: 41
1889: 41
1890: 41
1891: 41
1892: 41
1893: 41
1894: 41
1895: 41
1896: 41
1897: 41
1898: 41
1899: 41
1900: 41
1901: 41
1902: 41
1903: 41
1904: 41
1905: 41
1906: 41
1907: 41
1908: 41
1909: 41
1910: 41
1911: 41
1912: 41
1913: 41
1914: 41
1915: 41
1916: 41
1917: 41
1918: 41
1919: 41
1920: 41
1921: 41
1922: 41
1923: 41
1924: 41
1925: 41
1926: 41
1927: 41
1928: 41
1929: 41
1930: 41
1931: 41
1932: 41
1933: 41
1934: 41
1935: 41
1936: 41
1937: 41
1938: 41
1939: 41
1940: 41
1941: 41
1942: 41
1943: 41
1944: 41
1945: 41
1946: 41
1947: 41
1948: 41
1949: 41
1950: 41
1951: 41
1952: 41
1953: 41
1954: 41
1955: 41
1956: 41
1957: 41
1958: 41
1959: 41
1960: 41
1961: 41
1962: 41
1963: 41
1964: 41
1965: 41
1966: 41
1967: 41
1968: 41
1969: 41
1970: 41
1971: 41
1972: 41
1973: 41
1974: 41
1975: 41
1976: 41
1977: 41
1978: 41
1979: 41
1980: 41
1981: 41
1982: 41
1983: 41
1984: 41
1985: 41
1986: 41
1987: 41
1988: 41
1989: 41
1990: 41
1991: 41
1992: 41
1993: 41
1994: 41
1995: 41
1996: 41
1997: 41
1998: 41
1999: 41
2000: 41
2001: 41
2002: 41
2003: 41
2004: 41
2005: 41
2006: 41
2007: 41
2008: 41
2009: 41
2010: 41
2011: 41
2012: 41
2013: 41
2014: 41
2015: 41
2016: 41
2017: 41
2018: 41
2019: 41
2020: 41
2021: 41
2022: 41
2023: 41
2024: 41
2025: 41
2026: 41
2027: 41
2028: 41
2029: 41
2030: 41
2031: 41
2032: 41
2033: 41
2034: 41
2035: 41
2036: 41
2037: 41
2038: 41
2039: 41
2040: 41
2041: 41
2042: 41
2043: 41
2044: 41
2045: 41
2046: 41
2047: 41
2048: 41
2049: 41
2050: 41
2051: 41
2052: 41
2053: 41
2054: 41
2055: 41
2056: 41
2057: 41
2058: 41
2059: 41
2060: 41
2061: 41
2062: 41
2063: 41
2064: 41
2065: 41
2066: 41
2067: 41
2068: 41
2069: 41
2070: 41
2071: 41
2072: 41
2073: 41
2074: 41
2075: 41
2076: 41
2077: 41
2078: 41
2079: 41
2080: 41
2081: 41
2082: 41
2083: 41
2084: 41
2085: 41
2086: 41
2087: 41
2088: 41
2089: 41
2090: 41
2091: 41
2092: 41
2093: 41
2094: 41
2095: 41
2096: 41
2097: 41
2098: 41
2099: 41
2100: 41
2101: 41
2102: 41
2103: 41
2104: 41
2105: 41
2106: 41
2107: 41
2108: 41
2109: 41
2110: 41
2111: 41
2112: 41
2113: 41
2114: 41
2115: 41
2116: 41
2117: 41
2118: 41
2119: 41
2120: 41
2121: 41
2122: 41
2123: 41
2124: 41
2125: 41
2126: 41
2127: 41
2128: 41
2129: 41
2130: 41
2131: 41
2132: 41
2133: 41
2134: 41
2135: 41
2136: 41
2137: 41
2138: 41
2139: 41
2140: 41
2141: 41
2142: 41
2143: 41
2144: 41
2145: 41
2146: 41
2147: 41
2148: 41
2149: 41
2150: 41
2151: 41
2152: 41
2153: 41
2154: 41
2155: 41
2156: 41
2157: 41
2158: 41
2159: 41
2160: 41
2161: 41
2162: 41
2163: 41
2164: 41
2165: 41
2166: 41
2167: 42
2168: 42
2169: 42
2170: 42
2171: 42
2172: 42
2173: 42
2174: 42
2175: 42
2176: 42
2177: 42
2178: 42
2179: 42
2180: 42
2181: 42
2182: 42
2183: 42
2184: 42
2185: 42
2186: 42
2187: 42
2188: 42
2189: 42
2190: 42
2191: 42
2192: 42
2193: 42
2194: 42
2195: 42
2196: 42
2197: 42
2198: 42
2199: 42
2200: 42
2201: 42
2202: 42
2203: 42
2204: 42
2205: 42
2206: 42
2207: 42
2208: 42
2209: 42
2210: 42
2211: 42
2212: 42
2213: 42
2214: 42
2215: 42
2216: 42
2217: 42
2218: 42
2219: 42
2220: 42
2221: 42
2222: 42
2223: 42
2224: 42
2225: 42
2226: 42
2227: 42
2228: 42
2229: 42
2230: 42
2231: 42
2232: 42
2233: 42
2234: 42
2235: 42
2236: 42
2237: 42
2238: 42
2239: 42
2240: 42
2241: 42
2242: 42
2243: 42
2244: 42
2245: 42
2246: 42
2247: 42
2248: 42
2249: 42
2250: 42
2251: 42
2252: 42
2253: 42
2254: 42
2255: 42
2256: 42
2257: 42
2258: 42
2259: 42
2260: 42
2261: 42
2262: 42
2263: 42
2264: 42
2265: 42
2266: 42
2267: 42
2268: 42
2269: 42
2270: 42
2271: 42
2272: 42
2273: 42
2274: 42
2275: 42
2276: 42
2277: 42
2278: 42
2279: 42
2280: 42
2281: 42
2282: 42
2283: 42
2284: 42
2285: 42
2286: 42
2287: 42
2288: 42
2289: 42
2290: 42
2291: 42
2292: 42
2293: 42
2294: 42
2295: 42
2296: 42
2297: 42
2298: 42
2299: 42
2300: 42
2301: 42
2302: 42
2303: 42
2304: 42
2305: 42
2306: 42
2307: 42
2308: 42
2309: 42
2310: 42
2311: 42
2312: 42
2313: 42
2314: 42
2315: 42
2316: 42
2317: 42
2318: 42
2319: 42
2320: 42
2321: 42
2322: 42
2323: 42
2324: 42
2325: 42
2326: 42
2327: 42
2328: 42
2329: 42
2330: 42
2331: 42
2332: 42
2333: 42
2334: 42
2335: 42
2336: 42
2337: 42
2338: 42
2339: 42
2340: 42
2341: 42
2342: 42
2343: 42
2344: 42
2345: 42
2346: 42
2347: 42
2348: 42
2349: 42
2350: 42
2351: 42
2352: 42
2353: 42
2354: 42
2355: 42
2356: 42
2357: 42
2358: 42
2359: 42
2360: 42
2361: 42
2362: 42
2363: 42
2364: 42
2365: 42
2366: 42
2367: 42
2368: 42
2369: 42
2370: 42
2371: 42
2372: 42
2373: 42
2374: 42
2375: 42
2376: 42
2377: 42
2378: 42
2379: 42
2380: 42
2381: 42
2382: 42
2383: 42
2384: 42
2385: 42
2386: 42
2387: 42
2388: 42
2389: 42
2390: 42
2391: 42
2392: 42
2393: 42
2394: 42
2395: 42
2396: 42
2397: 42
2398: 42
2399: 42
2400: 42
2401: 42
2402: 42
2403: 42
2404: 42
2405: 42
2406: 42
2407: 42
2408: 42
2409: 42
2410: 42
2411: 42
2412: 42
2413: 42
2414: 42
2415: 42
2416: 42
2417: 42
2418: 42
2419: 42
2420: 42
2421: 42
2422: 42
2423: 42
2424: 42
2425: 42
2426: 42
2427: 42
2428: 42
2429: 42
2430: 42
2431: 42
2432: 42
2433: 42
2434: 42
2435: 42
2436: 42
2437: 42
2438: 42
2439: 42
2440: 42
2441: 42
2442: 42
2443: 42
2444: 42
2445: 42
2446: 42
2447: 42
2448: 42
2449: 42
2450: 42
2451: 42
2452: 42
2453: 42
2454: 42
2455: 42
2456: 42
2457: 42
2458: 42
2459: 42
2460: 42
2461: 42
2462: 42
2463: 42
2464: 42
2465: 42
2466: 42
2467: 42
2468: 42
2469: 42
2470: 42
2471: 42
2472: 42
2473: 42
2474: 42
2475: 42
2476: 42
2477: 42
2478: 42
2479: 42
2480: 42
2481: 42
2482: 42
2483: 42
2484: 42
2485: 42
2486: 42
2487: 42
2488: 42
2489: 42
2490: 42
2491: 42
2492: 42
2493: 42
2494: 42
2495: 42
2496: 42
2497: 42
2498: 42
2499: 42
2500: 42
2501: 42
2502: 42
2503: 42
2504: 42
2505: 42
2506: 42
2507: 42
2508: 42
2509: 42
2510: 42
2511: 42
2512: 42
2513: 42
2514: 42
2515: 42
2516: 42
2517: 42
2518: 42
2519: 42
2520: 42
2521: 42
2522: 42
2523: 42
2524: 42
2525: 42
2526: 42
2527: 42
2528: 42
2529: 42
2530: 42
2531: 42
2532: 42
2533: 42
2534: 42
2535: 42
2536: 42
2537: 42
2538: 42
2539: 42
2540: 42
2541: 42
2542: 42
2543: 42
2544: 42
2545: 42
2546: 42
2547: 42
2548: 42
2549: 42
2550: 42
2551: 42
2552: 42
2553: 42
2554: 42
2555: 42
2556: 42
2557: 42
2558: 42
2559: 42
2560: 42
2561: 42
2562: 42
2563: 42
2564: 42
2565: 42
2566: 42
2567: 42
2568: 42
2569: 42
2570: 42
2571: 42
2572: 42
2573: 42
2574: 43
2575: 43
2576: 43
2577: 43
2578: 43
2579: 43
2580: 43
2581: 43
2582: 43
2583: 43
2584: 43
2585: 43
2586: 43
2587: 43
2588: 43
2589: 43
2590: 43
2591: 43
2592: 43
2593: 43
2594: 43
2595: 43
2596: 43
2597: 43
2598: 43
2599: 43
2600: 43
2601: 43
2602: 43
2603: 43
2604: 43
2605: 43
2606: 43
2607: 43
2608: 43
2609: 43
2610: 43
2611: 43
2612: 43
2613: 43
2614: 43
2615: 43
2616: 43
2617: 43
2618: 43
2619: 43
2620: 43
2621: 43
2622: 43
2623: 43
2624: 43
2625: 43
2626: 43
2627: 43
2628: 43
2629: 43
2630: 43
2631: 43
2632: 43
2633: 43
2634: 43
2635: 43
2636: 43
2637: 43
2638: 43
2639: 43
2640: 43
2641: 43
2642: 43
2643: 43
2644: 43
2645: 43
2646: 43
2647: 43
2648: 43
2649: 43
2650: 43
2651: 43
2652: 43
2653: 43
2654: 43
2655: 43
2656: 43
2657: 43
2658: 43
2659: 43
2660: 43
2661: 43
2662: 43
2663: 43
2664: 43
2665: 43
2666: 43
2667: 43
2668: 43
2669: 43
2670: 43
2671: 43
2672: 43
2673: 43
2674: 43
2675: 43
2676: 43
2677: 43
2678: 43
2679: 43
2680: 43
2681: 43
2682: 43
2683: 43
2684: 43
2685: 43
2686: 43
2687: 43
2688: 43
2689: 43
2690: 43
2691: 43
2692: 43
2693: 43
2694: 43
2695: 43
2696: 43
2697: 43
2698: 43
2699: 43
2700: 43
2701: 43
2702: 43
2703: 43
2704: 43
2705: 43
2706: 43
2707: 43
2708: 43
2709: 43
2710: 43
2711: 43
2712: 43
2713: 43
2714: 43
2715: 43
2716: 43
2717: 43
2718: 43
2719: 43
2720: 43
2721: 43
2722: 43
2723: 43
2724: 43
2725: 43
2726: 43
2727: 43
2728: 43
2729: 43
2730: 43
2731: 43
2732: 43
2733: 43
2734: 43
2735: 43
2736: 43
2737: 43
2738: 43
2739: 43
2740: 43
2741: 43
2742: 43
2743: 43
2744: 43
2745: 43
2746: 43
2747: 43
2748: 43
2749: 43
2750: 43
2751: 43
2752: 43
2753: 43
2754: 43
2755: 43
2756: 43
2757: 43
2758: 43
2759: 43
2760: 43
2761: 43
2762: 43
2763: 43
2764: 43
2765: 43
2766: 43
2767: 43
2768: 43
2769: 43
2770: 43
2771: 43
2772: 43
2773: 43
2774: 43
2775: 43
2776: 43
2777: 43
2778: 43
2779: 43
2780: 43
2781: 43
2782: 43
2783: 43
2784: 43
2785: 43
2786: 43
2787: 43
2788: 43
2789: 43
2790: 43
2791: 43
2792: 43
2793: 43
2794: 43
2795: 43
2796: 43
2797: 43
2798: 43
2799: 43
2800: 43
2801: 43
2802: 43
2803: 43
2804: 43
2805: 43
2806: 43
2807: 43
2808: 43
2809: 43
2810: 43
2811: 43
2812: 43
2813: 43
2814: 43
2815: 43
2816: 43
2817: 43
2818: 43
2819: 43
2820: 43
2821: 43
2822: 43
2823: 43
2824: 43
2825: 43
2826: 43
2827: 43
2828: 43
2829: 43
2830: 43
2831: 43
2832: 43
2833: 43
2834: 43
2835: 43
2836: 43
2837: 43
2838: 43
2839: 43
2840: 43
2841: 43
2842: 43
2843: 43
2844: 43
2845: 43
2846: 43
2847: 43
2848: 43
2849: 43
2850: 43
2851: 43
2852: 43
2853: 43
2854: 43
2855: 43
2856: 43
2857: 43
2858: 43
2859: 43
2860: 43
2861: 43
2862: 43
2863: 43
2864: 43
2865: 43
2866: 43
2867: 43
2868: 43
2869: 43
2870: 43
2871: 43
2872: 43
2873: 43
2874: 43
2875: 43
2876: 43
2877: 43
2878: 43
2879: 43
2880: 43
2881: 43
2882: 43
2883: 43
2884: 43
2885: 43
2886: 43
2887: 43
2888: 43
2889: 43
2890: 43
2891: 43
2892: 43
2893: 43
2894: 43
2895: 43
2896: 43
2897: 43
2898: 43
2899: 43
2900: 43
2901: 43
2902: 43
2903: 43
2904: 43
2905: 43
2906: 43
2907: 43
2908: 43
2909: 43
2910: 43
2911: 43
2912: 43
2913: 43
2914: 43
2915: 43
2916: 43
2917: 43
2918: 43
2919: 43
2920: 43
2921: 43
2922: 43
2923: 43
2924: 43
2925: 43
2926: 43
2927: 43
2928: 43
2929: 43
2930: 43
2931: 43
2932: 43
2933: 43
2934: 43
2935: 43
2936: 43
2937: 43
2938: 43
2939: 43
2940: 43
2941: 43
2942: 43
2943: 43
2944: 43
2945: 43
2946: 43
2947: 43
2948: 43
2949: 43
2950: 43
2951: 43
2952: 43
2953: 43
2954: 43
2955: 43
2956: 43
2957: 43
2958: 43
2959: 43
2960: 43
2961: 43
2962: 43
2963: 43
2964: 43
2965: 43
2966: 43
2967: 43
2968: 43
2969: 43
2970: 43
2971: 43
2972: 43
2973: 43
2974: 43
2975: 43
2976: 43
2977: 43
2978: 43
2979: 43
2980: 43
2981: 43
2982: 43
2983: 43
2984: 43
2985: 43
2986: 43
2987: 43
2988: 43
2989: 43
2990: 43
2991: 43
2992: 43
2993: 43
2994: 43
2995: 43
2996: 43
2997: 43
2998: 43
2999: 43
3000: 43
3001: 43
3002: 43
3003: 43
3004: 43
3005: 43
3006: 43
3007: 43
3008: 43
3009: 43
3010: 43
3011: 43
3012: 43
3013: 43
3014: 43
3015: 43
3016: 43
3017: 43
3018: 43
3019: 43
3020: 43
3021: 43
3022: 43
3023: 43
3024: 43
3025: 43
3026: 43
3027: 43
3028: 43
3029: 43
3030: 43
3031: 43
3032: 43
3033: 43
3034: 43
3035: 43
3036: 43
3037: 43
3038: 43
3039: 43
3040: 43
3041: 43
3042: 43
3043: 43
3044: 43
3045: 43
3046: 43
3047: 43
3048: 43
3049: 43
3050: 43
3051: 43
3052: 43
3053: 43
3054: 43
3055: 43
3056: 43
3057: 43
3058: 44
3059: 44
3060: 44
3061: 44
3062: 44
3063: 44
3064: 44
3065: 44
3066: 44
3067: 44
3068: 44
3069: 44
3070: 44
3071: 44
3072: 44
3073: 44
3074: 44
3075: 44
3076: 44
3077: 44
3078: 44
3079: 44
3080: 44
3081: 44
3082: 44
3083: 44
3084: 44
3085: 44
3086: 44
3087: 44
3088: 44
3089: 44
3090: 44
3091: 44
3092: 44
3093: 44
3094: 44
3095: 44
3096: 44
3097: 44
3098: 44
3099: 44
3100: 44
3101: 44
3102: 44
3103: 44
3104: 44
3105: 44
3106: 44
3107: 44
3108: 44
3109: 44
3110: 44
3111: 44
3112: 44
3113: 44
3114: 44
3115: 44
3116: 44
3117: 44
3118: 44
3119: 44
3120: 44
3121: 44
3122: 44
3123: 44
3124: 44
3125: 44
3126: 44
3127: 44
3128: 44
3129: 44
3130: 44
3131: 44
3132: 44
3133: 44
3134: 44
3135: 44
3136: 44
3137: 44
3138: 44
3139: 44
3140: 44
3141: 44
3142: 44
3143: 44
3144: 44
3145: 44
3146: 44
3147: 44
3148: 44
3149: 44
3150: 44
3151: 44
3152: 44
3153: 44
3154: 44
3155: 44
3156: 44
3157: 44
3158: 44
3159: 44
3160: 44
3161: 44
3162: 44
3163: 44
3164: 44
3165: 44
3166: 44
3167: 44
3168: 44
3169: 44
3170: 44
3171: 44
3172: 44
3173: 44
3174: 44
3175: 44
3176: 44
3177: 44
3178: 44
3179: 44
3180: 44
3181: 44
3182: 44
3183: 44
3184: 44
3185: 44
3186: 44
3187: 44
3188: 44
3189: 44
3190: 44
3191: 44
3192: 44
3193: 44
3194: 44
3195: 44
3196: 44
3197: 44
3198: 44
3199: 44
3200: 44
3201: 44
3202: 44
3203: 44
3204: 44
3205: 44
3206: 44
3207: 44
3208: 44
3209: 44
3210: 44
3211: 44
3212: 44
3213: 44
3214: 44
3215: 44
3216: 44
3217: 44
3218: 44
3219: 44
3220: 44
3221: 44
3222: 44
3223: 44
3224: 44
3225: 44
3226: 44
3227: 44
3228: 44
3229: 44
3230: 44
3231: 44
3232: 44
3233: 44
3234: 44
3235: 44
3236: 44
3237: 44
3238: 44
3239: 44
3240: 44
3241: 44
3242: 44
3243: 44
3244: 44
3245: 44
3246: 44
3247: 44
3248: 44
3249: 44
3250: 44
3251: 44
3252: 44
3253: 44
3254: 44
3255: 44
3256: 44
3257: 44
3258: 44
3259: 44
3260: 44
3261: 44
3262: 44
3263: 44
3264: 44
3265: 44
3266: 44
3267: 44
3268: 44
3269: 44
3270: 44
3271: 44
3272: 44
3273: 44
3274: 44
3275: 44
3276: 44
3277: 44
3278: 44
3279: 44
3280: 44
3281: 44
3282: 44
3283: 44
3284: 44
3285: 44
3286: 44
3287: 44
3288: 44
3289: 44
3290: 44
3291: 44
3292: 44
3293: 44
3294: 44
3295: 44
3296: 44
3297: 44
3298: 44
3299: 44
3300: 44
3301: 44
3302: 44
3303: 44
3304: 44
3305: 44
3306: 44
3307: 44
3308: 44
3309: 44
3310: 44
3311: 44
3312: 44
3313: 44
3314: 44
3315: 44
3316: 44
3317: 44
3318: 44
3319: 44
3320: 44
3321: 44
3322: 44
3323: 44
3324: 44
3325: 44
3326: 44
3327: 44
3328: 44
3329: 44
3330: 44
3331: 44
3332: 44
3333: 44
3334: 44
3335: 44
3336: 44
3337: 44
3338: 44
3339: 44
3340: 44
3341: 44
3342: 44
3343: 44
3344: 44
3345: 44
3346: 44
3347: 44
3348: 44
3349: 44
3350: 44
3351: 44
3352: 44
3353: 44
3354: 44
3355: 44
3356: 44
3357: 44
3358: 44
3359: 44
3360: 44
3361: 44
3362: 44
3363: 44
3364: 44
3365: 44
3366: 44
3367: 44
3368: 44
3369: 44
3370: 44
3371: 44
3372: 44
3373: 44
3374: 44
3375: 44
3376: 44
3377: 44
3378: 44
3379: 44
3380: 44
3381: 44
3382: 44
3383: 44
3384: 44
3385: 44
3386: 44
3387: 44
3388: 44
3389: 44
3390: 44
3391: 44
3392: 44
3393: 44
3394: 44
3395: 44
3396: 44
3397: 44
3398: 44
3399: 44
3400: 44
3401: 44
3402: 44
3403: 44
3404: 44
3405: 44
3406: 44
3407: 44
3408: 44
3409: 44
3410: 44
3411: 44
3412: 44
3413: 44
3414: 44
3415: 44
3416: 44
3417: 44
3418: 44
3419: 44
3420: 44
3421: 44
3422: 44
3423: 44
3424: 44
3425: 44
3426: 44
3427: 44
3428: 44
3429: 44
3430: 44
3431: 44
3432: 44
3433: 44
3434: 44
3435: 44
3436: 44
3437: 44
3438: 44
3439: 44
3440: 44
3441: 44
3442: 44
3443: 44
3444: 44
3445: 44
3446: 44
3447: 44
3448: 44
3449: 44
3450: 44
3451: 44
3452: 44
3453: 44
3454: 44
3455: 44
3456: 44
3457: 44
3458: 44
3459: 44
3460: 44
3461: 44
3462: 44
3463: 44
3464: 44
3465: 44
3466: 44
3467: 44
3468: 44
3469: 44
3470: 44
3471: 44
3472: 44
3473: 44
3474: 44
3475: 44
3476: 44
3477: 44
3478: 44
3479: 44
3480: 44
3481: 44
3482: 44
3483: 44
3484: 44
3485: 44
3486: 44
3487: 44
3488: 44
3489: 44
3490: 44
3491: 44
3492: 44
3493: 44
3494: 44
3495: 44
3496: 44
3497: 44
3498: 44
3499: 44
3500: 44
3501: 44
3502: 44
3503: 44
3504: 44
3505: 44
3506: 44
3507: 44
3508: 44
3509: 44
3510: 44
3511: 44
3512: 44
3513: 44
3514: 44
3515: 44
3516: 44
3517: 44
3518: 44
3519: 44
3520: 44
3521: 44
3522: 44
3523: 44
3524: 44
3525: 44
3526: 44
3527: 44
3528: 44
3529: 44
3530: 44
3531: 44
3532: 44
3533: 44
3534: 44
3535: 44
3536: 44
3537: 44
3538: 44
3539: 44
3540: 44
3541: 44
3542: 44
3543: 44
3544: 44
3545: 44
3546: 44
3547: 44
3548: 44
3549: 44
3550: 44
3551: 44
3552: 44
3553: 44
3554: 44
3555: 44
3556: 44
3557: 44
3558: 44
3559: 44
3560: 44
3561: 44
3562: 44
3563: 44
3564: 44
3565: 44
3566: 44
3567: 44
3568: 44
3569: 44
3570: 44
3571: 44
3572: 44
3573: 44
3574: 44
3575: 44
3576: 44
3577: 44
3578: 44
3579: 44
3580: 44
3581: 44
3582: 44
3583: 44
3584: 44
3585: 44
3586: 44
3587: 44
3588: 44
3589: 44
3590: 44
3591: 44
3592: 44
3593: 44
3594: 44
3595: 44
3596: 44
3597: 44
3598: 44
3599: 44
3600: 44
3601: 44
3602: 44
3603: 44
3604: 44
3605: 44
3606: 44
3607: 44
3608: 44
3609: 44
3610: 44
3611: 44
3612: 44
3613: 44
3614: 44
3615: 44
3616: 44
3617: 44
3618: 44
3619: 44
3620: 44
3621: 44
3622: 44
3623: 44
3624: 44
3625: 44
3626: 44
3627: 44
3628: 44
3629: 44
3630: 44
3631: 45
3632: 45
3633: 45
3634: 45
3635: 45
3636: 45
3637: 45
3638: 45
3639: 45
3640: 45
3641: 45
3642: 45
3643: 45
3644: 45
3645: 45
3646: 45
3647: 45
3648: 45
3649: 45
3650: 45
3651: 45
3652: 45
3653: 45
3654: 45
3655: 45
3656: 45
3657: 45
3658: 45
3659: 45
3660: 45
3661: 45
3662: 45
3663: 45
3664: 45
3665: 45
3666: 45
3667: 45
3668: 45
3669: 45
3670: 45
3671: 45
3672: 45
3673: 45
3674: 45
3675: 45
3676: 45
3677: 45
3678: 45
3679: 45
3680: 45
3681: 45
3682: 45
3683: 45
3684: 45
3685: 45
3686: 45
3687: 45
3688: 45
3689: 45
3690: 45
3691: 45
3692: 45
3693: 45
3694: 45
3695: 45
3696: 45
3697: 45
3698: 45
3699: 45
3700: 45
3701: 45
3702: 45
3703: 45
3704: 45
3705: 45
3706: 45
3707: 45
3708: 45
3709: 45
3710: 45
3711: 45
3712: 45
3713: 45
3714: 45
3715: 45
3716: 45
3717: 45
3718: 45
3719: 45
3720: 45
3721: 45
3722: 45
3723: 45
3724: 45
3725: 45
3726: 45
3727: 45
3728: 45
3729: 45
3730: 45
3731: 45
3732: 45
3733: 45
3734: 45
3735: 45
3736: 45
3737: 45
3738: 45
3739: 45
3740: 45
3741: 45
3742: 45
3743: 45
3744: 45
3745: 45
3746: 45
3747: 45
3748: 45
3749: 45
3750: 45
3751: 45
3752: 45
3753: 45
3754: 45
3755: 45
3756: 45
3757: 45
3758: 45
3759: 45
3760: 45
3761: 45
3762: 45
3763: 45
3764: 45
3765: 45
3766: 45
3767: 45
3768: 45
3769: 45
3770: 45
3771: 45
3772: 45
3773: 45
3774: 45
3775: 45
3776: 45
3777: 45
3778: 45
3779: 45
3780: 45
3781: 45
3782: 45
3783: 45
3784: 45
3785: 45
3786: 45
3787: 45
3788: 45
3789: 45
3790: 45
3791: 45
3792: 45
3793: 45
3794: 45
3795: 45
3796: 45
3797: 45
3798: 45
3799: 45
3800: 45
3801: 45
3802: 45
3803: 45
3804: 45
3805: 45
3806: 45
3807: 45
3808: 45
3809: 45
3810: 45
3811: 45
3812: 45
3813: 45
3814: 45
3815: 45
3816: 45
3817: 45
3818: 45
3819: 45
3820: 45
3821: 45
3822: 45
3823: 45
3824: 45
3825: 45
3826: 45
3827: 45
3828: 45
3829: 45
3830: 45
3831: 45
3832: 45
3833: 45
3834: 45
3835: 45
3836: 45
3837: 45
3838: 45
3839: 45
3840: 45
3841: 45
3842: 45
3843: 45
3844: 45
3845: 45
3846: 45
3847: 45
3848: 45
3849: 45
3850: 45
3851: 45
3852: 45
3853: 45
3854: 45
3855: 45
3856: 45
3857: 45
3858: 45
3859: 45
3860: 45
3861: 45
3862: 45
3863: 45
3864: 45
3865: 45
3866: 45
3867: 45
3868: 45
3869: 45
3870: 45
3871: 45
3872: 45
3873: 45
3874: 45
3875: 45
3876: 45
3877: 45
3878: 45
3879: 45
3880: 45
3881: 45
3882: 45
3883: 45
3884: 45
3885: 45
3886: 45
3887: 45
3888: 45
3889: 45
3890: 45
3891: 45
3892: 45
3893: 45
3894: 45
3895: 45
3896: 45
3897: 45
3898: 45
3899: 45
3900: 45
3901: 45
3902: 45
3903: 45
3904: 45
3905: 45
3906: 45
3907: 45
3908: 45
3909: 45
3910: 45
3911: 45
3912: 45
3913: 45
3914: 45
3915: 45
3916: 45
3917: 45
3918: 45
3919: 45
3920: 45
3921: 45
3922: 45
3923: 45
3924: 45
3925: 45
3926: 45
3927: 45
3928: 45
3929: 45
3930: 45
3931: 45
3932: 45
3933: 45
3934: 45
3935: 45
3936: 45
3937: 45
3938: 45
3939: 45
3940: 45
3941: 45
3942: 45
3943: 45
3944: 45
3945: 45
3946: 45
3947: 45
3948: 45
3949: 45
3950: 45
3951: 45
3952: 45
3953: 45
3954: 45
3955: 45
3956: 45
3957: 45
3958: 45
3959: 45
3960: 45
3961: 45
3962: 45
3963: 45
3964: 45
3965: 45
3966: 45
3967: 45
3968: 45
3969: 45
3970: 45
3971: 45
3972: 45
3973: 45
3974: 45
3975: 45
3976: 45
3977: 45
3978: 45
3979: 45
3980: 45
3981: 45
3982: 45
3983: 45
3984: 45
3985: 45
3986: 45
3987: 45
3988: 45
3989: 45
3990: 45
3991: 45
3992: 45
3993: 45
3994: 45
3995: 45
3996: 45
3997: 45
3998: 45
3999: 45
4000: 45
4001: 45
4002: 45
4003: 45
4004: 45
4005: 45
4006: 45
4007: 45
4008: 45
4009: 45
4010: 45
4011: 45
4012: 45
4013: 45
4014: 45
4015: 45
4016: 45
4017: 45
4018: 45
4019: 45
4020: 45
4021: 45
4022: 45
4023: 45
4024: 45
4025: 45
4026: 45
4027: 45
4028: 45
4029: 45
4030: 45
4031: 45
4032: 45
4033: 45
4034: 45
4035: 45
4036: 45
4037: 45
4038: 45
4039: 45
4040: 45
4041: 45
4042: 45
4043: 45
4044: 45
4045: 45
4046: 45
4047: 45
4048: 45
4049: 45
4050: 45
4051: 45
4052: 45
4053: 45
4054: 45
4055: 45
4056: 45
4057: 45
4058: 45
4059: 45
4060: 45
4061: 45
4062: 45
4063: 45
4064: 45
4065: 45
4066: 45
4067: 45
4068: 45
4069: 45
4070: 45
4071: 45
4072: 45
4073: 45
4074: 45
4075: 45
4076: 45
4077: 45
4078: 45
4079: 45
4080: 45
4081: 45
4082: 45
4083: 45
4084: 45
4085: 45
4086: 45
4087: 45
4088: 45
4089: 45
4090: 45
4091: 45
4092: 45
4093: 45
4094: 45
4095: 45
4096: 45
4097: 45
4098: 45
4099: 45
4100: 45
4101: 45
4102: 45
4103: 45
4104: 45
4105: 45
4106: 45
4107: 45
4108: 45
4109: 45
4110: 45
4111: 45
4112: 45
4113: 45
4114: 45
4115: 45
4116: 45
4117: 45
4118: 45
4119: 45
4120: 45
4121: 45
4122: 45
4123: 45
4124: 45
4125: 45
4126: 45
4127: 45
4128: 45
4129: 45
4130: 45
4131: 45
4132: 45
4133: 45
4134: 45
4135: 45
4136: 45
4137: 45
4138: 45
4139: 45
4140: 45
4141: 45
4142: 45
4143: 45
4144: 45
4145: 45
4146: 45
4147: 45
4148: 45
4149: 45
4150: 45
4151: 45
4152: 45
4153: 45
4154: 45
4155: 45
4156: 45
4157: 45
4158: 45
4159: 45
4160: 45
4161: 45
4162: 45
4163: 45
4164: 45
4165: 45
4166: 45
4167: 45
4168: 45
4169: 45
4170: 45
4171: 45
4172: 45
4173: 45
4174: 45
4175: 45
4176: 45
4177: 45
4178: 45
4179: 45
4180: 45
4181: 45
4182: 45
4183: 45
4184: 45
4185: 45
4186: 45
4187: 45
4188: 45
4189: 45
4190: 45
4191: 45
4192: 45
4193: 45
4194: 45
4195: 45
4196: 45
4197: 45
4198: 45
4199: 45
4200: 45
4201: 45
4202: 45
4203: 45
4204: 45
4205: 45
4206: 45
4207: 45
4208: 45
4209: 45
4210: 45
4211: 45
4212: 45
4213: 45
4214: 45
4215: 45
4216: 45
4217: 45
4218: 45
4219: 45
4220: 45
4221: 45
4222: 45
4223: 45
4224: 45
4225: 45
4226: 45
4227: 45
4228: 45
4229: 45
4230: 45
4231: 45
4232: 45
4233: 45
4234: 45
4235: 45
4236: 45
4237: 45
4238: 45
4239: 45
4240: 45
4241: 45
4242: 45
4243: 45
4244: 45
4245: 45
4246: 45
4247: 45
4248: 45
4249: 45
4250: 45
4251: 45
4252: 45
4253: 45
4254: 45
4255: 45
4256: 45
4257: 45
4258: 45
4259: 45
4260: 45
4261: 45
4262: 45
4263: 45
4264: 45
4265: 45
4266: 45
4267: 45
4268: 45
4269: 45
4270: 45
4271: 45
4272: 45
4273: 45
4274: 45
4275: 45
4276: 45
4277: 45
4278: 45
4279: 45
4280: 45
4281: 45
4282: 45
4283: 45
4284: 45
4285: 45
4286: 45
4287: 45
4288: 45
4289: 45
4290: 45
4291: 45
4292: 45
4293: 45
4294: 45
4295: 45
4296: 45
4297: 45
4298: 45
4299: 45
4300: 45
4301: 45
4302: 45
4303: 45
4304: 45
4305: 45
4306: 45
4307: 46
4308: 46
4309: 46
4310: 46
4311: 46
4312: 46
4313: 46
4314: 46
4315: 46
4316: 46
4317: 46
4318: 46
4319: 46
4320: 46
4321: 46
4322: 46
4323: 46
4324: 46
4325: 46
4326: 46
4327: 46
4328: 46
4329: 46
4330: 46
4331: 46
4332: 46
4333: 46
4334: 46
4335: 46
4336: 46
4337: 46
4338: 46
4339: 46
4340: 46
4341: 46
4342: 46
4343: 46
4344: 46
4345: 46
4346: 46
4347: 46
4348: 46
4349: 46
4350: 46
4351: 46
4352: 46
4353: 46
4354: 46
4355: 46
4356: 46
4357: 46
4358: 46
4359: 46
4360: 46
4361: 46
4362: 46
4363: 46
4364: 46
4365: 46
4366: 46
4367: 46
4368: 46
4369: 46
4370: 46
4371: 46
4372: 46
4373: 46
4374: 46
4375: 46
4376: 46
4377: 46
4378: 46
4379: 46
4380: 46
4381: 46
4382: 46
4383: 46
4384: 46
4385: 46
4386: 46
4387: 46
4388: 46
4389: 46
4390: 46
4391: 46
4392: 46
4393: 46
4394: 46
4395: 46
4396: 46
4397: 46
4398: 46
4399: 46
4400: 46
4401: 46
4402: 46
4403: 46
4404: 46
4405: 46
4406: 46
4407: 46
4408: 46
4409: 46
4410: 46
4411: 46
4412: 46
4413: 46
4414: 46
4415: 46
4416: 46
4417: 46
4418: 46
4419: 46
4420: 46
4421: 46
4422: 46
4423: 46
4424: 46
4425: 46
4426: 46
4427: 46
4428: 46
4429: 46
4430: 46
4431: 46
4432: 46
4433: 46
4434: 46
4435: 46
4436: 46
4437: 46
4438: 46
4439: 46
4440: 46
4441: 46
4442: 46
4443: 46
4444: 46
4445: 46
4446: 46
4447: 46
4448: 46
4449: 46
4450: 46
4451: 46
4452: 46
4453: 46
4454: 46
4455: 46
4456: 46
4457: 46
4458: 46
4459: 46
4460: 46
4461: 46
4462: 46
4463: 46
4464: 46
4465: 46
4466: 46
4467: 46
4468: 46
4469: 46
4470: 46
4471: 46
4472: 46
4473: 46
4474: 46
4475: 46
4476: 46
4477: 46
4478: 46
4479: 46
4480: 46
4481: 46
4482: 46
4483: 46
4484: 46
4485: 46
4486: 46
4487: 46
4488: 46
4489: 46
4490: 46
4491: 46
4492: 46
4493: 46
4494: 46
4495: 46
4496: 46
4497: 46
4498: 46
4499: 46
4500: 46
4501: 46
4502: 46
4503: 46
4504: 46
4505: 46
4506: 46
4507: 46
4508: 46
4509: 46
4510: 46
4511: 46
4512: 46
4513: 46
4514: 46
4515: 46
4516: 46
4517: 46
4518: 46
4519: 46
4520: 46
4521: 46
4522: 46
4523: 46
4524: 46
4525: 46
4526: 46
4527: 46
4528: 46
4529: 46
4530: 46
4531: 46
4532: 46
4533: 46
4534: 46
4535: 46
4536: 46
4537: 46
4538: 46
4539: 46
4540: 46
4541: 46
4542: 46
4543: 46
4544: 46
4545: 46
4546: 46
4547: 46
4548: 46
4549: 46
4550: 46
4551: 46
4552: 46
4553: 46
4554: 46
4555: 46
4556: 46
4557: 46
4558: 46
4559: 46
4560: 46
4561: 46
4562: 46
4563: 46
4564: 46
4565: 46
4566: 46
4567: 46
4568: 46
4569: 46
4570: 46
4571: 46
4572: 46
4573: 46
4574: 46
4575: 46
4576: 46
4577: 46
4578: 46
4579: 46
4580: 46
4581: 46
4582: 46
4583: 46
4584: 46
4585: 46
4586: 46
4587: 46
4588: 46
4589: 46
4590: 46
4591: 46
4592: 46
4593: 46
4594: 46
4595: 46
4596: 46
4597: 46
4598: 46
4599: 46
4600: 46
4601: 46
4602: 46
4603: 46
4604: 46
4605: 46
4606: 46
4607: 46
4608: 46
4609: 46
4610: 46
4611: 46
4612: 46
4613: 46
4614: 46
4615: 46
4616: 46
4617: 46
4618: 46
4619: 46
4620: 46
4621: 46
4622: 46
4623: 46
4624: 46
4625: 46
4626: 46
4627: 46
4628: 46
4629: 46
4630: 46
4631: 46
4632: 46
4633: 46
4634: 46
4635: 46
4636: 46
4637: 46
4638: 46
4639: 46
4640: 46
4641: 46
4642: 46
4643: 46
4644: 46
4645: 46
4646: 46
4647: 46
4648: 46
4649: 46
4650: 46
4651: 46
4652: 46
4653: 46
4654: 46
4655: 46
4656: 46
4657: 46
4658: 46
4659: 46
4660: 46
4661: 46
4662: 46
4663: 46
4664: 46
4665: 46
4666: 46
4667: 46
4668: 46
4669: 46
4670: 46
4671: 46
4672: 46
4673: 46
4674: 46
4675: 46
4676: 46
4677: 46
4678: 46
4679: 46
4680: 46
4681: 46
4682: 46
4683: 46
4684: 46
4685: 46
4686: 46
4687: 46
4688: 46
4689: 46
4690: 46
4691: 46
4692: 46
4693: 46
4694: 46
4695: 46
4696: 46
4697: 46
4698: 46
4699: 46
4700: 46
4701: 46
4702: 46
4703: 46
4704: 46
4705: 46
4706: 46
4707: 46
4708: 46
4709: 46
4710: 46
4711: 46
4712: 46
4713: 46
4714: 46
4715: 46
4716: 46
4717: 46
4718: 46
4719: 46
4720: 46
4721: 46
4722: 46
4723: 46
4724: 46
4725: 46
4726: 46
4727: 46
4728: 46
4729: 46
4730: 46
4731: 46
4732: 46
4733: 46
4734: 46
4735: 46
4736: 46
4737: 46
4738: 46
4739: 46
4740: 46
4741: 46
4742: 46
4743: 46
4744: 46
4745: 46
4746: 46
4747: 46
4748: 46
4749: 46
4750: 46
4751: 46
4752: 46
4753: 46
4754: 46
4755: 46
4756: 46
4757: 46
4758: 46
4759: 46
4760: 46
4761: 46
4762: 46
4763: 46
4764: 46
4765: 46
4766: 46
4767: 46
4768: 46
4769: 46
4770: 46
4771: 46
4772: 46
4773: 46
4774: 46
4775: 46
4776: 46
4777: 46
4778: 46
4779: 46
4780: 46
4781: 46
4782: 46
4783: 46
4784: 46
4785: 46
4786: 46
4787: 46
4788: 46
4789: 46
4790: 46
4791: 46
4792: 46
4793: 46
4794: 46
4795: 46
4796: 46
4797: 46
4798: 46
4799: 46
4800: 46
4801: 46
4802: 46
4803: 46
4804: 46
4805: 46
4806: 46
4807: 46
4808: 46
4809: 46
4810: 46
4811: 46
4812: 46
4813: 46
4814: 46
4815: 46
4816: 46
4817: 46
4818: 46
4819: 46
4820: 46
4821: 46
4822: 46
4823: 46
4824: 46
4825: 46
4826: 46
4827: 46
4828: 46
4829: 46
4830: 46
4831: 46
4832: 46
4833: 46
4834: 46
4835: 46
4836: 46
4837: 46
4838: 46
4839: 46
4840: 46
4841: 46
4842: 46
4843: 46
4844: 46
4845: 46
4846: 46
4847: 46
4848: 46
4849: 46
4850: 46
4851: 46
4852: 46
4853: 46
4854: 46
4855: 46
4856: 46
4857: 46
4858: 46
4859: 46
4860: 46
4861: 46
4862: 46
4863: 46
4864: 46
4865: 46
4866: 46
4867: 46
4868: 46
4869: 46
4870: 46
4871: 46
4872: 46
4873: 46
4874: 46
4875: 46
4876: 46
4877: 46
4878: 46
4879: 46
4880: 46
4881: 46
4882: 46
4883: 46
4884: 46
4885: 46
4886: 46
4887: 46
4888: 46
4889: 46
4890: 46
4891: 46
4892: 46
4893: 46
4894: 46
4895: 46
4896: 46
4897: 46
4898: 46
4899: 46
4900: 46
4901: 46
4902: 46
4903: 46
4904: 46
4905: 46
4906: 46
4907: 46
4908: 46
4909: 46
4910: 46
4911: 46
4912: 46
4913: 46
4914: 46
4915: 46
4916: 46
4917: 46
4918: 46
4919: 46
4920: 46
4921: 46
4922: 46
4923: 46
4924: 46
4925: 46
4926: 46
4927: 46
4928: 46
4929: 46
4930: 46
4931: 46
4932: 46
4933: 46
4934: 46
4935: 46
4936: 46
4937: 46
4938: 46
4939: 46
4940: 46
4941: 46
4942: 46
4943: 46
4944: 46
4945: 46
4946: 46
4947: 46
4948: 46
4949: 46
4950: 46
4951: 46
4952: 46
4953: 46
4954: 46
4955: 46
4956: 46
4957: 46
4958: 46
4959: 46
4960: 46
4961: 46
4962: 46
4963: 46
4964: 46
4965: 46
4966: 46
4967: 46
4968: 46
4969: 46
4970: 46
4971: 46
4972: 46
4973: 46
4974: 46
4975: 46
4976: 46
4977: 46
4978: 46
4979: 46
4980: 46
4981: 46
4982: 46
4983: 46
4984: 46
4985: 46
4986: 46
4987: 46
4988: 46
4989: 46
4990: 46
4991: 46
4992: 46
4993: 46
4994: 46
4995: 46
4996: 46
4997: 46
4998: 46
4999: 46
5000: 46
5001: 46
5002: 46
5003: 46
5004: 46
5005: 46
5006: 46
5007: 46
5008: 46
5009: 46
5010: 46
5011: 46
5012: 46
5013: 46
5014: 46
5015: 46
5016: 46
5017: 46
5018: 46
5019: 46
5020: 46
5021: 46
5022: 46
5023: 46
5024: 46
5025: 46
5026: 46
5027: 46
5028: 46
5029: 46
5030: 46
5031: 46
5032: 46
5033: 46
5034: 46
5035: 46
5036: 46
5037: 46
5038: 46
5039: 46
5040: 46
5041: 46
5042: 46
5043: 46
5044: 46
5045: 46
5046: 46
5047: 46
5048: 46
5049: 46
5050: 46
5051: 46
5052: 46
5053: 46
5054: 46
5055: 46
5056: 46
5057: 46
5058: 46
5059: 46
5060: 46
5061: 46
5062: 46
5063: 46
5064: 46
5065: 46
5066: 46
5067: 46
5068: 46
5069: 46
5070: 46
5071: 46
5072: 46
5073: 46
5074: 46
5075: 46
5076: 46
5077: 46
5078: 46
5079: 46
5080: 46
5081: 46
5082: 46
5083: 46
5084: 46
5085: 46
5086: 46
5087: 46
5088: 46
5089: 46
5090: 46
5091: 46
5092: 46
5093: 46
5094: 46
5095: 46
5096: 46
5097: 46
5098: 46
5099: 46
5100: 46
5101: 46
5102: 46
5103: 47
5104: 47
5105: 47
5106: 47
5107: 47
5108: 47
5109: 47
5110: 47
5111: 47
5112: 47
5113: 47
5114: 47
5115: 47
5116: 47
5117: 47
5118: 47
5119: 47
5120: 47
5121: 47
5122: 47
5123: 47
5124: 47
5125: 47
5126: 47
5127: 47
5128: 47
5129: 47
5130: 47
5131: 47
5132: 47
5133: 47
5134: 47
5135: 47
5136: 47
5137: 47
5138: 47
5139: 47
5140: 47
5141: 47
5142: 47
5143: 47
5144: 47
5145: 47
5146: 47
5147: 47
5148: 47
5149: 47
5150: 47
5151: 47
5152: 47
5153: 47
5154: 47
5155: 47
5156: 47
5157: 47
5158: 47
5159: 47
5160: 47
5161: 47
5162: 47
5163: 47
5164: 47
5165: 47
5166: 47
5167: 47
5168: 47
5169: 47
5170: 47
5171: 47
5172: 47
5173: 47
5174: 47
5175: 47
5176: 47
5177: 47
5178: 47
5179: 47
5180: 47
5181: 47
5182: 47
5183: 47
5184: 47
5185: 47
5186: 47
5187: 47
5188: 47
5189: 47
5190: 47
5191: 47
5192: 47
5193: 47
5194: 47
5195: 47
5196: 47
5197: 47
5198: 47
5199: 47
5200: 47
5201: 47
5202: 47
5203: 47
5204: 47
5205: 47
5206: 47
5207: 47
5208: 47
5209: 47
5210: 47
5211: 47
5212: 47
5213: 47
5214: 47
5215: 47
5216: 47
5217: 47
5218: 47
5219: 47
5220: 47
5221: 47
5222: 47
5223: 47
5224: 47
5225: 47
5226: 47
5227: 47
5228: 47
5229: 47
5230: 47
5231: 47
5232: 47
5233: 47
5234: 47
5235: 47
5236: 47
5237: 47
5238: 47
5239: 47
5240: 47
5241: 47
5242: 47
5243: 47
5244: 47
5245: 47
5246: 47
5247: 47
5248: 47
5249: 47
5250: 47
5251: 47
5252: 47
5253: 47
5254: 47
5255: 47
5256: 47
5257: 47
5258: 47
5259: 47
5260: 47
5261: 47
5262: 47
5263: 47
5264: 47
5265: 47
5266: 47
5267: 47
5268: 47
5269: 47
5270: 47
5271: 47
5272: 47
5273: 47
5274: 47
5275: 47
5276: 47
5277: 47
5278: 47
5279: 47
5280: 47
5281: 47
5282: 47
5283: 47
5284: 47
5285: 47
5286: 47
5287: 47
5288: 47
5289: 47
5290: 47
5291: 47
5292: 47
5293: 47
5294: 47
5295: 47
5296: 47
5297: 47
5298: 47
5299: 47
5300: 47
5301: 47
5302: 47
5303: 47
5304: 47
5305: 47
5306: 47
5307: 47
5308: 47
5309: 47
5310: 47
5311: 47
5312: 47
5313: 47
5314: 47
5315: 47
5316: 47
5317: 47
5318: 47
5319: 47
5320: 47
5321: 47
5322: 47
5323: 47
5324: 47
5325: 47
5326: 47
5327: 47
5328: 47
5329: 47
5330: 47
5331: 47
5332: 47
5333: 47
5334: 47
5335: 47
5336: 47
5337: 47
5338: 47
5339: 47
5340: 47
5341: 47
5342: 47
5343: 47
5344: 47
5345: 47
5346: 47
5347: 47
5348: 47
5349: 47
5350: 47
5351: 47
5352: 47
5353: 47
5354: 47
5355: 47
5356: 47
5357: 47
5358: 47
5359: 47
5360: 47
5361: 47
5362: 47
5363: 47
5364: 47
5365: 47
5366: 47
5367: 47
5368: 47
5369: 47
5370: 47
5371: 47
5372: 47
5373: 47
5374: 47
5375: 47
5376: 47
5377: 47
5378: 47
5379: 47
5380: 47
5381: 47
5382: 47
5383: 47
5384: 47
5385: 47
5386: 47
5387: 47
5388: 47
5389: 47
5390: 47
5391: 47
5392: 47
5393: 47
5394: 47
5395: 47
5396: 47
5397: 47
5398: 47
5399: 47
5400: 47
5401: 47
5402: 47
5403: 47
5404: 47
5405: 47
5406: 47
5407: 47
5408: 47
5409: 47
5410: 47
5411: 47
5412: 47
5413: 47
5414: 47
5415: 47
5416: 47
5417: 47
5418: 47
5419: 47
5420: 47
5421: 47
5422: 47
5423: 47
5424: 47
5425: 47
5426: 47
5427: 47
5428: 47
5429: 47
5430: 47
5431: 47
5432: 47
5433: 47
5434: 47
5435: 47
5436: 47
5437: 47
5438: 47
5439: 47
5440: 47
5441: 47
5442: 47
5443: 47
5444: 47
5445: 47
5446: 47
5447: 47
5448: 47
5449: 47
5450: 47
5451: 47
5452: 47
5453: 47
5454: 47
5455: 47
5456: 47
5457: 47
5458: 47
5459: 47
5460: 47
5461: 47
5462: 47
5463: 47
5464: 47
5465: 47
5466: 47
5467: 47
5468: 47
5469: 47
5470: 47
5471: 47
5472: 47
5473: 47
5474: 47
5475: 47
5476: 47
5477: 47
5478: 47
5479: 47
5480: 47
5481: 47
5482: 47
5483: 47
5484: 47
5485: 47
5486: 47
5487: 47
5488: 47
5489: 47
5490: 47
5491: 47
5492: 47
5493: 47
5494: 47
5495: 47
5496: 47
5497: 47
5498: 47
5499: 47
5500: 47
5501: 47
5502: 47
5503: 47
5504: 47
5505: 47
5506: 47
5507: 47
5508: 47
5509: 47
5510: 47
5511: 47
5512: 47
5513: 47
5514: 47
5515: 47
5516: 47
5517: 47
5518: 47
5519: 47
5520: 47
5521: 47
5522: 47
5523: 47
5524: 47
5525: 47
5526: 47
5527: 47
5528: 47
5529: 47
5530: 47
5531: 47
5532: 47
5533: 47
5534: 47
5535: 47
5536: 47
5537: 47
5538: 47
5539: 47
5540: 47
5541: 47
5542: 47
5543: 47
5544: 47
5545: 47
5546: 47
5547: 47
5548: 47
5549: 47
5550: 47
5551: 47
5552: 47
5553: 47
5554: 47
5555: 47
5556: 47
5557: 47
5558: 47
5559: 47
5560: 47
5561: 47
5562: 47
5563: 47
5564: 47
5565: 47
5566: 47
5567: 47
5568: 47
5569: 47
5570: 47
5571: 47
5572: 47
5573: 47
5574: 47
5575: 47
5576: 47
5577: 47
5578: 47
5579: 47
5580: 47
5581: 47
5582: 47
5583: 47
5584: 47
5585: 47
5586: 47
5587: 47
5588: 47
5589: 47
5590: 47
5591: 47
5592: 47
5593: 47
5594: 47
5595: 47
5596: 47
5597: 47
5598: 47
5599: 47
5600: 47
5601: 47
5602: 47
5603: 47
5604: 47
5605: 47
5606: 47
5607: 47
5608: 47
5609: 47
5610: 47
5611: 47
5612: 47
5613: 47
5614: 47
5615: 47
5616: 47
5617: 47
5618: 47
5619: 47
5620: 47
5621: 47
5622: 47
5623: 47
5624: 47
5625: 47
5626: 47
5627: 47
5628: 47
5629: 47
5630: 47
5631: 47
5632: 47
5633: 47
5634: 47
5635: 47
5636: 47
5637: 47
5638: 47
5639: 47
5640: 47
5641: 47
5642: 47
5643: 47
5644: 47
5645: 47
5646: 47
5647: 47
5648: 47
5649: 47
5650: 47
5651: 47
5652: 47
5653: 47
5654: 47
5655: 47
5656: 47
5657: 47
5658: 47
5659: 47
5660: 47
5661: 47
5662: 47
5663: 47
5664: 47
5665: 47
5666: 47
5667: 47
5668: 47
5669: 47
5670: 47
5671: 47
5672: 47
5673: 47
5674: 47
5675: 47
5676: 47
5677: 47
5678: 47
5679: 47
5680: 47
5681: 47
5682: 47
5683: 47
5684: 47
5685: 47
5686: 47
5687: 47
5688: 47
5689: 47
5690: 47
5691: 47
5692: 47
5693: 47
5694: 47
5695: 47
5696: 47
5697: 47
5698: 47
5699: 47
5700: 47
5701: 47
5702: 47
5703: 47
5704: 47
5705: 47
5706: 47
5707: 47
5708: 47
5709: 47
5710: 47
5711: 47
5712: 47
5713: 47
5714: 47
5715: 47
5716: 47
5717: 47
5718: 47
5719: 47
5720: 47
5721: 47
5722: 47
5723: 47
5724: 47
5725: 47
5726: 47
5727: 47
5728: 47
5729: 47
5730: 47
5731: 47
5732: 47
5733: 47
5734: 47
5735: 47
5736: 47
5737: 47
5738: 47
5739: 47
5740: 47
5741: 47
5742: 47
5743: 47
5744: 47
5745: 47
5746: 47
5747: 47
5748: 47
5749: 47
5750: 47
5751: 47
5752: 47
5753: 47
5754: 47
5755: 47
5756: 47
5757: 47
5758: 47
5759: 47
5760: 47
5761: 47
5762: 47
5763: 47
5764: 47
5765: 47
5766: 47
5767: 47
5768: 47
5769: 47
5770: 47
5771: 47
5772: 47
5773: 47
5774: 47
5775: 47
5776: 47
5777: 47
5778: 47
5779: 47
5780: 47
5781: 47
5782: 47
5783: 47
5784: 47
5785: 47
5786: 47
5787: 47
5788: 47
5789: 47
5790: 47
5791: 47
5792: 47
5793: 47
5794: 47
5795: 47
5796: 47
5797: 47
5798: 47
5799: 47
5800: 47
5801: 47
5802: 47
5803: 47
5804: 47
5805: 47
5806: 47
5807: 47
5808: 47
5809: 47
5810: 47
5811: 47
5812: 47
5813: 47
5814: 47
5815: 47
5816: 47
5817: 47
5818: 47
5819: 47
5820: 47
5821: 47
5822: 47
5823: 47
5824: 47
5825: 47
5826: 47
5827: 47
5828: 47
5829: 47
5830: 47
5831: 47
5832: 47
5833: 47
5834: 47
5835: 47
5836: 47
5837: 47
5838: 47
5839: 47
5840: 47
5841: 47
5842: 47
5843: 47
5844: 47
5845: 47
5846: 47
5847: 47
5848: 47
5849: 47
5850: 47
5851: 47
5852: 47
5853: 47
5854: 47
5855: 47
5856: 47
5857: 47
5858: 47
5859: 47
5860: 47
5861: 47
5862: 47
5863: 47
5864: 47
5865: 47
5866: 47
5867: 47
5868: 47
5869: 47
5870: 47
5871: 47
5872: 47
5873: 47
5874: 47
5875: 47
5876: 47
5877: 47
5878: 47
5879: 47
5880: 47
5881: 47
5882: 47
5883: 47
5884: 47
5885: 47
5886: 47
5887: 47
5888: 47
5889: 47
5890: 47
5891: 47
5892: 47
5893: 47
5894: 47
5895: 47
5896: 47
5897: 47
5898: 47
5899: 47
5900: 47
5901: 47
5902: 47
5903: 47
5904: 47
5905: 47
5906: 47
5907: 47
5908: 47
5909: 47
5910: 47
5911: 47
5912: 47
5913: 47
5914: 47
5915: 47
5916: 47
5917: 47
5918: 47
5919: 47
5920: 47
5921: 47
5922: 47
5923: 47
5924: 47
5925: 47
5926: 47
5927: 47
5928: 47
5929: 47
5930: 47
5931: 47
5932: 47
5933: 47
5934: 47
5935: 47
5936: 47
5937: 47
5938: 47
5939: 47
5940: 47
5941: 47
5942: 47
5943: 47
5944: 47
5945: 47
5946: 47
5947: 47
5948: 47
5949: 47
5950: 47
5951: 47
5952: 47
5953: 47
5954: 47
5955: 47
5956: 47
5957: 47
5958: 47
5959: 47
5960: 47
5961: 47
5962: 47
5963: 47
5964: 47
5965: 47
5966: 47
5967: 47
5968: 47
5969: 47
5970: 47
5971: 47
5972: 47
5973: 47
5974: 47
5975: 47
5976: 47
5977: 47
5978: 47
5979: 47
5980: 47
5981: 47
5982: 47
5983: 47
5984: 47
5985: 47
5986: 47
5987: 47
5988: 47
5989: 47
5990: 47
5991: 47
5992: 47
5993: 47
5994: 47
5995: 47
5996: 47
5997: 47
5998: 47
5999: 47
6000: 47
6001: 47
6002: 47
6003: 47
6004: 47
6005: 47
6006: 47
6007: 47
6008: 47
6009: 47
6010: 47
6011: 47
6012: 47
6013: 47
6014: 47
6015: 47
6016: 47
6017: 47
6018: 47
6019: 47
6020: 47
6021: 47
6022: 47
6023: 47
6024: 47
6025: 47
6026: 47
6027: 47
6028: 47
6029: 47
6030: 47
6031: 47
6032: 47
6033: 47
6034: 47
6035: 47
6036: 47
6037: 47
6038: 47
6039: 47
6040: 48
6041: 48
6042: 48
6043: 48
6044: 48
6045: 48
6046: 48
6047: 48
6048: 48
6049: 48
6050: 48
6051: 48
6052: 48
6053: 48
6054: 48
6055: 48
6056: 48
6057: 48
6058: 48
6059: 48
6060: 48
6061: 48
6062: 48
6063: 48
6064: 48
6065: 48
6066: 48
6067: 48
6068: 48
6069: 48
6070: 48
6071: 48
6072: 48
6073: 48
6074: 48
6075: 48
6076: 48
6077: 48
6078: 48
6079: 48
6080: 48
6081: 48
6082: 48
6083: 48
6084: 48
6085: 48
6086: 48
6087: 48
6088: 48
6089: 48
6090: 48
6091: 48
6092: 48
6093: 48
6094: 48
6095: 48
6096: 48
6097: 48
6098: 48
6099: 48
6100: 48
6101: 48
6102: 48
6103: 48
6104: 48
6105: 48
6106: 48
6107: 48
6108: 48
6109: 48
6110: 48
6111: 48
6112: 48
6113: 48
6114: 48
6115: 48
6116: 48
6117: 48
6118: 48
6119: 48
6120: 48
6121: 48
6122: 48
6123: 48
6124: 48
6125: 48
6126: 48
6127: 48
6128: 48
6129: 48
6130: 48
6131: 48
6132: 48
6133: 48
6134: 48
6135: 48
6136: 48
6137: 48
6138: 48
6139: 48
6140: 48
6141: 48
6142: 48
6143: 48
6144: 48
6145: 48
6146: 48
6147: 48
6148: 48
6149: 48
6150: 48
6151: 48
6152: 48
6153: 48
6154: 48
6155: 48
6156: 48
6157: 48
6158: 48
6159: 48
6160: 48
6161: 48
6162: 48
6163: 48
6164: 48
6165: 48
6166: 48
6167: 48
6168: 48
6169: 48
6170: 48
6171: 48
6172: 48
6173: 48
6174: 48
6175: 48
6176: 48
6177: 48
6178: 48
6179: 48
6180: 48
6181: 48
6182: 48
6183: 48
6184: 48
6185: 48
6186: 48
6187: 48
6188: 48
6189: 48
6190: 48
6191: 48
6192: 48
6193: 48
6194: 48
6195: 48
6196: 48
6197: 48
6198: 48
6199: 48
6200: 48
6201: 48
6202: 48
6203: 48
6204: 48
6205: 48
6206: 48
6207: 48
6208: 48
6209: 48
6210: 48
6211: 48
6212: 48
6213: 48
6214: 48
6215: 48
6216: 48
6217: 48
6218: 48
6219: 48
6220: 48
6221: 48
6222: 48
6223: 48
6224: 48
6225: 48
6226: 48
6227: 48
6228: 48
6229: 48
6230: 48
6231: 48
6232: 48
6233: 48
6234: 48
6235: 48
6236: 48
6237: 48
6238: 48
6239: 48
6240: 48
6241: 48
6242: 48
6243: 48
6244: 48
6245: 48
6246: 48
6247: 48
6248: 48
6249: 48
6250: 48
6251: 48
6252: 48
6253: 48
6254: 48
6255: 48
6256: 48
6257: 48
6258: 48
6259: 48
6260: 48
6261: 48
6262: 48
6263: 48
6264: 48
6265: 48
6266: 48
6267: 48
6268: 48
6269: 48
6270: 48
6271: 48
6272: 48
6273: 48
6274: 48
6275: 48
6276: 48
6277: 48
6278: 48
6279: 48
6280: 48
6281: 48
6282: 48
6283: 48
6284: 48
6285: 48
6286: 48
6287: 48
6288: 48
6289: 48
6290: 48
6291: 48
6292: 48
6293: 48
6294: 48
6295: 48
6296: 48
6297: 48
6298: 48
6299: 48
6300: 48
6301: 48
6302: 48
6303: 48
6304: 48
6305: 48
6306: 48
6307: 48
6308: 48
6309: 48
6310: 48
6311: 48
6312: 48
6313: 48
6314: 48
6315: 48
6316: 48
6317: 48
6318: 48
6319: 48
6320: 48
6321: 48
6322: 48
6323: 48
6324: 48
6325: 48
6326: 48
6327: 48
6328: 48
6329: 48
6330: 48
6331: 48
6332: 48
6333: 48
6334: 48
6335: 48
6336: 48
6337: 48
6338: 48
6339: 48
6340: 48
6341: 48
6342: 48
6343: 48
6344: 48
6345: 48
6346: 48
6347: 48
6348: 48
6349: 48
6350: 48
6351: 48
6352: 48
6353: 48
6354: 48
6355: 48
6356: 48
6357: 48
6358: 48
6359: 48
6360: 48
6361: 48
6362: 48
6363: 48
6364: 48
6365: 48
6366: 48
6367: 48
6368: 48
6369: 48
6370: 48
6371: 48
6372: 48
6373: 48
6374: 48
6375: 48
6376: 48
6377: 48
6378: 48
6379: 48
6380: 48
6381: 48
6382: 48
6383: 48
6384: 48
6385: 48
6386: 48
6387: 48
6388: 48
6389: 48
6390: 48
6391: 48
6392: 48
6393: 48
6394: 48
6395: 48
6396: 48
6397: 48
6398: 48
6399: 48
6400: 48
6401: 48
6402: 48
6403: 48
6404: 48
6405: 48
6406: 48
6407: 48
6408: 48
6409: 48
6410: 48
6411: 48
6412: 48
6413: 48
6414: 48
6415: 48
6416: 48
6417: 48
6418: 48
6419: 48
6420: 48
6421: 48
6422: 48
6423: 48
6424: 48
6425: 48
6426: 48
6427: 48
6428: 48
6429: 48
6430: 48
6431: 48
6432: 48
6433: 48
6434: 48
6435: 48
6436: 48
6437: 48
6438: 48
6439: 48
6440: 48
6441: 48
6442: 48
6443: 48
6444: 48
6445: 48
6446: 48
6447: 48
6448: 48
6449: 48
6450: 48
6451: 48
6452: 48
6453: 48
6454: 48
6455: 48
6456: 48
6457: 48
6458: 48
6459: 48
6460: 48
6461: 48
6462: 48
6463: 48
6464: 48
6465: 48
6466: 48
6467: 48
6468: 48
6469: 48
6470: 48
6471: 48
6472: 48
6473: 48
6474: 48
6475: 48
6476: 48
6477: 48
6478: 48
6479: 48
6480: 48
6481: 48
6482: 48
6483: 48
6484: 48
6485: 48
6486: 48
6487: 48
6488: 48
6489: 48
6490: 48
6491: 48
6492: 48
6493: 48
6494: 48
6495: 48
6496: 48
6497: 48
6498: 48
6499: 48
6500: 48
6501: 48
6502: 48
6503: 48
6504: 48
6505: 48
6506: 48
6507: 48
6508: 48
6509: 48
6510: 48
6511: 48
6512: 48
6513: 48
6514: 48
6515: 48
6516: 48
6517: 48
6518: 48
6519: 48
6520: 48
6521: 48
6522: 48
6523: 48
6524: 48
6525: 48
6526: 48
6527: 48
6528: 48
6529: 48
6530: 48
6531: 48
6532: 48
6533: 48
6534: 48
6535: 48
6536: 48
6537: 48
6538: 48
6539: 48
6540: 48
6541: 48
6542: 48
6543: 48
6544: 48
6545: 48
6546: 48
6547: 48
6548: 48
6549: 48
6550: 48
6551: 48
6552: 48
6553: 48
6554: 48
6555: 48
6556: 48
6557: 48
6558: 48
6559: 48
6560: 48
6561: 48
6562: 48
6563: 48
6564: 48
6565: 48
6566: 48
6567: 48
6568: 48
6569: 48
6570: 48
6571: 48
6572: 48
6573: 48
6574: 48
6575: 48
6576: 48
6577: 48
6578: 48
6579: 48
6580: 48
6581: 48
6582: 48
6583: 48
6584: 48
6585: 48
6586: 48
6587: 48
6588: 48
6589: 48
6590: 48
6591: 48
6592: 48
6593: 48
6594: 48
6595: 48
6596: 48
6597: 48
6598: 48
6599: 48
6600: 48
6601: 48
6602: 48
6603: 48
6604: 48
6605: 48
6606: 48
6607: 48
6608: 48
6609: 48
6610: 48
6611: 48
6612: 48
6613: 48
6614: 48
6615: 48
6616: 48
6617: 48
6618: 48
6619: 48
6620: 48
6621: 48
6622: 48
6623: 48
6624: 48
6625: 48
6626: 48
6627: 48
6628: 48
6629: 48
6630: 48
6631: 48
6632: 48
6633: 48
6634: 48
6635: 48
6636: 48
6637: 48
6638: 48
6639: 48
6640: 48
6641: 48
6642: 48
6643: 48
6644: 48
6645: 48
6646: 48
6647: 48
6648: 48
6649: 48
6650: 48
6651: 48
6652: 48
6653: 48
6654: 48
6655: 48
6656: 48
6657: 48
6658: 48
6659: 48
6660: 48
6661: 48
6662: 48
6663: 48
6664: 48
6665: 48
6666: 48
6667: 48
6668: 48
6669: 48
6670: 48
6671: 48
6672: 48
6673: 48
6674: 48
6675: 48
6676: 48
6677: 48
6678: 48
6679: 48
6680: 48
6681: 48
6682: 48
6683: 48
6684: 48
6685: 48
6686: 48
6687: 48
6688: 48
6689: 48
6690: 48
6691: 48
6692: 48
6693: 48
6694: 48
6695: 48
6696: 48
6697: 48
6698: 48
6699: 48
6700: 48
6701: 48
6702: 48
6703: 48
6704: 48
6705: 48
6706: 48
6707: 48
6708: 48
6709: 48
6710: 48
6711: 48
6712: 48
6713: 48
6714: 48
6715: 48
6716: 48
6717: 48
6718: 48
6719: 48
6720: 48
6721: 48
6722: 48
6723: 48
6724: 48
6725: 48
6726: 48
6727: 48
6728: 48
6729: 48
6730: 48
6731: 48
6732: 48
6733: 48
6734: 48
6735: 48
6736: 48
6737: 48
6738: 48
6739: 48
6740: 48
6741: 48
6742: 48
6743: 48
6744: 48
6745: 48
6746: 48
6747: 48
6748: 48
6749: 48
6750: 48
6751: 48
6752: 48
6753: 48
6754: 48
6755: 48
6756: 48
6757: 48
6758: 48
6759: 48
6760: 48
6761: 48
6762: 48
6763: 48
6764: 48
6765: 48
6766: 48
6767: 48
6768: 48
6769: 48
6770: 48
6771: 48
6772: 48
6773: 48
6774: 48
6775: 48
6776: 48
6777: 48
6778: 48
6779: 48
6780: 48
6781: 48
6782: 48
6783: 48
6784: 48
6785: 48
6786: 48
6787: 48
6788: 48
6789: 48
6790: 48
6791: 48
6792: 48
6793: 48
6794: 48
6795: 48
6796: 48
6797: 48
6798: 48
6799: 48
6800: 48
6801: 48
6802: 48
6803: 48
6804: 48
6805: 48
6806: 48
6807: 48
6808: 48
6809: 48
6810: 48
6811: 48
6812: 48
6813: 48
6814: 48
6815: 48
6816: 48
6817: 48
6818: 48
6819: 48
6820: 48
6821: 48
6822: 48
6823: 48
6824: 48
6825: 48
6826: 48
6827: 48
6828: 48
6829: 48
6830: 48
6831: 48
6832: 48
6833: 48
6834: 48
6835: 48
6836: 48
6837: 48
6838: 48
6839: 48
6840: 48
6841: 48
6842: 48
6843: 48
6844: 48
6845: 48
6846: 48
6847: 48
6848: 48
6849: 48
6850: 48
6851: 48
6852: 48
6853: 48
6854: 48
6855: 48
6856: 48
6857: 48
6858: 48
6859: 48
6860: 48
6861: 48
6862: 48
6863: 48
6864: 48
6865: 48
6866: 48
6867: 48
6868: 48
6869: 48
6870: 48
6871: 48
6872: 48
6873: 48
6874: 48
6875: 48
6876: 48
6877: 48
6878: 48
6879: 48
6880: 48
6881: 48
6882: 48
6883: 48
6884: 48
6885: 48
6886: 48
6887: 48
6888: 48
6889: 48
6890: 48
6891: 48
6892: 48
6893: 48
6894: 48
6895: 48
6896: 48
6897: 48
6898: 48
6899: 48
6900: 48
6901: 48
6902: 48
6903: 48
6904: 48
6905: 48
6906: 48
6907: 48
6908: 48
6909: 48
6910: 48
6911: 48
6912: 48
6913: 48
6914: 48
6915: 48
6916: 48
6917: 48
6918: 48
6919: 48
6920: 48
6921: 48
6922: 48
6923: 48
6924: 48
6925: 48
6926: 48
6927: 48
6928: 48
6929: 48
6930: 48
6931: 48
6932: 48
6933: 48
6934: 48
6935: 48
6936: 48
6937: 48
6938: 48
6939: 48
6940: 48
6941: 48
6942: 48
6943: 48
6944: 48
6945: 48
6946: 48
6947: 48
6948: 48
6949: 48
6950: 48
6951: 48
6952: 48
6953: 48
6954: 48
6955: 48
6956: 48
6957: 48
6958: 48
6959: 48
6960: 48
6961: 48
6962: 48
6963: 48
6964: 48
6965: 48
6966: 48
6967: 48
6968: 48
6969: 48
6970: 48
6971: 48
6972: 48
6973: 48
6974: 48
6975: 48
6976: 48
6977: 48
6978: 48
6979: 48
6980: 48
6981: 48
6982: 48
6983: 48
6984: 48
6985: 48
6986: 48
6987: 48
6988: 48
6989: 48
6990: 48
6991: 48
6992: 48
6993: 48
6994: 48
6995: 48
6996: 48
6997: 48
6998: 48
6999: 48
7000: 48
7001: 48
7002: 48
7003: 48
7004: 48
7005: 48
7006: 48
7007: 48
7008: 48
7009: 48
7010: 48
7011: 48
7012: 48
7013: 48
7014: 48
7015: 48
7016: 48
7017: 48
7018: 48
7019: 48
7020: 48
7021: 48
7022: 48
7023: 48
7024: 48
7025: 48
7026: 48
7027: 48
7028: 48
7029: 48
7030: 48
7031: 48
7032: 48
7033: 48
7034: 48
7035: 48
7036: 48
7037: 48
7038: 48
7039: 48
7040: 48
7041: 48
7042: 48
7043: 48
7044: 48
7045: 48
7046: 48
7047: 48
7048: 48
7049: 48
7050: 48
7051: 48
7052: 48
7053: 48
7054: 48
7055: 48
7056: 48
7057: 48
7058: 48
7059: 48
7060: 48
7061: 48
7062: 48
7063: 48
7064: 48
7065: 48
7066: 48
7067: 48
7068: 48
7069: 48
7070: 48
7071: 48
7072: 48
7073: 48
7074: 48
7075: 48
7076: 48
7077: 48
7078: 48
7079: 48
7080: 48
7081: 48
7082: 48
7083: 48
7084: 48
7085: 48
7086: 48
7087: 48
7088: 48
7089: 48
7090: 48
7091: 48
7092: 48
7093: 48
7094: 48
7095: 48
7096: 48
7097: 48
7098: 48
7099: 48
7100: 48
7101: 48
7102: 48
7103: 48
7104: 48
7105: 48
7106: 48
7107: 48
7108: 48
7109: 48
7110: 48
7111: 48
7112: 48
7113: 48
7114: 48
7115: 48
7116: 48
7117: 48
7118: 48
7119: 48
7120: 48
7121: 48
7122: 48
7123: 48
7124: 48
7125: 48
7126: 48
7127: 48
7128: 48
7129: 48
7130: 48
7131: 48
7132: 48
7133: 48
7134: 48
7135: 48
7136: 48
7137: 48
7138: 48
7139: 48
7140: 48
7141: 48
7142: 48
7143: 48
7144: 49
7145: 49
7146: 49
7147: 49
7148: 49
7149: 49
7150: 49
7151: 49
7152: 49
7153: 49
7154: 49
7155: 49
7156: 49
7157: 49
7158: 49
7159: 49
7160: 49
7161: 49
7162: 49
7163: 49
7164: 49
7165: 49
7166: 49
7167: 49
7168: 49
7169: 49
7170: 49
7171: 49
7172: 49
7173: 49
7174: 49
7175: 49
7176: 49
7177: 49
7178: 49
7179: 49
7180: 49
7181: 49
7182: 49
7183: 49
7184: 49
7185: 49
7186: 49
7187: 49
7188: 49
7189: 49
7190: 49
7191: 49
7192: 49
7193: 49
7194: 49
7195: 49
7196: 49
7197: 49
7198: 49
7199: 49
7200: 49
7201: 49
7202: 49
7203: 49
7204: 49
7205: 49
7206: 49
7207: 49
7208: 49
7209: 49
7210: 49
7211: 49
7212: 49
7213: 49
7214: 49
7215: 49
7216: 49
7217: 49
7218: 49
7219: 49
7220: 49
7221: 49
7222: 49
7223: 49
7224: 49
7225: 49
7226: 49
7227: 49
7228: 49
7229: 49
7230: 49
7231: 49
7232: 49
7233: 49
7234: 49
7235: 49
7236: 49
7237: 49
7238: 49
7239: 49
7240: 49
7241: 49
7242: 49
7243: 49
7244: 49
7245: 49
7246: 49
7247: 49
7248: 49
7249: 49
7250: 49
7251: 49
7252: 49
7253: 49
7254: 49
7255: 49
7256: 49
7257: 49
7258: 49
7259: 49
7260: 49
7261: 49
7262: 49
7263: 49
7264: 49
7265: 49
7266: 49
7267: 49
7268: 49
7269: 49
7270: 49
7271: 49
7272: 49
7273: 49
7274: 49
7275: 49
7276: 49
7277: 49
7278: 49
7279: 49
7280: 49
7281: 49
7282: 49
7283: 49
7284: 49
7285: 49
7286: 49
7287: 49
7288: 49
7289: 49
7290: 49
7291: 49
7292: 49
7293: 49
7294: 49
7295: 49
7296: 49
7297: 49
7298: 49
7299: 49
7300: 49
7301: 49
7302: 49
7303: 49
7304: 49
7305: 49
7306: 49
7307: 49
7308: 49
7309: 49
7310: 49
7311: 49
7312: 49
7313: 49
7314: 49
7315: 49
7316: 49
7317: 49
7318: 49
7319: 49
7320: 49
7321: 49
7322: 49
7323: 49
7324: 49
7325: 49
7326: 49
7327: 49
7328: 49
7329: 49
7330: 49
7331: 49
7332: 49
7333: 49
7334: 49
7335: 49
7336: 49
7337: 49
7338: 49
7339: 49
7340: 49
7341: 49
7342: 49
7343: 49
7344: 49
7345: 49
7346: 49
7347: 49
7348: 49
7349: 49
7350: 49
7351: 49
7352: 49
7353: 49
7354: 49
7355: 49
7356: 49
7357: 49
7358: 49
7359: 49
7360: 49
7361: 49
7362: 49
7363: 49
7364: 49
7365: 49
7366: 49
7367: 49
7368: 49
7369: 49
7370: 49
7371: 49
7372: 49
7373: 49
7374: 49
7375: 49
7376: 49
7377: 49
7378: 49
7379: 49
7380: 49
7381: 49
7382: 49
7383: 49
7384: 49
7385: 49
7386: 49
7387: 49
7388: 49
7389: 49
7390: 49
7391: 49
7392: 49
7393: 49
7394: 49
7395: 49
7396: 49
7397: 49
7398: 49
7399: 49
7400: 49
7401: 49
7402: 49
7403: 49
7404: 49
7405: 49
7406: 49
7407: 49
7408: 49
7409: 49
7410: 49
7411: 49
